running egg_info
creating ../../build/open01_bringup/open01_bringup.egg-info
writing ../../build/open01_bringup/open01_bringup.egg-info/PKG-INFO
writing dependency_links to ../../build/open01_bringup/open01_bringup.egg-info/dependency_links.txt
writing entry points to ../../build/open01_bringup/open01_bringup.egg-info/entry_points.txt
writing requirements to ../../build/open01_bringup/open01_bringup.egg-info/requires.txt
writing top-level names to ../../build/open01_bringup/open01_bringup.egg-info/top_level.txt
writing manifest file '../../build/open01_bringup/open01_bringup.egg-info/SOURCES.txt'
reading manifest file '../../build/open01_bringup/open01_bringup.egg-info/SOURCES.txt'
writing manifest file '../../build/open01_bringup/open01_bringup.egg-info/SOURCES.txt'
running build
running build_py
creating /home/open01/open-01/robot_ros2/ros2_ws/build/open01_bringup/build
creating /home/open01/open-01/robot_ros2/ros2_ws/build/open01_bringup/build/lib
creating /home/open01/open-01/robot_ros2/ros2_ws/build/open01_bringup/build/lib/open01_bringup
copying open01_bringup/__init__.py -> /home/open01/open-01/robot_ros2/ros2_ws/build/open01_bringup/build/lib/open01_bringup
running install
running install_lib
creating /home/open01/open-01/robot_ros2/ros2_ws/install/open01_bringup/lib/python3.10/site-packages/open01_bringup
copying /home/open01/open-01/robot_ros2/ros2_ws/build/open01_bringup/build/lib/open01_bringup/__init__.py -> /home/open01/open-01/robot_ros2/ros2_ws/install/open01_bringup/lib/python3.10/site-packages/open01_bringup
byte-compiling /home/open01/open-01/robot_ros2/ros2_ws/install/open01_bringup/lib/python3.10/site-packages/open01_bringup/__init__.py to __init__.cpython-310.pyc
running install_data
creating /home/open01/open-01/robot_ros2/ros2_ws/install/open01_bringup/share/ament_index
creating /home/open01/open-01/robot_ros2/ros2_ws/install/open01_bringup/share/ament_index/resource_index
creating /home/open01/open-01/robot_ros2/ros2_ws/install/open01_bringup/share/ament_index/resource_index/packages
copying resource/open01_bringup -> /home/open01/open-01/robot_ros2/ros2_ws/install/open01_bringup/share/ament_index/resource_index/packages
copying package.xml -> /home/open01/open-01/robot_ros2/ros2_ws/install/open01_bringup/share/open01_bringup
creating /home/open01/open-01/robot_ros2/ros2_ws/install/open01_bringup/share/open01_bringup/launch
copying launch/bringup.launch.py -> /home/open01/open-01/robot_ros2/ros2_ws/install/open01_bringup/share/open01_bringup/launch
running install_egg_info
Copying ../../build/open01_bringup/open01_bringup.egg-info to /home/open01/open-01/robot_ros2/ros2_ws/install/open01_bringup/lib/python3.10/site-packages/open01_bringup-0.1.0-py3.10.egg-info
running install_scripts
writing list of installed files to '/home/open01/open-01/robot_ros2/ros2_ws/build/open01_bringup/install.log'
