[7.365s] Invoking command in '/home/open01/open-01/robot_ros2/ros2_ws/src/open01_bringup': AMENT_PREFIX_PATH=/home/open01/open-01/robot_ros2/ros2_ws/install/open01_serial_bridge:${AMENT_PREFIX_PATH} PS1=\[\e]0;\u@\h: \w\a\]${debian_chroot:+($debian_chroot)}\[\033[01;32m\]\u@\h\[\033[00m\]:\[\033[01;34m\]\w\[\033[00m\]\$ PYTHONPATH=/home/open01/open-01/robot_ros2/ros2_ws/build/open01_bringup/prefix_override:/usr/lib/python3/dist-packages/colcon_core/task/python/colcon_distutils_commands:/home/open01/open-01/robot_ros2/ros2_ws/install/open01_bringup/lib/python3.10/site-packages:/home/open01/open-01/robot_ros2/ros2_ws/install/open01_serial_bridge/lib/python3.10/site-packages:${PYTHONPATH} /usr/bin/python3 -W ignore:setup.py install is deprecated -W ignore:easy_install command is deprecated setup.py egg_info --egg-base ../../build/open01_bringup build --build-base /home/open01/open-01/robot_ros2/ros2_ws/build/open01_bringup/build install --record /home/open01/open-01/robot_ros2/ros2_ws/build/open01_bringup/install.log --single-version-externally-managed install_data
[10.187s] running egg_info
[10.193s] creating ../../build/open01_bringup/open01_bringup.egg-info
[10.194s] writing ../../build/open01_bringup/open01_bringup.egg-info/PKG-INFO
[10.197s] writing dependency_links to ../../build/open01_bringup/open01_bringup.egg-info/dependency_links.txt
[10.199s] writing entry points to ../../build/open01_bringup/open01_bringup.egg-info/entry_points.txt
[10.200s] writing requirements to ../../build/open01_bringup/open01_bringup.egg-info/requires.txt
[10.201s] writing top-level names to ../../build/open01_bringup/open01_bringup.egg-info/top_level.txt
[10.204s] writing manifest file '../../build/open01_bringup/open01_bringup.egg-info/SOURCES.txt'
[10.222s] reading manifest file '../../build/open01_bringup/open01_bringup.egg-info/SOURCES.txt'
[10.233s] writing manifest file '../../build/open01_bringup/open01_bringup.egg-info/SOURCES.txt'
[10.234s] running build
[10.236s] running build_py
[10.238s] creating /home/open01/open-01/robot_ros2/ros2_ws/build/open01_bringup/build
[10.239s] creating /home/open01/open-01/robot_ros2/ros2_ws/build/open01_bringup/build/lib
[10.240s] creating /home/open01/open-01/robot_ros2/ros2_ws/build/open01_bringup/build/lib/open01_bringup
[10.241s] copying open01_bringup/__init__.py -> /home/open01/open-01/robot_ros2/ros2_ws/build/open01_bringup/build/lib/open01_bringup
[10.242s] running install
[10.244s] running install_lib
[10.251s] creating /home/open01/open-01/robot_ros2/ros2_ws/install/open01_bringup/lib/python3.10/site-packages/open01_bringup
[10.252s] copying /home/open01/open-01/robot_ros2/ros2_ws/build/open01_bringup/build/lib/open01_bringup/__init__.py -> /home/open01/open-01/robot_ros2/ros2_ws/install/open01_bringup/lib/python3.10/site-packages/open01_bringup
[10.258s] byte-compiling /home/open01/open-01/robot_ros2/ros2_ws/install/open01_bringup/lib/python3.10/site-packages/open01_bringup/__init__.py to __init__.cpython-310.pyc
[10.260s] running install_data
[10.262s] creating /home/open01/open-01/robot_ros2/ros2_ws/install/open01_bringup/share/ament_index
[10.264s] creating /home/open01/open-01/robot_ros2/ros2_ws/install/open01_bringup/share/ament_index/resource_index
[10.265s] creating /home/open01/open-01/robot_ros2/ros2_ws/install/open01_bringup/share/ament_index/resource_index/packages
[10.266s] copying resource/open01_bringup -> /home/open01/open-01/robot_ros2/ros2_ws/install/open01_bringup/share/ament_index/resource_index/packages
[10.268s] copying package.xml -> /home/open01/open-01/robot_ros2/ros2_ws/install/open01_bringup/share/open01_bringup
[10.269s] creating /home/open01/open-01/robot_ros2/ros2_ws/install/open01_bringup/share/open01_bringup/launch
[10.271s] copying launch/bringup.launch.py -> /home/open01/open-01/robot_ros2/ros2_ws/install/open01_bringup/share/open01_bringup/launch
[10.272s] running install_egg_info
[10.289s] Copying ../../build/open01_bringup/open01_bringup.egg-info to /home/open01/open-01/robot_ros2/ros2_ws/install/open01_bringup/lib/python3.10/site-packages/open01_bringup-0.1.0-py3.10.egg-info
[10.303s] running install_scripts
[10.503s] writing list of installed files to '/home/open01/open-01/robot_ros2/ros2_ws/build/open01_bringup/install.log'
[10.788s] Invoked command in '/home/open01/open-01/robot_ros2/ros2_ws/src/open01_bringup' returned '0': AMENT_PREFIX_PATH=/home/open01/open-01/robot_ros2/ros2_ws/install/open01_serial_bridge:${AMENT_PREFIX_PATH} PS1=\[\e]0;\u@\h: \w\a\]${debian_chroot:+($debian_chroot)}\[\033[01;32m\]\u@\h\[\033[00m\]:\[\033[01;34m\]\w\[\033[00m\]\$ PYTHONPATH=/home/open01/open-01/robot_ros2/ros2_ws/build/open01_bringup/prefix_override:/usr/lib/python3/dist-packages/colcon_core/task/python/colcon_distutils_commands:/home/open01/open-01/robot_ros2/ros2_ws/install/open01_bringup/lib/python3.10/site-packages:/home/open01/open-01/robot_ros2/ros2_ws/install/open01_serial_bridge/lib/python3.10/site-packages:${PYTHONPATH} /usr/bin/python3 -W ignore:setup.py install is deprecated -W ignore:easy_install command is deprecated setup.py egg_info --egg-base ../../build/open01_bringup build --build-base /home/open01/open-01/robot_ros2/ros2_ws/build/open01_bringup/build install --record /home/open01/open-01/robot_ros2/ros2_ws/build/open01_bringup/install.log --single-version-externally-managed install_data
