[1.003s] DEBUG:colcon:Command line arguments: ['/usr/bin/colcon', 'build', '--packages-select', 'open01_serial_bridge', 'open01_bringup', '--symlink-install']
[1.004s] DEBUG:colcon:Parsed command line arguments: Namespace(log_base=None, log_level=None, verb_name='build', build_base='build', install_base='install', merge_install=False, symlink_install=True, test_result_base=None, continue_on_error=False, executor='parallel', parallel_workers=4, event_handlers=None, ignore_user_meta=False, metas=['./colcon.meta'], base_paths=['.'], packages_ignore=None, packages_ignore_regex=None, paths=None, packages_up_to=None, packages_up_to_regex=None, packages_above=None, packages_above_and_dependencies=None, packages_above_depth=None, packages_select_by_dep=None, packages_skip_by_dep=None, packages_skip_up_to=None, packages_select_build_failed=False, packages_skip_build_finished=False, packages_select_test_failures=False, packages_skip_test_passed=False, packages_select=['open01_serial_bridge', 'open01_bringup'], packages_skip=None, packages_select_regex=None, packages_skip_regex=None, packages_start=None, packages_end=None, allow_overriding=[], cmake_args=None, cmake_target=None, cmake_target_skip_unavailable=False, cmake_clean_cache=False, cmake_clean_first=False, cmake_force_configure=False, ament_cmake_args=None, catkin_cmake_args=None, catkin_skip_building_tests=False, verb_parser=<colcon_defaults.argument_parser.defaults.DefaultArgumentsDecorator object at 0xffffa7979e80>, verb_extension=<colcon_core.verb.build.BuildVerb object at 0xffffa8514cb0>, main=<bound method BuildVerb.main of <colcon_core.verb.build.BuildVerb object at 0xffffa8514cb0>>)
[1.392s] Level 1:colcon.colcon_core.package_discovery:discover_packages(colcon_meta) check parameters
[1.393s] Level 1:colcon.colcon_core.package_discovery:discover_packages(recursive) check parameters
[1.393s] Level 1:colcon.colcon_core.package_discovery:discover_packages(ignore) check parameters
[1.393s] Level 1:colcon.colcon_core.package_discovery:discover_packages(path) check parameters
[1.394s] Level 1:colcon.colcon_core.package_discovery:discover_packages(colcon_meta) discover
[1.394s] Level 1:colcon.colcon_core.package_discovery:discover_packages(recursive) discover
[1.394s] INFO:colcon.colcon_core.package_discovery:Crawling recursively for packages in '/home/ubuntu/open-01/robot_ros2/ros2_ws'
[1.395s] Level 1:colcon.colcon_core.package_identification:_identify(.) by extensions ['ignore', 'ignore_ament_install']
[1.396s] Level 1:colcon.colcon_core.package_identification:_identify(.) by extension 'ignore'
[1.397s] Level 1:colcon.colcon_core.package_identification:_identify(.) by extension 'ignore_ament_install'
[1.397s] Level 1:colcon.colcon_core.package_identification:_identify(.) by extensions ['colcon_pkg']
[1.397s] Level 1:colcon.colcon_core.package_identification:_identify(.) by extension 'colcon_pkg'
[1.398s] Level 1:colcon.colcon_core.package_identification:_identify(.) by extensions ['colcon_meta']
[1.398s] Level 1:colcon.colcon_core.package_identification:_identify(.) by extension 'colcon_meta'
[1.398s] Level 1:colcon.colcon_core.package_identification:_identify(.) by extensions ['ros']
[1.398s] Level 1:colcon.colcon_core.package_identification:_identify(.) by extension 'ros'
[1.634s] Level 1:colcon.colcon_core.package_identification:_identify(.) by extensions ['cmake', 'python']
[1.635s] Level 1:colcon.colcon_core.package_identification:_identify(.) by extension 'cmake'
[1.635s] Level 1:colcon.colcon_core.package_identification:_identify(.) by extension 'python'
[1.636s] Level 1:colcon.colcon_core.package_identification:_identify(.) by extensions ['python_setup_py']
[1.636s] Level 1:colcon.colcon_core.package_identification:_identify(.) by extension 'python_setup_py'
[1.637s] Level 1:colcon.colcon_core.package_identification:_identify(build) by extensions ['ignore', 'ignore_ament_install']
[1.638s] Level 1:colcon.colcon_core.package_identification:_identify(build) by extension 'ignore'
[1.638s] Level 1:colcon.colcon_core.package_identification:_identify(build) ignored
[1.640s] Level 1:colcon.colcon_core.package_identification:_identify(install) by extensions ['ignore', 'ignore_ament_install']
[1.641s] Level 1:colcon.colcon_core.package_identification:_identify(install) by extension 'ignore'
[1.641s] Level 1:colcon.colcon_core.package_identification:_identify(install) ignored
[1.642s] Level 1:colcon.colcon_core.package_identification:_identify(log) by extensions ['ignore', 'ignore_ament_install']
[1.643s] Level 1:colcon.colcon_core.package_identification:_identify(log) by extension 'ignore'
[1.643s] Level 1:colcon.colcon_core.package_identification:_identify(log) ignored
[1.644s] Level 1:colcon.colcon_core.package_identification:_identify(src) by extensions ['ignore', 'ignore_ament_install']
[1.645s] Level 1:colcon.colcon_core.package_identification:_identify(src) by extension 'ignore'
[1.645s] Level 1:colcon.colcon_core.package_identification:_identify(src) by extension 'ignore_ament_install'
[1.646s] Level 1:colcon.colcon_core.package_identification:_identify(src) by extensions ['colcon_pkg']
[1.646s] Level 1:colcon.colcon_core.package_identification:_identify(src) by extension 'colcon_pkg'
[1.647s] Level 1:colcon.colcon_core.package_identification:_identify(src) by extensions ['colcon_meta']
[1.647s] Level 1:colcon.colcon_core.package_identification:_identify(src) by extension 'colcon_meta'
[1.647s] Level 1:colcon.colcon_core.package_identification:_identify(src) by extensions ['ros']
[1.647s] Level 1:colcon.colcon_core.package_identification:_identify(src) by extension 'ros'
[1.648s] Level 1:colcon.colcon_core.package_identification:_identify(src) by extensions ['cmake', 'python']
[1.648s] Level 1:colcon.colcon_core.package_identification:_identify(src) by extension 'cmake'
[1.649s] Level 1:colcon.colcon_core.package_identification:_identify(src) by extension 'python'
[1.649s] Level 1:colcon.colcon_core.package_identification:_identify(src) by extensions ['python_setup_py']
[1.650s] Level 1:colcon.colcon_core.package_identification:_identify(src) by extension 'python_setup_py'
[1.651s] Level 1:colcon.colcon_core.package_identification:_identify(src/open01_bringup) by extensions ['ignore', 'ignore_ament_install']
[1.652s] Level 1:colcon.colcon_core.package_identification:_identify(src/open01_bringup) by extension 'ignore'
[1.652s] Level 1:colcon.colcon_core.package_identification:_identify(src/open01_bringup) by extension 'ignore_ament_install'
[1.653s] Level 1:colcon.colcon_core.package_identification:_identify(src/open01_bringup) by extensions ['colcon_pkg']
[1.653s] Level 1:colcon.colcon_core.package_identification:_identify(src/open01_bringup) by extension 'colcon_pkg'
[1.654s] Level 1:colcon.colcon_core.package_identification:_identify(src/open01_bringup) by extensions ['colcon_meta']
[1.654s] Level 1:colcon.colcon_core.package_identification:_identify(src/open01_bringup) by extension 'colcon_meta'
[1.654s] Level 1:colcon.colcon_core.package_identification:_identify(src/open01_bringup) by extensions ['ros']
[1.654s] Level 1:colcon.colcon_core.package_identification:_identify(src/open01_bringup) by extension 'ros'
[1.682s] DEBUG:colcon.colcon_core.package_identification:Package 'src/open01_bringup' with type 'ros.ament_python' and name 'open01_bringup'
[1.683s] Level 1:colcon.colcon_core.package_identification:_identify(src/open01_serial_bridge) by extensions ['ignore', 'ignore_ament_install']
[1.684s] Level 1:colcon.colcon_core.package_identification:_identify(src/open01_serial_bridge) by extension 'ignore'
[1.684s] Level 1:colcon.colcon_core.package_identification:_identify(src/open01_serial_bridge) by extension 'ignore_ament_install'
[1.685s] Level 1:colcon.colcon_core.package_identification:_identify(src/open01_serial_bridge) by extensions ['colcon_pkg']
[1.685s] Level 1:colcon.colcon_core.package_identification:_identify(src/open01_serial_bridge) by extension 'colcon_pkg'
[1.686s] Level 1:colcon.colcon_core.package_identification:_identify(src/open01_serial_bridge) by extensions ['colcon_meta']
[1.686s] Level 1:colcon.colcon_core.package_identification:_identify(src/open01_serial_bridge) by extension 'colcon_meta'
[1.686s] Level 1:colcon.colcon_core.package_identification:_identify(src/open01_serial_bridge) by extensions ['ros']
[1.687s] Level 1:colcon.colcon_core.package_identification:_identify(src/open01_serial_bridge) by extension 'ros'
[1.691s] DEBUG:colcon.colcon_core.package_identification:Package 'src/open01_serial_bridge' with type 'ros.ament_python' and name 'open01_serial_bridge'
[1.691s] Level 1:colcon.colcon_core.package_discovery:discover_packages(recursive) using defaults
[1.692s] Level 1:colcon.colcon_core.package_discovery:discover_packages(ignore) discover
[1.692s] Level 1:colcon.colcon_core.package_discovery:discover_packages(ignore) using defaults
[1.692s] Level 1:colcon.colcon_core.package_discovery:discover_packages(path) discover
[1.692s] Level 1:colcon.colcon_core.package_discovery:discover_packages(path) using defaults
[1.847s] Level 1:colcon.colcon_core.package_discovery:discover_packages(prefix_path) check parameters
[1.847s] Level 1:colcon.colcon_core.package_discovery:discover_packages(prefix_path) discover
[1.874s] DEBUG:colcon.colcon_installed_package_information.package_discovery:Found 196 installed packages in /opt/ros/jazzy
[1.880s] Level 1:colcon.colcon_core.package_discovery:discover_packages(prefix_path) using defaults
[2.219s] Level 5:colcon.colcon_core.verb:set package 'open01_serial_bridge' build argument 'cmake_args' from command line to 'None'
[2.219s] Level 5:colcon.colcon_core.verb:set package 'open01_serial_bridge' build argument 'cmake_target' from command line to 'None'
[2.219s] Level 5:colcon.colcon_core.verb:set package 'open01_serial_bridge' build argument 'cmake_target_skip_unavailable' from command line to 'False'
[2.220s] Level 5:colcon.colcon_core.verb:set package 'open01_serial_bridge' build argument 'cmake_clean_cache' from command line to 'False'
[2.220s] Level 5:colcon.colcon_core.verb:set package 'open01_serial_bridge' build argument 'cmake_clean_first' from command line to 'False'
[2.220s] Level 5:colcon.colcon_core.verb:set package 'open01_serial_bridge' build argument 'cmake_force_configure' from command line to 'False'
[2.220s] Level 5:colcon.colcon_core.verb:set package 'open01_serial_bridge' build argument 'ament_cmake_args' from command line to 'None'
[2.220s] Level 5:colcon.colcon_core.verb:set package 'open01_serial_bridge' build argument 'catkin_cmake_args' from command line to 'None'
[2.220s] Level 5:colcon.colcon_core.verb:set package 'open01_serial_bridge' build argument 'catkin_skip_building_tests' from command line to 'False'
[2.221s] DEBUG:colcon.colcon_core.verb:Building package 'open01_serial_bridge' with the following arguments: {'ament_cmake_args': None, 'build_base': '/home/ubuntu/open-01/robot_ros2/ros2_ws/build/open01_serial_bridge', 'catkin_cmake_args': None, 'catkin_skip_building_tests': False, 'cmake_args': None, 'cmake_clean_cache': False, 'cmake_clean_first': False, 'cmake_force_configure': False, 'cmake_target': None, 'cmake_target_skip_unavailable': False, 'install_base': '/home/ubuntu/open-01/robot_ros2/ros2_ws/install/open01_serial_bridge', 'merge_install': False, 'path': '/home/ubuntu/open-01/robot_ros2/ros2_ws/src/open01_serial_bridge', 'symlink_install': True, 'test_result_base': None}
[2.223s] Level 5:colcon.colcon_core.verb:set package 'open01_bringup' build argument 'cmake_args' from command line to 'None'
[2.224s] Level 5:colcon.colcon_core.verb:set package 'open01_bringup' build argument 'cmake_target' from command line to 'None'
[2.224s] Level 5:colcon.colcon_core.verb:set package 'open01_bringup' build argument 'cmake_target_skip_unavailable' from command line to 'False'
[2.224s] Level 5:colcon.colcon_core.verb:set package 'open01_bringup' build argument 'cmake_clean_cache' from command line to 'False'
[2.224s] Level 5:colcon.colcon_core.verb:set package 'open01_bringup' build argument 'cmake_clean_first' from command line to 'False'
[2.225s] Level 5:colcon.colcon_core.verb:set package 'open01_bringup' build argument 'cmake_force_configure' from command line to 'False'
[2.225s] Level 5:colcon.colcon_core.verb:set package 'open01_bringup' build argument 'ament_cmake_args' from command line to 'None'
[2.225s] Level 5:colcon.colcon_core.verb:set package 'open01_bringup' build argument 'catkin_cmake_args' from command line to 'None'
[2.225s] Level 5:colcon.colcon_core.verb:set package 'open01_bringup' build argument 'catkin_skip_building_tests' from command line to 'False'
[2.226s] DEBUG:colcon.colcon_core.verb:Building package 'open01_bringup' with the following arguments: {'ament_cmake_args': None, 'build_base': '/home/ubuntu/open-01/robot_ros2/ros2_ws/build/open01_bringup', 'catkin_cmake_args': None, 'catkin_skip_building_tests': False, 'cmake_args': None, 'cmake_clean_cache': False, 'cmake_clean_first': False, 'cmake_force_configure': False, 'cmake_target': None, 'cmake_target_skip_unavailable': False, 'install_base': '/home/ubuntu/open-01/robot_ros2/ros2_ws/install/open01_bringup', 'merge_install': False, 'path': '/home/ubuntu/open-01/robot_ros2/ros2_ws/src/open01_bringup', 'symlink_install': True, 'test_result_base': None}
[2.227s] INFO:colcon.colcon_core.executor:Executing jobs using 'parallel' executor
[2.233s] DEBUG:colcon.colcon_parallel_executor.executor.parallel:run_until_complete
[2.235s] INFO:colcon.colcon_ros.task.ament_python.build:Building ROS package in '/home/ubuntu/open-01/robot_ros2/ros2_ws/src/open01_serial_bridge' with build type 'ament_python'
[2.237s] Level 1:colcon.colcon_core.shell:create_environment_hook('open01_serial_bridge', 'ament_prefix_path')
[2.255s] INFO:colcon.colcon_core.plugin_system:Skipping extension 'colcon_core.shell.bat': Not used on non-Windows systems
[2.257s] INFO:colcon.colcon_core.shell:Creating environment hook '/home/ubuntu/open-01/robot_ros2/ros2_ws/install/open01_serial_bridge/share/open01_serial_bridge/hook/ament_prefix_path.ps1'
[2.263s] INFO:colcon.colcon_core.shell:Creating environment descriptor '/home/ubuntu/open-01/robot_ros2/ros2_ws/install/open01_serial_bridge/share/open01_serial_bridge/hook/ament_prefix_path.dsv'
[2.266s] INFO:colcon.colcon_core.shell:Creating environment hook '/home/ubuntu/open-01/robot_ros2/ros2_ws/install/open01_serial_bridge/share/open01_serial_bridge/hook/ament_prefix_path.sh'
[2.272s] INFO:colcon.colcon_core.shell:Skip shell extension 'powershell' for command environment: Not usable outside of PowerShell
[2.272s] DEBUG:colcon.colcon_core.shell:Skip shell extension 'dsv' for command environment
[4.307s] INFO:colcon.colcon_core.task.python.build:Building Python package in '/home/ubuntu/open-01/robot_ros2/ros2_ws/src/open01_serial_bridge'
[4.309s] INFO:colcon.colcon_core.shell:Skip shell extension 'powershell' for command environment: Not usable outside of PowerShell
[4.309s] DEBUG:colcon.colcon_core.shell:Skip shell extension 'dsv' for command environment
[10.561s] DEBUG:colcon.colcon_core.event_handler.log_command:Invoking command in '/home/ubuntu/open-01/robot_ros2/ros2_ws/build/open01_serial_bridge': PS1=(.venv) \[\e]0;\u@\h: \w\a\]${debian_chroot:+($debian_chroot)}\[\033[01;32m\]\u@\h\[\033[00m\]:\[\033[01;34m\]\w\[\033[00m\]\$ PYTHONPATH=/home/ubuntu/open-01/robot_ros2/ros2_ws/build/open01_serial_bridge/prefix_override:/usr/lib/python3/dist-packages/colcon_core/task/python/colcon_distutils_commands:/home/ubuntu/open-01/robot_ros2/ros2_ws/install/open01_serial_bridge/lib/python3.12/site-packages:${PYTHONPATH} VIRTUAL_ENV_PROMPT=(.venv) /usr/bin/python3 -W ignore:setup.py install is deprecated -W ignore:easy_install command is deprecated setup.py develop --editable --build-directory /home/ubuntu/open-01/robot_ros2/ros2_ws/build/open01_serial_bridge/build --no-deps symlink_data
[16.625s] Level 1:colcon.colcon_core.shell:create_environment_hook('open01_serial_bridge', 'pythonpath_develop')
[16.627s] INFO:colcon.colcon_core.shell:Creating environment hook '/home/ubuntu/open-01/robot_ros2/ros2_ws/build/open01_serial_bridge/share/open01_serial_bridge/hook/pythonpath_develop.ps1'
[16.630s] DEBUG:colcon.colcon_core.event_handler.log_command:Invoked command in '/home/ubuntu/open-01/robot_ros2/ros2_ws/build/open01_serial_bridge' returned '0': PS1=(.venv) \[\e]0;\u@\h: \w\a\]${debian_chroot:+($debian_chroot)}\[\033[01;32m\]\u@\h\[\033[00m\]:\[\033[01;34m\]\w\[\033[00m\]\$ PYTHONPATH=/home/ubuntu/open-01/robot_ros2/ros2_ws/build/open01_serial_bridge/prefix_override:/usr/lib/python3/dist-packages/colcon_core/task/python/colcon_distutils_commands:/home/ubuntu/open-01/robot_ros2/ros2_ws/install/open01_serial_bridge/lib/python3.12/site-packages:${PYTHONPATH} VIRTUAL_ENV_PROMPT=(.venv) /usr/bin/python3 -W ignore:setup.py install is deprecated -W ignore:easy_install command is deprecated setup.py develop --editable --build-directory /home/ubuntu/open-01/robot_ros2/ros2_ws/build/open01_serial_bridge/build --no-deps symlink_data
[16.635s] INFO:colcon.colcon_core.shell:Creating environment descriptor '/home/ubuntu/open-01/robot_ros2/ros2_ws/build/open01_serial_bridge/share/open01_serial_bridge/hook/pythonpath_develop.dsv'
[16.638s] INFO:colcon.colcon_core.shell:Creating environment hook '/home/ubuntu/open-01/robot_ros2/ros2_ws/build/open01_serial_bridge/share/open01_serial_bridge/hook/pythonpath_develop.sh'
[16.684s] Level 1:colcon.colcon_core.environment:checking '/home/ubuntu/open-01/robot_ros2/ros2_ws/install/open01_serial_bridge' for CMake module files
[16.691s] Level 1:colcon.colcon_core.environment:checking '/home/ubuntu/open-01/robot_ros2/ros2_ws/install/open01_serial_bridge' for CMake config files
[16.698s] Level 1:colcon.colcon_core.environment:checking '/home/ubuntu/open-01/robot_ros2/ros2_ws/install/open01_serial_bridge/lib'
[16.699s] Level 1:colcon.colcon_core.environment:checking '/home/ubuntu/open-01/robot_ros2/ros2_ws/install/open01_serial_bridge/bin'
[16.700s] Level 1:colcon.colcon_core.environment:checking '/home/ubuntu/open-01/robot_ros2/ros2_ws/install/open01_serial_bridge/lib/pkgconfig/open01_serial_bridge.pc'
[16.703s] Level 1:colcon.colcon_core.environment:checking '/home/ubuntu/open-01/robot_ros2/ros2_ws/install/open01_serial_bridge/lib/python3.12/site-packages'
[16.704s] Level 1:colcon.colcon_core.shell:create_environment_hook('open01_serial_bridge', 'pythonpath')
[16.705s] INFO:colcon.colcon_core.shell:Creating environment hook '/home/ubuntu/open-01/robot_ros2/ros2_ws/install/open01_serial_bridge/share/open01_serial_bridge/hook/pythonpath.ps1'
[16.709s] INFO:colcon.colcon_core.shell:Creating environment descriptor '/home/ubuntu/open-01/robot_ros2/ros2_ws/install/open01_serial_bridge/share/open01_serial_bridge/hook/pythonpath.dsv'
[16.712s] INFO:colcon.colcon_core.shell:Creating environment hook '/home/ubuntu/open-01/robot_ros2/ros2_ws/install/open01_serial_bridge/share/open01_serial_bridge/hook/pythonpath.sh'
[16.718s] Level 1:colcon.colcon_core.environment:checking '/home/ubuntu/open-01/robot_ros2/ros2_ws/install/open01_serial_bridge/bin'
[16.719s] Level 1:colcon.colcon_core.environment:create_environment_scripts_only(open01_serial_bridge)
[16.721s] INFO:colcon.colcon_core.shell:Creating package script '/home/ubuntu/open-01/robot_ros2/ros2_ws/install/open01_serial_bridge/share/open01_serial_bridge/package.ps1'
[16.729s] INFO:colcon.colcon_core.shell:Creating package descriptor '/home/ubuntu/open-01/robot_ros2/ros2_ws/install/open01_serial_bridge/share/open01_serial_bridge/package.dsv'
[16.736s] INFO:colcon.colcon_core.shell:Creating package script '/home/ubuntu/open-01/robot_ros2/ros2_ws/install/open01_serial_bridge/share/open01_serial_bridge/package.sh'
[16.744s] INFO:colcon.colcon_core.shell:Creating package script '/home/ubuntu/open-01/robot_ros2/ros2_ws/install/open01_serial_bridge/share/open01_serial_bridge/package.bash'
[16.753s] INFO:colcon.colcon_core.shell:Creating package script '/home/ubuntu/open-01/robot_ros2/ros2_ws/install/open01_serial_bridge/share/open01_serial_bridge/package.zsh'
[16.760s] Level 1:colcon.colcon_core.environment:create_file_with_runtime_dependencies(/home/ubuntu/open-01/robot_ros2/ros2_ws/install/open01_serial_bridge/share/colcon-core/packages/open01_serial_bridge)
[16.764s] INFO:colcon.colcon_ros.task.ament_python.build:Building ROS package in '/home/ubuntu/open-01/robot_ros2/ros2_ws/src/open01_bringup' with build type 'ament_python'
[16.766s] Level 1:colcon.colcon_core.shell:create_environment_hook('open01_bringup', 'ament_prefix_path')
[16.768s] INFO:colcon.colcon_core.shell:Creating environment hook '/home/ubuntu/open-01/robot_ros2/ros2_ws/install/open01_bringup/share/open01_bringup/hook/ament_prefix_path.ps1'
[16.774s] INFO:colcon.colcon_core.shell:Creating environment descriptor '/home/ubuntu/open-01/robot_ros2/ros2_ws/install/open01_bringup/share/open01_bringup/hook/ament_prefix_path.dsv'
[16.777s] INFO:colcon.colcon_core.shell:Creating environment hook '/home/ubuntu/open-01/robot_ros2/ros2_ws/install/open01_bringup/share/open01_bringup/hook/ament_prefix_path.sh'
[16.783s] INFO:colcon.colcon_core.shell:Skip shell extension 'powershell' for command environment: Not usable outside of PowerShell
[16.784s] DEBUG:colcon.colcon_core.shell:Skip shell extension 'dsv' for command environment
[18.847s] INFO:colcon.colcon_core.task.python.build:Building Python package in '/home/ubuntu/open-01/robot_ros2/ros2_ws/src/open01_bringup'
[18.849s] INFO:colcon.colcon_core.shell:Skip shell extension 'powershell' for command environment: Not usable outside of PowerShell
[18.849s] DEBUG:colcon.colcon_core.shell:Skip shell extension 'dsv' for command environment
[24.380s] DEBUG:colcon.colcon_core.event_handler.log_command:Invoking command in '/home/ubuntu/open-01/robot_ros2/ros2_ws/build/open01_bringup': AMENT_PREFIX_PATH=/home/ubuntu/open-01/robot_ros2/ros2_ws/install/open01_serial_bridge:${AMENT_PREFIX_PATH} PS1=(.venv) \[\e]0;\u@\h: \w\a\]${debian_chroot:+($debian_chroot)}\[\033[01;32m\]\u@\h\[\033[00m\]:\[\033[01;34m\]\w\[\033[00m\]\$ PYTHONPATH=/home/ubuntu/open-01/robot_ros2/ros2_ws/build/open01_bringup/prefix_override:/usr/lib/python3/dist-packages/colcon_core/task/python/colcon_distutils_commands:/home/ubuntu/open-01/robot_ros2/ros2_ws/install/open01_bringup/lib/python3.12/site-packages:/home/ubuntu/open-01/robot_ros2/ros2_ws/build/open01_serial_bridge:/home/ubuntu/open-01/robot_ros2/ros2_ws/install/open01_serial_bridge/lib/python3.12/site-packages:${PYTHONPATH} VIRTUAL_ENV_PROMPT=(.venv) /usr/bin/python3 -W ignore:setup.py install is deprecated -W ignore:easy_install command is deprecated setup.py develop --editable --build-directory /home/ubuntu/open-01/robot_ros2/ros2_ws/build/open01_bringup/build --no-deps symlink_data
[30.437s] Level 1:colcon.colcon_core.shell:create_environment_hook('open01_bringup', 'pythonpath_develop')
[30.439s] INFO:colcon.colcon_core.shell:Creating environment hook '/home/ubuntu/open-01/robot_ros2/ros2_ws/build/open01_bringup/share/open01_bringup/hook/pythonpath_develop.ps1'
[30.441s] DEBUG:colcon.colcon_core.event_handler.log_command:Invoked command in '/home/ubuntu/open-01/robot_ros2/ros2_ws/build/open01_bringup' returned '0': AMENT_PREFIX_PATH=/home/ubuntu/open-01/robot_ros2/ros2_ws/install/open01_serial_bridge:${AMENT_PREFIX_PATH} PS1=(.venv) \[\e]0;\u@\h: \w\a\]${debian_chroot:+($debian_chroot)}\[\033[01;32m\]\u@\h\[\033[00m\]:\[\033[01;34m\]\w\[\033[00m\]\$ PYTHONPATH=/home/ubuntu/open-01/robot_ros2/ros2_ws/build/open01_bringup/prefix_override:/usr/lib/python3/dist-packages/colcon_core/task/python/colcon_distutils_commands:/home/ubuntu/open-01/robot_ros2/ros2_ws/install/open01_bringup/lib/python3.12/site-packages:/home/ubuntu/open-01/robot_ros2/ros2_ws/build/open01_serial_bridge:/home/ubuntu/open-01/robot_ros2/ros2_ws/install/open01_serial_bridge/lib/python3.12/site-packages:${PYTHONPATH} VIRTUAL_ENV_PROMPT=(.venv) /usr/bin/python3 -W ignore:setup.py install is deprecated -W ignore:easy_install command is deprecated setup.py develop --editable --build-directory /home/ubuntu/open-01/robot_ros2/ros2_ws/build/open01_bringup/build --no-deps symlink_data
[30.445s] INFO:colcon.colcon_core.shell:Creating environment descriptor '/home/ubuntu/open-01/robot_ros2/ros2_ws/build/open01_bringup/share/open01_bringup/hook/pythonpath_develop.dsv'
[30.449s] INFO:colcon.colcon_core.shell:Creating environment hook '/home/ubuntu/open-01/robot_ros2/ros2_ws/build/open01_bringup/share/open01_bringup/hook/pythonpath_develop.sh'
[30.454s] Level 1:colcon.colcon_core.environment:checking '/home/ubuntu/open-01/robot_ros2/ros2_ws/install/open01_bringup' for CMake module files
[30.459s] Level 1:colcon.colcon_core.environment:checking '/home/ubuntu/open-01/robot_ros2/ros2_ws/install/open01_bringup' for CMake config files
[30.465s] Level 1:colcon.colcon_core.environment:checking '/home/ubuntu/open-01/robot_ros2/ros2_ws/install/open01_bringup/lib'
[30.465s] Level 1:colcon.colcon_core.environment:checking '/home/ubuntu/open-01/robot_ros2/ros2_ws/install/open01_bringup/bin'
[30.466s] Level 1:colcon.colcon_core.environment:checking '/home/ubuntu/open-01/robot_ros2/ros2_ws/install/open01_bringup/lib/pkgconfig/open01_bringup.pc'
[30.468s] Level 1:colcon.colcon_core.environment:checking '/home/ubuntu/open-01/robot_ros2/ros2_ws/install/open01_bringup/lib/python3.12/site-packages'
[30.469s] Level 1:colcon.colcon_core.shell:create_environment_hook('open01_bringup', 'pythonpath')
[30.471s] INFO:colcon.colcon_core.shell:Creating environment hook '/home/ubuntu/open-01/robot_ros2/ros2_ws/install/open01_bringup/share/open01_bringup/hook/pythonpath.ps1'
[30.474s] INFO:colcon.colcon_core.shell:Creating environment descriptor '/home/ubuntu/open-01/robot_ros2/ros2_ws/install/open01_bringup/share/open01_bringup/hook/pythonpath.dsv'
[30.477s] INFO:colcon.colcon_core.shell:Creating environment hook '/home/ubuntu/open-01/robot_ros2/ros2_ws/install/open01_bringup/share/open01_bringup/hook/pythonpath.sh'
[30.483s] Level 1:colcon.colcon_core.environment:checking '/home/ubuntu/open-01/robot_ros2/ros2_ws/install/open01_bringup/bin'
[30.484s] Level 1:colcon.colcon_core.environment:create_environment_scripts_only(open01_bringup)
[30.486s] INFO:colcon.colcon_core.shell:Creating package script '/home/ubuntu/open-01/robot_ros2/ros2_ws/install/open01_bringup/share/open01_bringup/package.ps1'
[30.491s] INFO:colcon.colcon_core.shell:Creating package descriptor '/home/ubuntu/open-01/robot_ros2/ros2_ws/install/open01_bringup/share/open01_bringup/package.dsv'
[30.496s] INFO:colcon.colcon_core.shell:Creating package script '/home/ubuntu/open-01/robot_ros2/ros2_ws/install/open01_bringup/share/open01_bringup/package.sh'
[30.500s] INFO:colcon.colcon_core.shell:Creating package script '/home/ubuntu/open-01/robot_ros2/ros2_ws/install/open01_bringup/share/open01_bringup/package.bash'
[30.503s] INFO:colcon.colcon_core.shell:Creating package script '/home/ubuntu/open-01/robot_ros2/ros2_ws/install/open01_bringup/share/open01_bringup/package.zsh'
[30.506s] Level 1:colcon.colcon_core.environment:create_file_with_runtime_dependencies(/home/ubuntu/open-01/robot_ros2/ros2_ws/install/open01_bringup/share/colcon-core/packages/open01_bringup)
[30.509s] DEBUG:colcon.colcon_parallel_executor.executor.parallel:closing loop
[30.512s] DEBUG:colcon.colcon_parallel_executor.executor.parallel:loop closed
[30.513s] DEBUG:colcon.colcon_parallel_executor.executor.parallel:run_until_complete finished with '0'
[30.514s] DEBUG:colcon.colcon_core.event_reactor:joining thread
[30.558s] INFO:colcon.colcon_core.plugin_system:Skipping extension 'colcon_notification.desktop_notification.notify_send': Could not find 'notify-send'
[30.559s] INFO:colcon.colcon_core.plugin_system:Skipping extension 'colcon_notification.desktop_notification.terminal_notifier': Not used on non-Darwin systems
[30.560s] INFO:colcon.colcon_core.plugin_system:Skipping extension 'colcon_notification.desktop_notification.win32': Not used on non-Windows systems
[30.560s] INFO:colcon.colcon_notification.desktop_notification:Sending desktop notification using 'notify2'
[30.656s] DEBUG:colcon.colcon_notification.desktop_notification.notify2:Failed to initialize notify2: org.freedesktop.DBus.Error.ServiceUnknown: The name org.freedesktop.Notifications was not provided by any .service files
[30.657s] DEBUG:colcon.colcon_core.event_reactor:joined thread
[30.659s] INFO:colcon.colcon_core.shell:Creating prefix script '/home/ubuntu/open-01/robot_ros2/ros2_ws/install/local_setup.ps1'
[30.666s] INFO:colcon.colcon_core.shell:Creating prefix util module '/home/ubuntu/open-01/robot_ros2/ros2_ws/install/_local_setup_util_ps1.py'
[30.677s] INFO:colcon.colcon_core.shell:Creating prefix chain script '/home/ubuntu/open-01/robot_ros2/ros2_ws/install/setup.ps1'
[30.685s] INFO:colcon.colcon_core.shell:Creating prefix script '/home/ubuntu/open-01/robot_ros2/ros2_ws/install/local_setup.sh'
[30.691s] INFO:colcon.colcon_core.shell:Creating prefix util module '/home/ubuntu/open-01/robot_ros2/ros2_ws/install/_local_setup_util_sh.py'
[30.696s] INFO:colcon.colcon_core.shell:Creating prefix chain script '/home/ubuntu/open-01/robot_ros2/ros2_ws/install/setup.sh'
[30.704s] INFO:colcon.colcon_core.shell:Creating prefix script '/home/ubuntu/open-01/robot_ros2/ros2_ws/install/local_setup.bash'
[30.708s] INFO:colcon.colcon_core.shell:Creating prefix chain script '/home/ubuntu/open-01/robot_ros2/ros2_ws/install/setup.bash'
[30.715s] INFO:colcon.colcon_core.shell:Creating prefix script '/home/ubuntu/open-01/robot_ros2/ros2_ws/install/local_setup.zsh'
[30.719s] INFO:colcon.colcon_core.shell:Creating prefix chain script '/home/ubuntu/open-01/robot_ros2/ros2_ws/install/setup.zsh'
