[1.517s] DEBUG:colcon:Command line arguments: ['/usr/bin/colcon', 'build']
[1.518s] DEBUG:colcon:Parsed command line arguments: Namespace(log_base=None, log_level=None, verb_name='build', build_base='build', install_base='install', merge_install=False, symlink_install=False, test_result_base=None, continue_on_error=False, executor='parallel', parallel_workers=4, event_handlers=None, ignore_user_meta=False, metas=['./colcon.meta'], base_paths=['.'], packages_ignore=None, packages_ignore_regex=None, paths=None, packages_up_to=None, packages_up_to_regex=None, packages_above=None, packages_above_and_dependencies=None, packages_above_depth=None, packages_select_by_dep=None, packages_skip_by_dep=None, packages_skip_up_to=None, packages_select_build_failed=False, packages_skip_build_finished=False, packages_select_test_failures=False, packages_skip_test_passed=False, packages_select=None, packages_skip=None, packages_select_regex=None, packages_skip_regex=None, packages_start=None, packages_end=None, allow_overriding=[], cmake_args=None, cmake_target=None, cmake_target_skip_unavailable=False, cmake_clean_cache=False, cmake_clean_first=False, cmake_force_configure=False, ament_cmake_args=None, catkin_cmake_args=None, catkin_skip_building_tests=False, verb_parser=<colcon_defaults.argument_parser.defaults.DefaultArgumentsDecorator object at 0xffff94da3790>, verb_extension=<colcon_core.verb.build.BuildVerb object at 0xffff94ee0b80>, main=<bound method BuildVerb.main of <colcon_core.verb.build.BuildVerb object at 0xffff94ee0b80>>)
[4.313s] Level 1:colcon.colcon_core.package_discovery:discover_packages(colcon_meta) check parameters
[4.314s] Level 1:colcon.colcon_core.package_discovery:discover_packages(recursive) check parameters
[4.315s] Level 1:colcon.colcon_core.package_discovery:discover_packages(ignore) check parameters
[4.315s] Level 1:colcon.colcon_core.package_discovery:discover_packages(path) check parameters
[4.315s] Level 1:colcon.colcon_core.package_discovery:discover_packages(colcon_meta) discover
[4.316s] Level 1:colcon.colcon_core.package_discovery:discover_packages(recursive) discover
[4.316s] INFO:colcon.colcon_core.package_discovery:Crawling recursively for packages in '/home/open01/open-01/robot_ros2/ros2_ws'
[4.317s] Level 1:colcon.colcon_core.package_identification:_identify(.) by extensions ['ignore', 'ignore_ament_install']
[4.318s] Level 1:colcon.colcon_core.package_identification:_identify(.) by extension 'ignore'
[4.318s] Level 1:colcon.colcon_core.package_identification:_identify(.) by extension 'ignore_ament_install'
[4.319s] Level 1:colcon.colcon_core.package_identification:_identify(.) by extensions ['colcon_pkg']
[4.319s] Level 1:colcon.colcon_core.package_identification:_identify(.) by extension 'colcon_pkg'
[4.320s] Level 1:colcon.colcon_core.package_identification:_identify(.) by extensions ['colcon_meta']
[4.320s] Level 1:colcon.colcon_core.package_identification:_identify(.) by extension 'colcon_meta'
[4.321s] Level 1:colcon.colcon_core.package_identification:_identify(.) by extensions ['ros']
[4.321s] Level 1:colcon.colcon_core.package_identification:_identify(.) by extension 'ros'
[4.469s] Level 1:colcon.colcon_core.package_identification:_identify(.) by extensions ['cmake', 'python']
[4.470s] Level 1:colcon.colcon_core.package_identification:_identify(.) by extension 'cmake'
[4.470s] Level 1:colcon.colcon_core.package_identification:_identify(.) by extension 'python'
[4.470s] Level 1:colcon.colcon_core.package_identification:_identify(.) by extensions ['python_setup_py']
[4.471s] Level 1:colcon.colcon_core.package_identification:_identify(.) by extension 'python_setup_py'
[4.472s] Level 1:colcon.colcon_core.package_identification:_identify(build) by extensions ['ignore', 'ignore_ament_install']
[4.473s] Level 1:colcon.colcon_core.package_identification:_identify(build) by extension 'ignore'
[4.473s] Level 1:colcon.colcon_core.package_identification:_identify(build) ignored
[4.475s] Level 1:colcon.colcon_core.package_identification:_identify(install) by extensions ['ignore', 'ignore_ament_install']
[4.476s] Level 1:colcon.colcon_core.package_identification:_identify(install) by extension 'ignore'
[4.476s] Level 1:colcon.colcon_core.package_identification:_identify(install) ignored
[4.478s] Level 1:colcon.colcon_core.package_identification:_identify(log) by extensions ['ignore', 'ignore_ament_install']
[4.478s] Level 1:colcon.colcon_core.package_identification:_identify(log) by extension 'ignore'
[4.479s] Level 1:colcon.colcon_core.package_identification:_identify(log) ignored
[4.480s] Level 1:colcon.colcon_core.package_identification:_identify(src) by extensions ['ignore', 'ignore_ament_install']
[4.480s] Level 1:colcon.colcon_core.package_identification:_identify(src) by extension 'ignore'
[4.481s] Level 1:colcon.colcon_core.package_identification:_identify(src) by extension 'ignore_ament_install'
[4.482s] Level 1:colcon.colcon_core.package_identification:_identify(src) by extensions ['colcon_pkg']
[4.482s] Level 1:colcon.colcon_core.package_identification:_identify(src) by extension 'colcon_pkg'
[4.482s] Level 1:colcon.colcon_core.package_identification:_identify(src) by extensions ['colcon_meta']
[4.483s] Level 1:colcon.colcon_core.package_identification:_identify(src) by extension 'colcon_meta'
[4.483s] Level 1:colcon.colcon_core.package_identification:_identify(src) by extensions ['ros']
[4.483s] Level 1:colcon.colcon_core.package_identification:_identify(src) by extension 'ros'
[4.484s] Level 1:colcon.colcon_core.package_identification:_identify(src) by extensions ['cmake', 'python']
[4.485s] Level 1:colcon.colcon_core.package_identification:_identify(src) by extension 'cmake'
[4.485s] Level 1:colcon.colcon_core.package_identification:_identify(src) by extension 'python'
[4.486s] Level 1:colcon.colcon_core.package_identification:_identify(src) by extensions ['python_setup_py']
[4.486s] Level 1:colcon.colcon_core.package_identification:_identify(src) by extension 'python_setup_py'
[4.487s] Level 1:colcon.colcon_core.package_identification:_identify(src/open01_bringup) by extensions ['ignore', 'ignore_ament_install']
[4.488s] Level 1:colcon.colcon_core.package_identification:_identify(src/open01_bringup) by extension 'ignore'
[4.489s] Level 1:colcon.colcon_core.package_identification:_identify(src/open01_bringup) by extension 'ignore_ament_install'
[4.489s] Level 1:colcon.colcon_core.package_identification:_identify(src/open01_bringup) by extensions ['colcon_pkg']
[4.490s] Level 1:colcon.colcon_core.package_identification:_identify(src/open01_bringup) by extension 'colcon_pkg'
[4.490s] Level 1:colcon.colcon_core.package_identification:_identify(src/open01_bringup) by extensions ['colcon_meta']
[4.490s] Level 1:colcon.colcon_core.package_identification:_identify(src/open01_bringup) by extension 'colcon_meta'
[4.491s] Level 1:colcon.colcon_core.package_identification:_identify(src/open01_bringup) by extensions ['ros']
[4.491s] Level 1:colcon.colcon_core.package_identification:_identify(src/open01_bringup) by extension 'ros'
[4.518s] DEBUG:colcon.colcon_core.package_identification:Package 'src/open01_bringup' with type 'ros.ament_python' and name 'open01_bringup'
[4.519s] Level 1:colcon.colcon_core.package_identification:_identify(src/open01_serial_bridge) by extensions ['ignore', 'ignore_ament_install']
[4.520s] Level 1:colcon.colcon_core.package_identification:_identify(src/open01_serial_bridge) by extension 'ignore'
[4.521s] Level 1:colcon.colcon_core.package_identification:_identify(src/open01_serial_bridge) by extension 'ignore_ament_install'
[4.522s] Level 1:colcon.colcon_core.package_identification:_identify(src/open01_serial_bridge) by extensions ['colcon_pkg']
[4.522s] Level 1:colcon.colcon_core.package_identification:_identify(src/open01_serial_bridge) by extension 'colcon_pkg'
[4.523s] Level 1:colcon.colcon_core.package_identification:_identify(src/open01_serial_bridge) by extensions ['colcon_meta']
[4.523s] Level 1:colcon.colcon_core.package_identification:_identify(src/open01_serial_bridge) by extension 'colcon_meta'
[4.524s] Level 1:colcon.colcon_core.package_identification:_identify(src/open01_serial_bridge) by extensions ['ros']
[4.524s] Level 1:colcon.colcon_core.package_identification:_identify(src/open01_serial_bridge) by extension 'ros'
[4.531s] DEBUG:colcon.colcon_core.package_identification:Package 'src/open01_serial_bridge' with type 'ros.ament_python' and name 'open01_serial_bridge'
[4.531s] Level 1:colcon.colcon_core.package_discovery:discover_packages(recursive) using defaults
[4.532s] Level 1:colcon.colcon_core.package_discovery:discover_packages(ignore) discover
[4.532s] Level 1:colcon.colcon_core.package_discovery:discover_packages(ignore) using defaults
[4.532s] Level 1:colcon.colcon_core.package_discovery:discover_packages(path) discover
[4.533s] Level 1:colcon.colcon_core.package_discovery:discover_packages(path) using defaults
[4.799s] Level 1:colcon.colcon_core.package_discovery:discover_packages(prefix_path) check parameters
[4.800s] Level 1:colcon.colcon_core.package_discovery:discover_packages(prefix_path) discover
[4.832s] DEBUG:colcon.colcon_installed_package_information.package_discovery:Found 2 installed packages in /home/open01/open-01/robot_ros2/ros2_ws/install
[4.855s] DEBUG:colcon.colcon_installed_package_information.package_discovery:Found 273 installed packages in /opt/ros/humble
[4.880s] Level 1:colcon.colcon_core.package_discovery:discover_packages(prefix_path) using defaults
[5.420s] Level 5:colcon.colcon_core.verb:set package 'open01_serial_bridge' build argument 'cmake_args' from command line to 'None'
[5.421s] Level 5:colcon.colcon_core.verb:set package 'open01_serial_bridge' build argument 'cmake_target' from command line to 'None'
[5.421s] Level 5:colcon.colcon_core.verb:set package 'open01_serial_bridge' build argument 'cmake_target_skip_unavailable' from command line to 'False'
[5.421s] Level 5:colcon.colcon_core.verb:set package 'open01_serial_bridge' build argument 'cmake_clean_cache' from command line to 'False'
[5.422s] Level 5:colcon.colcon_core.verb:set package 'open01_serial_bridge' build argument 'cmake_clean_first' from command line to 'False'
[5.422s] Level 5:colcon.colcon_core.verb:set package 'open01_serial_bridge' build argument 'cmake_force_configure' from command line to 'False'
[5.422s] Level 5:colcon.colcon_core.verb:set package 'open01_serial_bridge' build argument 'ament_cmake_args' from command line to 'None'
[5.422s] Level 5:colcon.colcon_core.verb:set package 'open01_serial_bridge' build argument 'catkin_cmake_args' from command line to 'None'
[5.423s] Level 5:colcon.colcon_core.verb:set package 'open01_serial_bridge' build argument 'catkin_skip_building_tests' from command line to 'False'
[5.423s] DEBUG:colcon.colcon_core.verb:Building package 'open01_serial_bridge' with the following arguments: {'ament_cmake_args': None, 'build_base': '/home/open01/open-01/robot_ros2/ros2_ws/build/open01_serial_bridge', 'catkin_cmake_args': None, 'catkin_skip_building_tests': False, 'cmake_args': None, 'cmake_clean_cache': False, 'cmake_clean_first': False, 'cmake_force_configure': False, 'cmake_target': None, 'cmake_target_skip_unavailable': False, 'install_base': '/home/open01/open-01/robot_ros2/ros2_ws/install/open01_serial_bridge', 'merge_install': False, 'path': '/home/open01/open-01/robot_ros2/ros2_ws/src/open01_serial_bridge', 'symlink_install': False, 'test_result_base': None}
[5.427s] Level 5:colcon.colcon_core.verb:set package 'open01_bringup' build argument 'cmake_args' from command line to 'None'
[5.427s] Level 5:colcon.colcon_core.verb:set package 'open01_bringup' build argument 'cmake_target' from command line to 'None'
[5.428s] Level 5:colcon.colcon_core.verb:set package 'open01_bringup' build argument 'cmake_target_skip_unavailable' from command line to 'False'
[5.428s] Level 5:colcon.colcon_core.verb:set package 'open01_bringup' build argument 'cmake_clean_cache' from command line to 'False'
[5.428s] Level 5:colcon.colcon_core.verb:set package 'open01_bringup' build argument 'cmake_clean_first' from command line to 'False'
[5.428s] Level 5:colcon.colcon_core.verb:set package 'open01_bringup' build argument 'cmake_force_configure' from command line to 'False'
[5.429s] Level 5:colcon.colcon_core.verb:set package 'open01_bringup' build argument 'ament_cmake_args' from command line to 'None'
[5.429s] Level 5:colcon.colcon_core.verb:set package 'open01_bringup' build argument 'catkin_cmake_args' from command line to 'None'
[5.429s] Level 5:colcon.colcon_core.verb:set package 'open01_bringup' build argument 'catkin_skip_building_tests' from command line to 'False'
[5.430s] DEBUG:colcon.colcon_core.verb:Building package 'open01_bringup' with the following arguments: {'ament_cmake_args': None, 'build_base': '/home/open01/open-01/robot_ros2/ros2_ws/build/open01_bringup', 'catkin_cmake_args': None, 'catkin_skip_building_tests': False, 'cmake_args': None, 'cmake_clean_cache': False, 'cmake_clean_first': False, 'cmake_force_configure': False, 'cmake_target': None, 'cmake_target_skip_unavailable': False, 'install_base': '/home/open01/open-01/robot_ros2/ros2_ws/install/open01_bringup', 'merge_install': False, 'path': '/home/open01/open-01/robot_ros2/ros2_ws/src/open01_bringup', 'symlink_install': False, 'test_result_base': None}
[5.431s] INFO:colcon.colcon_core.executor:Executing jobs using 'parallel' executor
[5.438s] DEBUG:colcon.colcon_parallel_executor.executor.parallel:run_until_complete
[5.439s] INFO:colcon.colcon_ros.task.ament_python.build:Building ROS package in '/home/open01/open-01/robot_ros2/ros2_ws/src/open01_serial_bridge' with build type 'ament_python'
[5.441s] Level 1:colcon.colcon_core.shell:create_environment_hook('open01_serial_bridge', 'ament_prefix_path')
[5.486s] INFO:colcon.colcon_core.plugin_system:Skipping extension 'colcon_core.shell.bat': Not used on non-Windows systems
[5.488s] INFO:colcon.colcon_core.shell:Creating environment hook '/home/open01/open-01/robot_ros2/ros2_ws/install/open01_serial_bridge/share/open01_serial_bridge/hook/ament_prefix_path.ps1'
[5.499s] INFO:colcon.colcon_core.shell:Creating environment descriptor '/home/open01/open-01/robot_ros2/ros2_ws/install/open01_serial_bridge/share/open01_serial_bridge/hook/ament_prefix_path.dsv'
[5.529s] INFO:colcon.colcon_core.shell:Creating environment hook '/home/open01/open-01/robot_ros2/ros2_ws/install/open01_serial_bridge/share/open01_serial_bridge/hook/ament_prefix_path.sh'
[5.542s] INFO:colcon.colcon_core.shell:Skip shell extension 'powershell' for command environment: Not usable outside of PowerShell
[5.543s] DEBUG:colcon.colcon_core.shell:Skip shell extension 'dsv' for command environment
[8.483s] INFO:colcon.colcon_core.task.python.build:Building Python package in '/home/open01/open-01/robot_ros2/ros2_ws/src/open01_serial_bridge'
[8.485s] INFO:colcon.colcon_core.shell:Skip shell extension 'powershell' for command environment: Not usable outside of PowerShell
[8.486s] DEBUG:colcon.colcon_core.shell:Skip shell extension 'dsv' for command environment
[13.495s] DEBUG:colcon.colcon_core.event_handler.log_command:Invoking command in '/home/open01/open-01/robot_ros2/ros2_ws/src/open01_serial_bridge': PS1=(.venv) \[\e]0;\u@\h: \w\a\]${debian_chroot:+($debian_chroot)}\[\033[01;32m\]\u@\h\[\033[00m\]:\[\033[01;34m\]\w\[\033[00m\]\$ PYTHONPATH=/home/open01/open-01/robot_ros2/ros2_ws/build/open01_serial_bridge/prefix_override:/usr/lib/python3/dist-packages/colcon_core/task/python/colcon_distutils_commands:/home/open01/open-01/robot_ros2/ros2_ws/install/open01_serial_bridge/lib/python3.10/site-packages:${PYTHONPATH} VIRTUAL_ENV_PROMPT=(.venv) /usr/bin/python3 -W ignore:setup.py install is deprecated -W ignore:easy_install command is deprecated setup.py egg_info --egg-base ../../build/open01_serial_bridge build --build-base /home/open01/open-01/robot_ros2/ros2_ws/build/open01_serial_bridge/build install --record /home/open01/open-01/robot_ros2/ros2_ws/build/open01_serial_bridge/install.log --single-version-externally-managed install_data
[16.768s] DEBUG:colcon.colcon_core.event_handler.log_command:Invoked command in '/home/open01/open-01/robot_ros2/ros2_ws/src/open01_serial_bridge' returned '0': PS1=(.venv) \[\e]0;\u@\h: \w\a\]${debian_chroot:+($debian_chroot)}\[\033[01;32m\]\u@\h\[\033[00m\]:\[\033[01;34m\]\w\[\033[00m\]\$ PYTHONPATH=/home/open01/open-01/robot_ros2/ros2_ws/build/open01_serial_bridge/prefix_override:/usr/lib/python3/dist-packages/colcon_core/task/python/colcon_distutils_commands:/home/open01/open-01/robot_ros2/ros2_ws/install/open01_serial_bridge/lib/python3.10/site-packages:${PYTHONPATH} VIRTUAL_ENV_PROMPT=(.venv) /usr/bin/python3 -W ignore:setup.py install is deprecated -W ignore:easy_install command is deprecated setup.py egg_info --egg-base ../../build/open01_serial_bridge build --build-base /home/open01/open-01/robot_ros2/ros2_ws/build/open01_serial_bridge/build install --record /home/open01/open-01/robot_ros2/ros2_ws/build/open01_serial_bridge/install.log --single-version-externally-managed install_data
[16.883s] Level 1:colcon.colcon_core.environment:checking '/home/open01/open-01/robot_ros2/ros2_ws/install/open01_serial_bridge' for CMake module files
[16.890s] Level 1:colcon.colcon_core.environment:checking '/home/open01/open-01/robot_ros2/ros2_ws/install/open01_serial_bridge' for CMake config files
[16.900s] Level 1:colcon.colcon_core.environment:checking '/home/open01/open-01/robot_ros2/ros2_ws/install/open01_serial_bridge/lib'
[16.902s] Level 1:colcon.colcon_core.environment:checking '/home/open01/open-01/robot_ros2/ros2_ws/install/open01_serial_bridge/bin'
[16.903s] Level 1:colcon.colcon_core.environment:checking '/home/open01/open-01/robot_ros2/ros2_ws/install/open01_serial_bridge/lib/pkgconfig/open01_serial_bridge.pc'
[16.905s] Level 1:colcon.colcon_core.environment:checking '/home/open01/open-01/robot_ros2/ros2_ws/install/open01_serial_bridge/lib/python3.10/site-packages'
[16.906s] Level 1:colcon.colcon_core.shell:create_environment_hook('open01_serial_bridge', 'pythonpath')
[16.908s] INFO:colcon.colcon_core.shell:Creating environment hook '/home/open01/open-01/robot_ros2/ros2_ws/install/open01_serial_bridge/share/open01_serial_bridge/hook/pythonpath.ps1'
[16.912s] INFO:colcon.colcon_core.shell:Creating environment descriptor '/home/open01/open-01/robot_ros2/ros2_ws/install/open01_serial_bridge/share/open01_serial_bridge/hook/pythonpath.dsv'
[16.916s] INFO:colcon.colcon_core.shell:Creating environment hook '/home/open01/open-01/robot_ros2/ros2_ws/install/open01_serial_bridge/share/open01_serial_bridge/hook/pythonpath.sh'
[16.924s] Level 1:colcon.colcon_core.environment:checking '/home/open01/open-01/robot_ros2/ros2_ws/install/open01_serial_bridge/bin'
[16.925s] Level 1:colcon.colcon_core.environment:create_environment_scripts_only(open01_serial_bridge)
[16.929s] INFO:colcon.colcon_core.shell:Creating package script '/home/open01/open-01/robot_ros2/ros2_ws/install/open01_serial_bridge/share/open01_serial_bridge/package.ps1'
[16.938s] INFO:colcon.colcon_core.shell:Creating package descriptor '/home/open01/open-01/robot_ros2/ros2_ws/install/open01_serial_bridge/share/open01_serial_bridge/package.dsv'
[16.956s] INFO:colcon.colcon_core.shell:Creating package script '/home/open01/open-01/robot_ros2/ros2_ws/install/open01_serial_bridge/share/open01_serial_bridge/package.sh'
[16.966s] INFO:colcon.colcon_core.shell:Creating package script '/home/open01/open-01/robot_ros2/ros2_ws/install/open01_serial_bridge/share/open01_serial_bridge/package.bash'
[16.978s] INFO:colcon.colcon_core.shell:Creating package script '/home/open01/open-01/robot_ros2/ros2_ws/install/open01_serial_bridge/share/open01_serial_bridge/package.zsh'
[17.003s] Level 1:colcon.colcon_core.environment:create_file_with_runtime_dependencies(/home/open01/open-01/robot_ros2/ros2_ws/install/open01_serial_bridge/share/colcon-core/packages/open01_serial_bridge)
[17.007s] INFO:colcon.colcon_ros.task.ament_python.build:Building ROS package in '/home/open01/open-01/robot_ros2/ros2_ws/src/open01_bringup' with build type 'ament_python'
[17.008s] Level 1:colcon.colcon_core.shell:create_environment_hook('open01_bringup', 'ament_prefix_path')
[17.011s] INFO:colcon.colcon_core.shell:Creating environment hook '/home/open01/open-01/robot_ros2/ros2_ws/install/open01_bringup/share/open01_bringup/hook/ament_prefix_path.ps1'
[17.018s] INFO:colcon.colcon_core.shell:Creating environment descriptor '/home/open01/open-01/robot_ros2/ros2_ws/install/open01_bringup/share/open01_bringup/hook/ament_prefix_path.dsv'
[17.022s] INFO:colcon.colcon_core.shell:Creating environment hook '/home/open01/open-01/robot_ros2/ros2_ws/install/open01_bringup/share/open01_bringup/hook/ament_prefix_path.sh'
[17.029s] INFO:colcon.colcon_core.shell:Skip shell extension 'powershell' for command environment: Not usable outside of PowerShell
[17.030s] DEBUG:colcon.colcon_core.shell:Skip shell extension 'dsv' for command environment
[19.976s] INFO:colcon.colcon_core.task.python.build:Building Python package in '/home/open01/open-01/robot_ros2/ros2_ws/src/open01_bringup'
[19.978s] INFO:colcon.colcon_core.shell:Skip shell extension 'powershell' for command environment: Not usable outside of PowerShell
[19.979s] DEBUG:colcon.colcon_core.shell:Skip shell extension 'dsv' for command environment
[23.955s] DEBUG:colcon.colcon_core.event_handler.log_command:Invoking command in '/home/open01/open-01/robot_ros2/ros2_ws/src/open01_bringup': AMENT_PREFIX_PATH=/home/open01/open-01/robot_ros2/ros2_ws/install/open01_serial_bridge:/home/open01/open-01/robot_ros2/ros2_ws/install/open01_bringup:/opt/ros/humble PS1=(.venv) \[\e]0;\u@\h: \w\a\]${debian_chroot:+($debian_chroot)}\[\033[01;32m\]\u@\h\[\033[00m\]:\[\033[01;34m\]\w\[\033[00m\]\$ PYTHONPATH=/home/open01/open-01/robot_ros2/ros2_ws/build/open01_bringup/prefix_override:/usr/lib/python3/dist-packages/colcon_core/task/python/colcon_distutils_commands:/home/open01/open-01/robot_ros2/ros2_ws/install/open01_bringup/lib/python3.10/site-packages:/home/open01/open-01/robot_ros2/ros2_ws/install/open01_serial_bridge/lib/python3.10/site-packages:/home/open01/open-01/robot_ros2/ros2_ws/install/open01_bringup/lib/python3.10/site-packages:/opt/ros/humble/lib/python3.10/site-packages:/opt/ros/humble/local/lib/python3.10/dist-packages VIRTUAL_ENV_PROMPT=(.venv) /usr/bin/python3 -W ignore:setup.py install is deprecated -W ignore:easy_install command is deprecated setup.py egg_info --egg-base ../../build/open01_bringup build --build-base /home/open01/open-01/robot_ros2/ros2_ws/build/open01_bringup/build install --record /home/open01/open-01/robot_ros2/ros2_ws/build/open01_bringup/install.log --single-version-externally-managed install_data
[27.197s] Level 1:colcon.colcon_core.environment:checking '/home/open01/open-01/robot_ros2/ros2_ws/install/open01_bringup' for CMake module files
[27.202s] DEBUG:colcon.colcon_core.event_handler.log_command:Invoked command in '/home/open01/open-01/robot_ros2/ros2_ws/src/open01_bringup' returned '0': AMENT_PREFIX_PATH=/home/open01/open-01/robot_ros2/ros2_ws/install/open01_serial_bridge:/home/open01/open-01/robot_ros2/ros2_ws/install/open01_bringup:/opt/ros/humble PS1=(.venv) \[\e]0;\u@\h: \w\a\]${debian_chroot:+($debian_chroot)}\[\033[01;32m\]\u@\h\[\033[00m\]:\[\033[01;34m\]\w\[\033[00m\]\$ PYTHONPATH=/home/open01/open-01/robot_ros2/ros2_ws/build/open01_bringup/prefix_override:/usr/lib/python3/dist-packages/colcon_core/task/python/colcon_distutils_commands:/home/open01/open-01/robot_ros2/ros2_ws/install/open01_bringup/lib/python3.10/site-packages:/home/open01/open-01/robot_ros2/ros2_ws/install/open01_serial_bridge/lib/python3.10/site-packages:/home/open01/open-01/robot_ros2/ros2_ws/install/open01_bringup/lib/python3.10/site-packages:/opt/ros/humble/lib/python3.10/site-packages:/opt/ros/humble/local/lib/python3.10/dist-packages VIRTUAL_ENV_PROMPT=(.venv) /usr/bin/python3 -W ignore:setup.py install is deprecated -W ignore:easy_install command is deprecated setup.py egg_info --egg-base ../../build/open01_bringup build --build-base /home/open01/open-01/robot_ros2/ros2_ws/build/open01_bringup/build install --record /home/open01/open-01/robot_ros2/ros2_ws/build/open01_bringup/install.log --single-version-externally-managed install_data
[27.208s] Level 1:colcon.colcon_core.environment:checking '/home/open01/open-01/robot_ros2/ros2_ws/install/open01_bringup' for CMake config files
[27.216s] Level 1:colcon.colcon_core.environment:checking '/home/open01/open-01/robot_ros2/ros2_ws/install/open01_bringup/lib'
[27.217s] Level 1:colcon.colcon_core.environment:checking '/home/open01/open-01/robot_ros2/ros2_ws/install/open01_bringup/bin'
[27.218s] Level 1:colcon.colcon_core.environment:checking '/home/open01/open-01/robot_ros2/ros2_ws/install/open01_bringup/lib/pkgconfig/open01_bringup.pc'
[27.221s] Level 1:colcon.colcon_core.environment:checking '/home/open01/open-01/robot_ros2/ros2_ws/install/open01_bringup/lib/python3.10/site-packages'
[27.221s] Level 1:colcon.colcon_core.shell:create_environment_hook('open01_bringup', 'pythonpath')
[27.224s] INFO:colcon.colcon_core.shell:Creating environment hook '/home/open01/open-01/robot_ros2/ros2_ws/install/open01_bringup/share/open01_bringup/hook/pythonpath.ps1'
[27.228s] INFO:colcon.colcon_core.shell:Creating environment descriptor '/home/open01/open-01/robot_ros2/ros2_ws/install/open01_bringup/share/open01_bringup/hook/pythonpath.dsv'
[27.232s] INFO:colcon.colcon_core.shell:Creating environment hook '/home/open01/open-01/robot_ros2/ros2_ws/install/open01_bringup/share/open01_bringup/hook/pythonpath.sh'
[27.240s] Level 1:colcon.colcon_core.environment:checking '/home/open01/open-01/robot_ros2/ros2_ws/install/open01_bringup/bin'
[27.241s] Level 1:colcon.colcon_core.environment:create_environment_scripts_only(open01_bringup)
[27.244s] INFO:colcon.colcon_core.shell:Creating package script '/home/open01/open-01/robot_ros2/ros2_ws/install/open01_bringup/share/open01_bringup/package.ps1'
[27.249s] INFO:colcon.colcon_core.shell:Creating package descriptor '/home/open01/open-01/robot_ros2/ros2_ws/install/open01_bringup/share/open01_bringup/package.dsv'
[27.254s] INFO:colcon.colcon_core.shell:Creating package script '/home/open01/open-01/robot_ros2/ros2_ws/install/open01_bringup/share/open01_bringup/package.sh'
[27.258s] INFO:colcon.colcon_core.shell:Creating package script '/home/open01/open-01/robot_ros2/ros2_ws/install/open01_bringup/share/open01_bringup/package.bash'
[27.263s] INFO:colcon.colcon_core.shell:Creating package script '/home/open01/open-01/robot_ros2/ros2_ws/install/open01_bringup/share/open01_bringup/package.zsh'
[27.267s] Level 1:colcon.colcon_core.environment:create_file_with_runtime_dependencies(/home/open01/open-01/robot_ros2/ros2_ws/install/open01_bringup/share/colcon-core/packages/open01_bringup)
[27.270s] DEBUG:colcon.colcon_parallel_executor.executor.parallel:closing loop
[27.273s] DEBUG:colcon.colcon_parallel_executor.executor.parallel:loop closed
[27.274s] DEBUG:colcon.colcon_parallel_executor.executor.parallel:run_until_complete finished with '0'
[27.274s] DEBUG:colcon.colcon_core.event_reactor:joining thread
[27.330s] INFO:colcon.colcon_core.plugin_system:Skipping extension 'colcon_notification.desktop_notification.notify_send': Could not find 'notify-send'
[27.331s] INFO:colcon.colcon_core.plugin_system:Skipping extension 'colcon_notification.desktop_notification.terminal_notifier': Not used on non-Darwin systems
[27.332s] INFO:colcon.colcon_core.plugin_system:Skipping extension 'colcon_notification.desktop_notification.win32': Not used on non-Windows systems
[27.332s] INFO:colcon.colcon_notification.desktop_notification:Sending desktop notification using 'notify2'
[27.426s] DEBUG:colcon.colcon_notification.desktop_notification.notify2:Failed to initialize notify2: org.freedesktop.DBus.Error.ServiceUnknown: The name org.freedesktop.Notifications was not provided by any .service files
[27.427s] DEBUG:colcon.colcon_core.event_reactor:joined thread
[27.430s] INFO:colcon.colcon_core.shell:Creating prefix script '/home/open01/open-01/robot_ros2/ros2_ws/install/local_setup.ps1'
[27.442s] INFO:colcon.colcon_core.shell:Creating prefix util module '/home/open01/open-01/robot_ros2/ros2_ws/install/_local_setup_util_ps1.py'
[27.462s] INFO:colcon.colcon_core.shell:Creating prefix chain script '/home/open01/open-01/robot_ros2/ros2_ws/install/setup.ps1'
[27.474s] INFO:colcon.colcon_core.shell:Creating prefix script '/home/open01/open-01/robot_ros2/ros2_ws/install/local_setup.sh'
[27.481s] INFO:colcon.colcon_core.shell:Creating prefix util module '/home/open01/open-01/robot_ros2/ros2_ws/install/_local_setup_util_sh.py'
[27.487s] INFO:colcon.colcon_core.shell:Creating prefix chain script '/home/open01/open-01/robot_ros2/ros2_ws/install/setup.sh'
[27.500s] INFO:colcon.colcon_core.shell:Creating prefix script '/home/open01/open-01/robot_ros2/ros2_ws/install/local_setup.bash'
[27.506s] INFO:colcon.colcon_core.shell:Creating prefix chain script '/home/open01/open-01/robot_ros2/ros2_ws/install/setup.bash'
[27.519s] INFO:colcon.colcon_core.shell:Creating prefix script '/home/open01/open-01/robot_ros2/ros2_ws/install/local_setup.zsh'
[27.526s] INFO:colcon.colcon_core.shell:Creating prefix chain script '/home/open01/open-01/robot_ros2/ros2_ws/install/setup.zsh'
