[1.501s] DEBUG:colcon:Command line arguments: ['/usr/bin/colcon', 'build', '--packages-select', 'ld08_driver', '--symlink-install']
[1.502s] DEBUG:colcon:Parsed command line arguments: Namespace(log_base=None, log_level=None, verb_name='build', build_base='build', install_base='install', merge_install=False, symlink_install=True, test_result_base=None, continue_on_error=False, executor='parallel', parallel_workers=4, event_handlers=None, ignore_user_meta=False, metas=['./colcon.meta'], base_paths=['.'], packages_ignore=None, packages_ignore_regex=None, paths=None, packages_up_to=None, packages_up_to_regex=None, packages_above=None, packages_above_and_dependencies=None, packages_above_depth=None, packages_select_by_dep=None, packages_skip_by_dep=None, packages_skip_up_to=None, packages_select_build_failed=False, packages_skip_build_finished=False, packages_select_test_failures=False, packages_skip_test_passed=False, packages_select=['ld08_driver'], packages_skip=None, packages_select_regex=None, packages_skip_regex=None, packages_start=None, packages_end=None, allow_overriding=[], cmake_args=None, cmake_target=None, cmake_target_skip_unavailable=False, cmake_clean_cache=False, cmake_clean_first=False, cmake_force_configure=False, ament_cmake_args=None, catkin_cmake_args=None, catkin_skip_building_tests=False, verb_parser=<colcon_defaults.argument_parser.defaults.DefaultArgumentsDecorator object at 0xffffb50f2480>, verb_extension=<colcon_core.verb.build.BuildVerb object at 0xffffb52aef00>, main=<bound method BuildVerb.main of <colcon_core.verb.build.BuildVerb object at 0xffffb52aef00>>)
[2.135s] Level 1:colcon.colcon_core.package_discovery:discover_packages(colcon_meta) check parameters
[2.136s] Level 1:colcon.colcon_core.package_discovery:discover_packages(recursive) check parameters
[2.136s] Level 1:colcon.colcon_core.package_discovery:discover_packages(ignore) check parameters
[2.136s] Level 1:colcon.colcon_core.package_discovery:discover_packages(path) check parameters
[2.136s] Level 1:colcon.colcon_core.package_discovery:discover_packages(colcon_meta) discover
[2.137s] Level 1:colcon.colcon_core.package_discovery:discover_packages(recursive) discover
[2.138s] INFO:colcon.colcon_core.package_discovery:Crawling recursively for packages in '/home/ubuntu/open-01/robot_ros2/ros2_ws'
[2.138s] Level 1:colcon.colcon_core.package_identification:_identify(.) by extensions ['ignore', 'ignore_ament_install']
[2.139s] Level 1:colcon.colcon_core.package_identification:_identify(.) by extension 'ignore'
[2.140s] Level 1:colcon.colcon_core.package_identification:_identify(.) by extension 'ignore_ament_install'
[2.141s] Level 1:colcon.colcon_core.package_identification:_identify(.) by extensions ['colcon_pkg']
[2.142s] Level 1:colcon.colcon_core.package_identification:_identify(.) by extension 'colcon_pkg'
[2.142s] Level 1:colcon.colcon_core.package_identification:_identify(.) by extensions ['colcon_meta']
[2.143s] Level 1:colcon.colcon_core.package_identification:_identify(.) by extension 'colcon_meta'
[2.143s] Level 1:colcon.colcon_core.package_identification:_identify(.) by extensions ['ros']
[2.144s] Level 1:colcon.colcon_core.package_identification:_identify(.) by extension 'ros'
[2.461s] Level 1:colcon.colcon_core.package_identification:_identify(.) by extensions ['cmake', 'python']
[2.462s] Level 1:colcon.colcon_core.package_identification:_identify(.) by extension 'cmake'
[2.462s] Level 1:colcon.colcon_core.package_identification:_identify(.) by extension 'python'
[2.470s] Level 1:colcon.colcon_core.package_identification:_identify(.) by extensions ['python_setup_py']
[2.471s] Level 1:colcon.colcon_core.package_identification:_identify(.) by extension 'python_setup_py'
[2.472s] Level 1:colcon.colcon_core.package_identification:_identify(build) by extensions ['ignore', 'ignore_ament_install']
[2.473s] Level 1:colcon.colcon_core.package_identification:_identify(build) by extension 'ignore'
[2.474s] Level 1:colcon.colcon_core.package_identification:_identify(build) ignored
[2.482s] Level 1:colcon.colcon_core.package_identification:_identify(install) by extensions ['ignore', 'ignore_ament_install']
[2.483s] Level 1:colcon.colcon_core.package_identification:_identify(install) by extension 'ignore'
[2.484s] Level 1:colcon.colcon_core.package_identification:_identify(install) ignored
[2.485s] Level 1:colcon.colcon_core.package_identification:_identify(log) by extensions ['ignore', 'ignore_ament_install']
[2.486s] Level 1:colcon.colcon_core.package_identification:_identify(log) by extension 'ignore'
[2.487s] Level 1:colcon.colcon_core.package_identification:_identify(log) ignored
[2.488s] Level 1:colcon.colcon_core.package_identification:_identify(src) by extensions ['ignore', 'ignore_ament_install']
[2.489s] Level 1:colcon.colcon_core.package_identification:_identify(src) by extension 'ignore'
[2.489s] Level 1:colcon.colcon_core.package_identification:_identify(src) by extension 'ignore_ament_install'
[2.490s] Level 1:colcon.colcon_core.package_identification:_identify(src) by extensions ['colcon_pkg']
[2.491s] Level 1:colcon.colcon_core.package_identification:_identify(src) by extension 'colcon_pkg'
[2.491s] Level 1:colcon.colcon_core.package_identification:_identify(src) by extensions ['colcon_meta']
[2.492s] Level 1:colcon.colcon_core.package_identification:_identify(src) by extension 'colcon_meta'
[2.492s] Level 1:colcon.colcon_core.package_identification:_identify(src) by extensions ['ros']
[2.493s] Level 1:colcon.colcon_core.package_identification:_identify(src) by extension 'ros'
[2.494s] Level 1:colcon.colcon_core.package_identification:_identify(src) by extensions ['cmake', 'python']
[2.494s] Level 1:colcon.colcon_core.package_identification:_identify(src) by extension 'cmake'
[2.495s] Level 1:colcon.colcon_core.package_identification:_identify(src) by extension 'python'
[2.496s] Level 1:colcon.colcon_core.package_identification:_identify(src) by extensions ['python_setup_py']
[2.496s] Level 1:colcon.colcon_core.package_identification:_identify(src) by extension 'python_setup_py'
[2.498s] Level 1:colcon.colcon_core.package_identification:_identify(src/ld08_driver) by extensions ['ignore', 'ignore_ament_install']
[2.499s] Level 1:colcon.colcon_core.package_identification:_identify(src/ld08_driver) by extension 'ignore'
[2.500s] Level 1:colcon.colcon_core.package_identification:_identify(src/ld08_driver) by extension 'ignore_ament_install'
[2.501s] Level 1:colcon.colcon_core.package_identification:_identify(src/ld08_driver) by extensions ['colcon_pkg']
[2.501s] Level 1:colcon.colcon_core.package_identification:_identify(src/ld08_driver) by extension 'colcon_pkg'
[2.502s] Level 1:colcon.colcon_core.package_identification:_identify(src/ld08_driver) by extensions ['colcon_meta']
[2.502s] Level 1:colcon.colcon_core.package_identification:_identify(src/ld08_driver) by extension 'colcon_meta'
[2.502s] Level 1:colcon.colcon_core.package_identification:_identify(src/ld08_driver) by extensions ['ros']
[2.503s] Level 1:colcon.colcon_core.package_identification:_identify(src/ld08_driver) by extension 'ros'
[2.560s] DEBUG:colcon.colcon_core.package_identification:Package 'src/ld08_driver' with type 'ros.ament_cmake' and name 'ld08_driver'
[2.563s] Level 1:colcon.colcon_core.package_identification:_identify(src/open01_bringup) by extensions ['ignore', 'ignore_ament_install']
[2.563s] Level 1:colcon.colcon_core.package_identification:_identify(src/open01_bringup) by extension 'ignore'
[2.564s] Level 1:colcon.colcon_core.package_identification:_identify(src/open01_bringup) by extension 'ignore_ament_install'
[2.565s] Level 1:colcon.colcon_core.package_identification:_identify(src/open01_bringup) by extensions ['colcon_pkg']
[2.565s] Level 1:colcon.colcon_core.package_identification:_identify(src/open01_bringup) by extension 'colcon_pkg'
[2.566s] Level 1:colcon.colcon_core.package_identification:_identify(src/open01_bringup) by extensions ['colcon_meta']
[2.566s] Level 1:colcon.colcon_core.package_identification:_identify(src/open01_bringup) by extension 'colcon_meta'
[2.566s] Level 1:colcon.colcon_core.package_identification:_identify(src/open01_bringup) by extensions ['ros']
[2.567s] Level 1:colcon.colcon_core.package_identification:_identify(src/open01_bringup) by extension 'ros'
[2.572s] DEBUG:colcon.colcon_core.package_identification:Package 'src/open01_bringup' with type 'ros.ament_python' and name 'open01_bringup'
[2.574s] Level 1:colcon.colcon_core.package_identification:_identify(src/open01_serial_bridge) by extensions ['ignore', 'ignore_ament_install']
[2.575s] Level 1:colcon.colcon_core.package_identification:_identify(src/open01_serial_bridge) by extension 'ignore'
[2.576s] Level 1:colcon.colcon_core.package_identification:_identify(src/open01_serial_bridge) by extension 'ignore_ament_install'
[2.577s] Level 1:colcon.colcon_core.package_identification:_identify(src/open01_serial_bridge) by extensions ['colcon_pkg']
[2.577s] Level 1:colcon.colcon_core.package_identification:_identify(src/open01_serial_bridge) by extension 'colcon_pkg'
[2.578s] Level 1:colcon.colcon_core.package_identification:_identify(src/open01_serial_bridge) by extensions ['colcon_meta']
[2.578s] Level 1:colcon.colcon_core.package_identification:_identify(src/open01_serial_bridge) by extension 'colcon_meta'
[2.579s] Level 1:colcon.colcon_core.package_identification:_identify(src/open01_serial_bridge) by extensions ['ros']
[2.579s] Level 1:colcon.colcon_core.package_identification:_identify(src/open01_serial_bridge) by extension 'ros'
[2.585s] DEBUG:colcon.colcon_core.package_identification:Package 'src/open01_serial_bridge' with type 'ros.ament_python' and name 'open01_serial_bridge'
[2.585s] Level 1:colcon.colcon_core.package_discovery:discover_packages(recursive) using defaults
[2.586s] Level 1:colcon.colcon_core.package_discovery:discover_packages(ignore) discover
[2.586s] Level 1:colcon.colcon_core.package_discovery:discover_packages(ignore) using defaults
[2.586s] Level 1:colcon.colcon_core.package_discovery:discover_packages(path) discover
[2.586s] Level 1:colcon.colcon_core.package_discovery:discover_packages(path) using defaults
[2.826s] INFO:colcon.colcon_core.package_selection:Skipping not selected package 'open01_serial_bridge' in 'src/open01_serial_bridge'
[2.827s] INFO:colcon.colcon_core.package_selection:Skipping not selected package 'open01_bringup' in 'src/open01_bringup'
[2.832s] Level 1:colcon.colcon_core.package_discovery:discover_packages(prefix_path) check parameters
[2.833s] Level 1:colcon.colcon_core.package_discovery:discover_packages(prefix_path) discover
[2.870s] DEBUG:colcon.colcon_installed_package_information.package_discovery:Found 197 installed packages in /opt/ros/jazzy
[2.877s] Level 1:colcon.colcon_core.package_discovery:discover_packages(prefix_path) using defaults
[3.263s] Level 5:colcon.colcon_core.verb:set package 'ld08_driver' build argument 'cmake_args' from command line to 'None'
[3.263s] Level 5:colcon.colcon_core.verb:set package 'ld08_driver' build argument 'cmake_target' from command line to 'None'
[3.263s] Level 5:colcon.colcon_core.verb:set package 'ld08_driver' build argument 'cmake_target_skip_unavailable' from command line to 'False'
[3.264s] Level 5:colcon.colcon_core.verb:set package 'ld08_driver' build argument 'cmake_clean_cache' from command line to 'False'
[3.264s] Level 5:colcon.colcon_core.verb:set package 'ld08_driver' build argument 'cmake_clean_first' from command line to 'False'
[3.264s] Level 5:colcon.colcon_core.verb:set package 'ld08_driver' build argument 'cmake_force_configure' from command line to 'False'
[3.264s] Level 5:colcon.colcon_core.verb:set package 'ld08_driver' build argument 'ament_cmake_args' from command line to 'None'
[3.264s] Level 5:colcon.colcon_core.verb:set package 'ld08_driver' build argument 'catkin_cmake_args' from command line to 'None'
[3.265s] Level 5:colcon.colcon_core.verb:set package 'ld08_driver' build argument 'catkin_skip_building_tests' from command line to 'False'
[3.265s] DEBUG:colcon.colcon_core.verb:Building package 'ld08_driver' with the following arguments: {'ament_cmake_args': None, 'build_base': '/home/ubuntu/open-01/robot_ros2/ros2_ws/build/ld08_driver', 'catkin_cmake_args': None, 'catkin_skip_building_tests': False, 'cmake_args': None, 'cmake_clean_cache': False, 'cmake_clean_first': False, 'cmake_force_configure': False, 'cmake_target': None, 'cmake_target_skip_unavailable': False, 'install_base': '/home/ubuntu/open-01/robot_ros2/ros2_ws/install/ld08_driver', 'merge_install': False, 'path': '/home/ubuntu/open-01/robot_ros2/ros2_ws/src/ld08_driver', 'symlink_install': True, 'test_result_base': None}
[3.266s] INFO:colcon.colcon_core.executor:Executing jobs using 'parallel' executor
[3.274s] DEBUG:colcon.colcon_parallel_executor.executor.parallel:run_until_complete
[3.275s] INFO:colcon.colcon_ros.task.ament_cmake.build:Building ROS package in '/home/ubuntu/open-01/robot_ros2/ros2_ws/src/ld08_driver' with build type 'ament_cmake'
[3.276s] INFO:colcon.colcon_cmake.task.cmake.build:Building CMake package in '/home/ubuntu/open-01/robot_ros2/ros2_ws/src/ld08_driver'
[3.314s] INFO:colcon.colcon_core.plugin_system:Skipping extension 'colcon_core.shell.bat': Not used on non-Windows systems
[3.316s] INFO:colcon.colcon_core.shell:Skip shell extension 'powershell' for command environment: Not usable outside of PowerShell
[3.317s] DEBUG:colcon.colcon_core.shell:Skip shell extension 'dsv' for command environment
[3.404s] DEBUG:colcon.colcon_core.event_handler.log_command:Invoking command in '/home/ubuntu/open-01/robot_ros2/ros2_ws/build/ld08_driver': CMAKE_PREFIX_PATH=/opt/ros/jazzy PS1=(.venv) \[\e]0;\u@\h: \w\a\]${debian_chroot:+($debian_chroot)}\[\033[01;32m\]\u@\h\[\033[00m\]:\[\033[01;34m\]\w\[\033[00m\]\$ VIRTUAL_ENV_PROMPT=(.venv) /usr/bin/cmake /home/ubuntu/open-01/robot_ros2/ros2_ws/src/ld08_driver -DAMENT_CMAKE_SYMLINK_INSTALL=1 -DCMAKE_INSTALL_PREFIX=/home/ubuntu/open-01/robot_ros2/ros2_ws/install/ld08_driver
[19.493s] DEBUG:colcon.colcon_core.event_handler.log_command:Invoked command in '/home/ubuntu/open-01/robot_ros2/ros2_ws/build/ld08_driver' returned '1': CMAKE_PREFIX_PATH=/opt/ros/jazzy PS1=(.venv) \[\e]0;\u@\h: \w\a\]${debian_chroot:+($debian_chroot)}\[\033[01;32m\]\u@\h\[\033[00m\]:\[\033[01;34m\]\w\[\033[00m\]\$ VIRTUAL_ENV_PROMPT=(.venv) /usr/bin/cmake /home/ubuntu/open-01/robot_ros2/ros2_ws/src/ld08_driver -DAMENT_CMAKE_SYMLINK_INSTALL=1 -DCMAKE_INSTALL_PREFIX=/home/ubuntu/open-01/robot_ros2/ros2_ws/install/ld08_driver
[19.618s] Level 1:colcon.colcon_core.environment:create_environment_scripts_only(ld08_driver)
[19.666s] Level 1:colcon.colcon_core.environment:checking '/home/ubuntu/open-01/robot_ros2/ros2_ws/install/ld08_driver' for CMake module files
[19.671s] Level 1:colcon.colcon_core.environment:checking '/home/ubuntu/open-01/robot_ros2/ros2_ws/install/ld08_driver' for CMake config files
[19.673s] Level 1:colcon.colcon_core.environment:checking '/home/ubuntu/open-01/robot_ros2/ros2_ws/install/ld08_driver/bin'
[19.674s] Level 1:colcon.colcon_core.environment:checking '/home/ubuntu/open-01/robot_ros2/ros2_ws/install/ld08_driver/lib/pkgconfig/ld08_driver.pc'
[19.677s] Level 1:colcon.colcon_core.environment:checking '/home/ubuntu/open-01/robot_ros2/ros2_ws/install/ld08_driver/lib/python3.12/site-packages'
[19.681s] Level 1:colcon.colcon_core.environment:checking '/home/ubuntu/open-01/robot_ros2/ros2_ws/install/ld08_driver/bin'
[19.683s] INFO:colcon.colcon_core.shell:Creating package script '/home/ubuntu/open-01/robot_ros2/ros2_ws/install/ld08_driver/share/ld08_driver/package.ps1'
[19.693s] INFO:colcon.colcon_core.shell:Creating package descriptor '/home/ubuntu/open-01/robot_ros2/ros2_ws/install/ld08_driver/share/ld08_driver/package.dsv'
[19.699s] INFO:colcon.colcon_core.shell:Creating package script '/home/ubuntu/open-01/robot_ros2/ros2_ws/install/ld08_driver/share/ld08_driver/package.sh'
[19.705s] INFO:colcon.colcon_core.shell:Creating package script '/home/ubuntu/open-01/robot_ros2/ros2_ws/install/ld08_driver/share/ld08_driver/package.bash'
[19.714s] INFO:colcon.colcon_core.shell:Creating package script '/home/ubuntu/open-01/robot_ros2/ros2_ws/install/ld08_driver/share/ld08_driver/package.zsh'
[19.722s] Level 1:colcon.colcon_core.environment:create_file_with_runtime_dependencies(/home/ubuntu/open-01/robot_ros2/ros2_ws/install/ld08_driver/share/colcon-core/packages/ld08_driver)
[19.727s] DEBUG:colcon.colcon_parallel_executor.executor.parallel:closing loop
[19.729s] DEBUG:colcon.colcon_parallel_executor.executor.parallel:loop closed
[19.731s] DEBUG:colcon.colcon_parallel_executor.executor.parallel:run_until_complete finished with '1'
[19.731s] DEBUG:colcon.colcon_core.event_reactor:joining thread
[19.837s] INFO:colcon.colcon_core.plugin_system:Skipping extension 'colcon_notification.desktop_notification.notify_send': Could not find 'notify-send'
[19.838s] INFO:colcon.colcon_core.plugin_system:Skipping extension 'colcon_notification.desktop_notification.terminal_notifier': Not used on non-Darwin systems
[19.839s] INFO:colcon.colcon_core.plugin_system:Skipping extension 'colcon_notification.desktop_notification.win32': Not used on non-Windows systems
[19.839s] INFO:colcon.colcon_notification.desktop_notification:Sending desktop notification using 'notify2'
[19.846s] DEBUG:colcon.colcon_notification.desktop_notification.notify2:Failed to initialize notify2: org.freedesktop.DBus.Error.ServiceUnknown: The name org.freedesktop.Notifications was not provided by any .service files
[19.847s] DEBUG:colcon.colcon_core.event_reactor:joined thread
[19.849s] INFO:colcon.colcon_core.shell:Creating prefix script '/home/ubuntu/open-01/robot_ros2/ros2_ws/install/local_setup.ps1'
[19.860s] INFO:colcon.colcon_core.shell:Creating prefix util module '/home/ubuntu/open-01/robot_ros2/ros2_ws/install/_local_setup_util_ps1.py'
[19.875s] INFO:colcon.colcon_core.shell:Creating prefix chain script '/home/ubuntu/open-01/robot_ros2/ros2_ws/install/setup.ps1'
[19.884s] INFO:colcon.colcon_core.shell:Creating prefix script '/home/ubuntu/open-01/robot_ros2/ros2_ws/install/local_setup.sh'
[19.892s] INFO:colcon.colcon_core.shell:Creating prefix util module '/home/ubuntu/open-01/robot_ros2/ros2_ws/install/_local_setup_util_sh.py'
[19.899s] INFO:colcon.colcon_core.shell:Creating prefix chain script '/home/ubuntu/open-01/robot_ros2/ros2_ws/install/setup.sh'
[19.909s] INFO:colcon.colcon_core.shell:Creating prefix script '/home/ubuntu/open-01/robot_ros2/ros2_ws/install/local_setup.bash'
[19.914s] INFO:colcon.colcon_core.shell:Creating prefix chain script '/home/ubuntu/open-01/robot_ros2/ros2_ws/install/setup.bash'
[19.923s] INFO:colcon.colcon_core.shell:Creating prefix script '/home/ubuntu/open-01/robot_ros2/ros2_ws/install/local_setup.zsh'
[19.930s] INFO:colcon.colcon_core.shell:Creating prefix chain script '/home/ubuntu/open-01/robot_ros2/ros2_ws/install/setup.zsh'
