[8.718s] Invoking command in '/home/open01/open-01/robot_ros2/ros2_ws/src/open01_serial_bridge': PS1=\[\e]0;\u@\h: \w\a\]${debian_chroot:+($debian_chroot)}\[\033[01;32m\]\u@\h\[\033[00m\]:\[\033[01;34m\]\w\[\033[00m\]\$ PYTHONPATH=/home/open01/open-01/robot_ros2/ros2_ws/build/open01_serial_bridge/prefix_override:/usr/lib/python3/dist-packages/colcon_core/task/python/colcon_distutils_commands:/home/open01/open-01/robot_ros2/ros2_ws/install/open01_serial_bridge/lib/python3.10/site-packages:${PYTHONPATH} /usr/bin/python3 -W ignore:setup.py install is deprecated -W ignore:easy_install command is deprecated setup.py egg_info --egg-base ../../build/open01_serial_bridge build --build-base /home/open01/open-01/robot_ros2/ros2_ws/build/open01_serial_bridge/build install --record /home/open01/open-01/robot_ros2/ros2_ws/build/open01_serial_bridge/install.log --single-version-externally-managed install_data
[11.582s] running egg_info
[11.587s] creating ../../build/open01_serial_bridge/open01_serial_bridge.egg-info
[11.589s] writing ../../build/open01_serial_bridge/open01_serial_bridge.egg-info/PKG-INFO
[11.592s] writing dependency_links to ../../build/open01_serial_bridge/open01_serial_bridge.egg-info/dependency_links.txt
[11.594s] writing entry points to ../../build/open01_serial_bridge/open01_serial_bridge.egg-info/entry_points.txt
[11.595s] writing requirements to ../../build/open01_serial_bridge/open01_serial_bridge.egg-info/requires.txt
[11.597s] writing top-level names to ../../build/open01_serial_bridge/open01_serial_bridge.egg-info/top_level.txt
[11.599s] writing manifest file '../../build/open01_serial_bridge/open01_serial_bridge.egg-info/SOURCES.txt'
[11.618s] reading manifest file '../../build/open01_serial_bridge/open01_serial_bridge.egg-info/SOURCES.txt'
[11.628s] writing manifest file '../../build/open01_serial_bridge/open01_serial_bridge.egg-info/SOURCES.txt'
[11.630s] running build
[11.631s] running build_py
[11.633s] creating /home/open01/open-01/robot_ros2/ros2_ws/build/open01_serial_bridge/build
[11.635s] creating /home/open01/open-01/robot_ros2/ros2_ws/build/open01_serial_bridge/build/lib
[11.636s] creating /home/open01/open-01/robot_ros2/ros2_ws/build/open01_serial_bridge/build/lib/open01_serial_bridge
[11.637s] copying open01_serial_bridge/__init__.py -> /home/open01/open-01/robot_ros2/ros2_ws/build/open01_serial_bridge/build/lib/open01_serial_bridge
[11.638s] copying open01_serial_bridge/lidar_node.py -> /home/open01/open-01/robot_ros2/ros2_ws/build/open01_serial_bridge/build/lib/open01_serial_bridge
[11.641s] copying open01_serial_bridge/serial_bridge_node.py -> /home/open01/open-01/robot_ros2/ros2_ws/build/open01_serial_bridge/build/lib/open01_serial_bridge
[11.646s] running install
[11.650s] running install_lib
[11.658s] creating /home/open01/open-01/robot_ros2/ros2_ws/install/open01_serial_bridge/lib/python3.10/site-packages/open01_serial_bridge
[11.660s] copying /home/open01/open-01/robot_ros2/ros2_ws/build/open01_serial_bridge/build/lib/open01_serial_bridge/__init__.py -> /home/open01/open-01/robot_ros2/ros2_ws/install/open01_serial_bridge/lib/python3.10/site-packages/open01_serial_bridge
[11.661s] copying /home/open01/open-01/robot_ros2/ros2_ws/build/open01_serial_bridge/build/lib/open01_serial_bridge/lidar_node.py -> /home/open01/open-01/robot_ros2/ros2_ws/install/open01_serial_bridge/lib/python3.10/site-packages/open01_serial_bridge
[11.664s] copying /home/open01/open-01/robot_ros2/ros2_ws/build/open01_serial_bridge/build/lib/open01_serial_bridge/serial_bridge_node.py -> /home/open01/open-01/robot_ros2/ros2_ws/install/open01_serial_bridge/lib/python3.10/site-packages/open01_serial_bridge
[11.670s] byte-compiling /home/open01/open-01/robot_ros2/ros2_ws/install/open01_serial_bridge/lib/python3.10/site-packages/open01_serial_bridge/__init__.py to __init__.cpython-310.pyc
[11.673s] byte-compiling /home/open01/open-01/robot_ros2/ros2_ws/install/open01_serial_bridge/lib/python3.10/site-packages/open01_serial_bridge/lidar_node.py to lidar_node.cpython-310.pyc
[11.688s] byte-compiling /home/open01/open-01/robot_ros2/ros2_ws/install/open01_serial_bridge/lib/python3.10/site-packages/open01_serial_bridge/serial_bridge_node.py to serial_bridge_node.cpython-310.pyc
[11.713s] running install_data
[11.715s] creating /home/open01/open-01/robot_ros2/ros2_ws/install/open01_serial_bridge/share/ament_index
[11.717s] creating /home/open01/open-01/robot_ros2/ros2_ws/install/open01_serial_bridge/share/ament_index/resource_index
[11.718s] creating /home/open01/open-01/robot_ros2/ros2_ws/install/open01_serial_bridge/share/ament_index/resource_index/packages
[11.720s] copying resource/open01_serial_bridge -> /home/open01/open-01/robot_ros2/ros2_ws/install/open01_serial_bridge/share/ament_index/resource_index/packages
[11.721s] copying package.xml -> /home/open01/open-01/robot_ros2/ros2_ws/install/open01_serial_bridge/share/open01_serial_bridge
[11.722s] running install_egg_info
[11.738s] Copying ../../build/open01_serial_bridge/open01_serial_bridge.egg-info to /home/open01/open-01/robot_ros2/ros2_ws/install/open01_serial_bridge/lib/python3.10/site-packages/open01_serial_bridge-0.1.0-py3.10.egg-info
[11.752s] running install_scripts
[11.956s] Installing lidar script to /home/open01/open-01/robot_ros2/ros2_ws/install/open01_serial_bridge/lib/open01_serial_bridge
[11.958s] Installing serial_bridge script to /home/open01/open-01/robot_ros2/ros2_ws/install/open01_serial_bridge/lib/open01_serial_bridge
[11.961s] writing list of installed files to '/home/open01/open-01/robot_ros2/ros2_ws/build/open01_serial_bridge/install.log'
[12.246s] Invoked command in '/home/open01/open-01/robot_ros2/ros2_ws/src/open01_serial_bridge' returned '0': PS1=\[\e]0;\u@\h: \w\a\]${debian_chroot:+($debian_chroot)}\[\033[01;32m\]\u@\h\[\033[00m\]:\[\033[01;34m\]\w\[\033[00m\]\$ PYTHONPATH=/home/open01/open-01/robot_ros2/ros2_ws/build/open01_serial_bridge/prefix_override:/usr/lib/python3/dist-packages/colcon_core/task/python/colcon_distutils_commands:/home/open01/open-01/robot_ros2/ros2_ws/install/open01_serial_bridge/lib/python3.10/site-packages:${PYTHONPATH} /usr/bin/python3 -W ignore:setup.py install is deprecated -W ignore:easy_install command is deprecated setup.py egg_info --egg-base ../../build/open01_serial_bridge build --build-base /home/open01/open-01/robot_ros2/ros2_ws/build/open01_serial_bridge/build install --record /home/open01/open-01/robot_ros2/ros2_ws/build/open01_serial_bridge/install.log --single-version-externally-managed install_data
