[0.127s] Invoking command in '/home/ubuntu/open-01/robot_ros2/ros2_ws/build/ld08_driver': CMAKE_PREFIX_PATH=/opt/ros/jazzy PS1=(.venv) \[\e]0;\u@\h: \w\a\]${debian_chroot:+($debian_chroot)}\[\033[01;32m\]\u@\h\[\033[00m\]:\[\033[01;34m\]\w\[\033[00m\]\$ VIRTUAL_ENV_PROMPT=(.venv) /usr/bin/cmake /home/ubuntu/open-01/robot_ros2/ros2_ws/src/ld08_driver -DAMENT_CMAKE_SYMLINK_INSTALL=1 -DCMAKE_INSTALL_PREFIX=/home/ubuntu/open-01/robot_ros2/ros2_ws/install/ld08_driver
[2.697s] -- The C compiler identification is GNU 13.3.0
[4.429s] -- The CXX compiler identification is GNU 13.3.0
[4.654s] -- Detecting C compiler ABI info
[5.800s] -- Detecting C compiler ABI info - done
[5.901s] -- Check for working C compiler: /usr/bin/cc - skipped
[5.905s] -- Detecting C compile features
[5.911s] -- Detecting C compile features - done
[6.022s] -- Detecting CXX compiler ABI info
[7.189s] -- Detecting CXX compiler ABI info - done
[7.292s] -- Check for working CXX compiler: /usr/bin/c++ - skipped
[7.295s] -- Detecting CXX compile features
[7.299s] -- Detecting CXX compile features - done
[7.364s] -- Found ament_cmake: 2.5.5 (/opt/ros/jazzy/share/ament_cmake/cmake)
[8.583s] -- Found Python3: /home/ubuntu/.venv/bin/python3 (found version "3.12.3") found components: Interpreter 
[9.392s] -- Override CMake install command with custom implementation using symlinks instead of copying resources
[9.954s] -- Found rclcpp: 28.1.16 (/opt/ros/jazzy/share/rclcpp/cmake)
[10.641s] -- Found rosidl_generator_c: 4.6.7 (/opt/ros/jazzy/share/rosidl_generator_c/cmake)
[10.848s] -- Found rosidl_generator_cpp: 4.6.7 (/opt/ros/jazzy/share/rosidl_generator_cpp/cmake)
[11.098s] -- Using all available rosidl_typesupport_c: rosidl_typesupport_fastrtps_c;rosidl_typesupport_introspection_c
[11.371s] -- Using all available rosidl_typesupport_cpp: rosidl_typesupport_fastrtps_cpp;rosidl_typesupport_introspection_cpp
[12.457s] -- Found rmw_implementation_cmake: 7.3.3 (/opt/ros/jazzy/share/rmw_implementation_cmake/cmake)
[12.505s] -- Found rmw_fastrtps_cpp: 8.4.3 (/opt/ros/jazzy/share/rmw_fastrtps_cpp/cmake)
[13.553s] -- Found OpenSSL: /usr/lib/aarch64-linux-gnu/libcrypto.so (found version "3.0.13")  
[13.730s] -- Found FastRTPS: /opt/ros/jazzy/include (Required is at least version "2.13") 
[13.951s] -- Using RMW implementation 'rmw_fastrtps_cpp' as default
[14.942s] -- Found sensor_msgs: 5.3.6 (/opt/ros/jazzy/share/sensor_msgs/cmake)
[15.833s] -- Found Boost: /usr/lib/aarch64-linux-gnu/cmake/Boost-1.83.0/BoostConfig.cmake (found version "1.83.0") found components: system 
[16.068s] Traceback (most recent call last):
[16.070s]   File "/opt/ros/jazzy/share/ament_cmake_core/cmake/core/package_xml_2_cmake.py", line 22, in <module>
[16.072s]     from catkin_pkg.package import parse_package_string
[16.073s] ModuleNotFoundError: No module named 'catkin_pkg'
[16.114s] [31mCMake Error at /opt/ros/jazzy/share/ament_cmake_core/cmake/core/ament_package_xml.cmake:95 (message):
[16.115s]   execute_process(/home/ubuntu/.venv/bin/python3
[16.116s]   /opt/ros/jazzy/share/ament_cmake_core/cmake/core/package_xml_2_cmake.py
[16.117s]   /home/ubuntu/open-01/robot_ros2/ros2_ws/src/ld08_driver/package.xml
[16.118s]   /home/ubuntu/open-01/robot_ros2/ros2_ws/build/ld08_driver/ament_cmake_core/package.cmake)
[16.119s]   returned error code 1
[16.120s] Call Stack (most recent call first):
[16.121s]   /opt/ros/jazzy/share/ament_cmake_core/cmake/core/ament_package_xml.cmake:49 (_ament_package_xml)
[16.122s]   /opt/ros/jazzy/share/ament_cmake_core/cmake/core/ament_package.cmake:63 (ament_package_xml)
[16.123s]   CMakeLists.txt:75 (ament_package)
[16.124s] 
[16.126s] [0m
[16.127s] -- Configuring incomplete, errors occurred!
[16.215s] Invoked command in '/home/ubuntu/open-01/robot_ros2/ros2_ws/build/ld08_driver' returned '1': CMAKE_PREFIX_PATH=/opt/ros/jazzy PS1=(.venv) \[\e]0;\u@\h: \w\a\]${debian_chroot:+($debian_chroot)}\[\033[01;32m\]\u@\h\[\033[00m\]:\[\033[01;34m\]\w\[\033[00m\]\$ VIRTUAL_ENV_PROMPT=(.venv) /usr/bin/cmake /home/ubuntu/open-01/robot_ros2/ros2_ws/src/ld08_driver -DAMENT_CMAKE_SYMLINK_INSTALL=1 -DCMAKE_INSTALL_PREFIX=/home/ubuntu/open-01/robot_ros2/ros2_ws/install/ld08_driver
