[2.382s] DEBUG:colcon:Command line arguments: ['/usr/bin/colcon', 'build', '--packages-select', 'open01_serial_bridge', '--symlink-install']
[2.382s] DEBUG:colcon:Parsed command line arguments: Namespace(log_base=None, log_level=None, verb_name='build', build_base='build', install_base='install', merge_install=False, symlink_install=True, test_result_base=None, continue_on_error=False, executor='parallel', parallel_workers=4, event_handlers=None, ignore_user_meta=False, metas=['./colcon.meta'], base_paths=['.'], packages_ignore=None, packages_ignore_regex=None, paths=None, packages_up_to=None, packages_up_to_regex=None, packages_above=None, packages_above_and_dependencies=None, packages_above_depth=None, packages_select_by_dep=None, packages_skip_by_dep=None, packages_skip_up_to=None, packages_select_build_failed=False, packages_skip_build_finished=False, packages_select_test_failures=False, packages_skip_test_passed=False, packages_select=['open01_serial_bridge'], packages_skip=None, packages_select_regex=None, packages_skip_regex=None, packages_start=None, packages_end=None, allow_overriding=[], cmake_args=None, cmake_target=None, cmake_target_skip_unavailable=False, cmake_clean_cache=False, cmake_clean_first=False, cmake_force_configure=False, ament_cmake_args=None, catkin_cmake_args=None, catkin_skip_building_tests=False, verb_parser=<colcon_defaults.argument_parser.defaults.DefaultArgumentsDecorator object at 0xffffaaeba360>, verb_extension=<colcon_core.verb.build.BuildVerb object at 0xffffab076ea0>, main=<bound method BuildVerb.main of <colcon_core.verb.build.BuildVerb object at 0xffffab076ea0>>)
[3.016s] Level 1:colcon.colcon_core.package_discovery:discover_packages(colcon_meta) check parameters
[3.017s] Level 1:colcon.colcon_core.package_discovery:discover_packages(recursive) check parameters
[3.018s] Level 1:colcon.colcon_core.package_discovery:discover_packages(ignore) check parameters
[3.018s] Level 1:colcon.colcon_core.package_discovery:discover_packages(path) check parameters
[3.018s] Level 1:colcon.colcon_core.package_discovery:discover_packages(colcon_meta) discover
[3.019s] Level 1:colcon.colcon_core.package_discovery:discover_packages(recursive) discover
[3.019s] INFO:colcon.colcon_core.package_discovery:Crawling recursively for packages in '/home/ubuntu/open-01/robot_ros2/ros2_ws'
[3.020s] Level 1:colcon.colcon_core.package_identification:_identify(.) by extensions ['ignore', 'ignore_ament_install']
[3.022s] Level 1:colcon.colcon_core.package_identification:_identify(.) by extension 'ignore'
[3.023s] Level 1:colcon.colcon_core.package_identification:_identify(.) by extension 'ignore_ament_install'
[3.024s] Level 1:colcon.colcon_core.package_identification:_identify(.) by extensions ['colcon_pkg']
[3.024s] Level 1:colcon.colcon_core.package_identification:_identify(.) by extension 'colcon_pkg'
[3.025s] Level 1:colcon.colcon_core.package_identification:_identify(.) by extensions ['colcon_meta']
[3.025s] Level 1:colcon.colcon_core.package_identification:_identify(.) by extension 'colcon_meta'
[3.026s] Level 1:colcon.colcon_core.package_identification:_identify(.) by extensions ['ros']
[3.026s] Level 1:colcon.colcon_core.package_identification:_identify(.) by extension 'ros'
[3.374s] Level 1:colcon.colcon_core.package_identification:_identify(.) by extensions ['cmake', 'python']
[3.374s] Level 1:colcon.colcon_core.package_identification:_identify(.) by extension 'cmake'
[3.375s] Level 1:colcon.colcon_core.package_identification:_identify(.) by extension 'python'
[3.375s] Level 1:colcon.colcon_core.package_identification:_identify(.) by extensions ['python_setup_py']
[3.376s] Level 1:colcon.colcon_core.package_identification:_identify(.) by extension 'python_setup_py'
[3.377s] Level 1:colcon.colcon_core.package_identification:_identify(build) by extensions ['ignore', 'ignore_ament_install']
[3.378s] Level 1:colcon.colcon_core.package_identification:_identify(build) by extension 'ignore'
[3.378s] Level 1:colcon.colcon_core.package_identification:_identify(build) ignored
[3.380s] Level 1:colcon.colcon_core.package_identification:_identify(install) by extensions ['ignore', 'ignore_ament_install']
[3.381s] Level 1:colcon.colcon_core.package_identification:_identify(install) by extension 'ignore'
[3.382s] Level 1:colcon.colcon_core.package_identification:_identify(install) ignored
[3.383s] Level 1:colcon.colcon_core.package_identification:_identify(log) by extensions ['ignore', 'ignore_ament_install']
[3.383s] Level 1:colcon.colcon_core.package_identification:_identify(log) by extension 'ignore'
[3.384s] Level 1:colcon.colcon_core.package_identification:_identify(log) ignored
[3.385s] Level 1:colcon.colcon_core.package_identification:_identify(src) by extensions ['ignore', 'ignore_ament_install']
[3.385s] Level 1:colcon.colcon_core.package_identification:_identify(src) by extension 'ignore'
[3.386s] Level 1:colcon.colcon_core.package_identification:_identify(src) by extension 'ignore_ament_install'
[3.387s] Level 1:colcon.colcon_core.package_identification:_identify(src) by extensions ['colcon_pkg']
[3.387s] Level 1:colcon.colcon_core.package_identification:_identify(src) by extension 'colcon_pkg'
[3.387s] Level 1:colcon.colcon_core.package_identification:_identify(src) by extensions ['colcon_meta']
[3.388s] Level 1:colcon.colcon_core.package_identification:_identify(src) by extension 'colcon_meta'
[3.388s] Level 1:colcon.colcon_core.package_identification:_identify(src) by extensions ['ros']
[3.388s] Level 1:colcon.colcon_core.package_identification:_identify(src) by extension 'ros'
[3.390s] Level 1:colcon.colcon_core.package_identification:_identify(src) by extensions ['cmake', 'python']
[3.390s] Level 1:colcon.colcon_core.package_identification:_identify(src) by extension 'cmake'
[3.391s] Level 1:colcon.colcon_core.package_identification:_identify(src) by extension 'python'
[3.392s] Level 1:colcon.colcon_core.package_identification:_identify(src) by extensions ['python_setup_py']
[3.392s] Level 1:colcon.colcon_core.package_identification:_identify(src) by extension 'python_setup_py'
[3.393s] Level 1:colcon.colcon_core.package_identification:_identify(src/open01_bringup) by extensions ['ignore', 'ignore_ament_install']
[3.394s] Level 1:colcon.colcon_core.package_identification:_identify(src/open01_bringup) by extension 'ignore'
[3.395s] Level 1:colcon.colcon_core.package_identification:_identify(src/open01_bringup) by extension 'ignore_ament_install'
[3.396s] Level 1:colcon.colcon_core.package_identification:_identify(src/open01_bringup) by extensions ['colcon_pkg']
[3.396s] Level 1:colcon.colcon_core.package_identification:_identify(src/open01_bringup) by extension 'colcon_pkg'
[3.397s] Level 1:colcon.colcon_core.package_identification:_identify(src/open01_bringup) by extensions ['colcon_meta']
[3.397s] Level 1:colcon.colcon_core.package_identification:_identify(src/open01_bringup) by extension 'colcon_meta'
[3.398s] Level 1:colcon.colcon_core.package_identification:_identify(src/open01_bringup) by extensions ['ros']
[3.398s] Level 1:colcon.colcon_core.package_identification:_identify(src/open01_bringup) by extension 'ros'
[3.437s] DEBUG:colcon.colcon_core.package_identification:Package 'src/open01_bringup' with type 'ros.ament_python' and name 'open01_bringup'
[3.438s] Level 1:colcon.colcon_core.package_identification:_identify(src/open01_serial_bridge) by extensions ['ignore', 'ignore_ament_install']
[3.439s] Level 1:colcon.colcon_core.package_identification:_identify(src/open01_serial_bridge) by extension 'ignore'
[3.440s] Level 1:colcon.colcon_core.package_identification:_identify(src/open01_serial_bridge) by extension 'ignore_ament_install'
[3.441s] Level 1:colcon.colcon_core.package_identification:_identify(src/open01_serial_bridge) by extensions ['colcon_pkg']
[3.441s] Level 1:colcon.colcon_core.package_identification:_identify(src/open01_serial_bridge) by extension 'colcon_pkg'
[3.442s] Level 1:colcon.colcon_core.package_identification:_identify(src/open01_serial_bridge) by extensions ['colcon_meta']
[3.442s] Level 1:colcon.colcon_core.package_identification:_identify(src/open01_serial_bridge) by extension 'colcon_meta'
[3.443s] Level 1:colcon.colcon_core.package_identification:_identify(src/open01_serial_bridge) by extensions ['ros']
[3.443s] Level 1:colcon.colcon_core.package_identification:_identify(src/open01_serial_bridge) by extension 'ros'
[3.449s] DEBUG:colcon.colcon_core.package_identification:Package 'src/open01_serial_bridge' with type 'ros.ament_python' and name 'open01_serial_bridge'
[3.449s] Level 1:colcon.colcon_core.package_discovery:discover_packages(recursive) using defaults
[3.450s] Level 1:colcon.colcon_core.package_discovery:discover_packages(ignore) discover
[3.450s] Level 1:colcon.colcon_core.package_discovery:discover_packages(ignore) using defaults
[3.451s] Level 1:colcon.colcon_core.package_discovery:discover_packages(path) discover
[3.451s] Level 1:colcon.colcon_core.package_discovery:discover_packages(path) using defaults
[3.718s] INFO:colcon.colcon_core.package_selection:Skipping not selected package 'open01_bringup' in 'src/open01_bringup'
[3.723s] Level 1:colcon.colcon_core.package_discovery:discover_packages(prefix_path) check parameters
[3.724s] Level 1:colcon.colcon_core.package_discovery:discover_packages(prefix_path) discover
[3.768s] DEBUG:colcon.colcon_installed_package_information.package_discovery:Found 197 installed packages in /opt/ros/jazzy
[3.774s] Level 1:colcon.colcon_core.package_discovery:discover_packages(prefix_path) using defaults
[4.359s] Level 5:colcon.colcon_core.verb:set package 'open01_serial_bridge' build argument 'cmake_args' from command line to 'None'
[4.360s] Level 5:colcon.colcon_core.verb:set package 'open01_serial_bridge' build argument 'cmake_target' from command line to 'None'
[4.360s] Level 5:colcon.colcon_core.verb:set package 'open01_serial_bridge' build argument 'cmake_target_skip_unavailable' from command line to 'False'
[4.360s] Level 5:colcon.colcon_core.verb:set package 'open01_serial_bridge' build argument 'cmake_clean_cache' from command line to 'False'
[4.360s] Level 5:colcon.colcon_core.verb:set package 'open01_serial_bridge' build argument 'cmake_clean_first' from command line to 'False'
[4.361s] Level 5:colcon.colcon_core.verb:set package 'open01_serial_bridge' build argument 'cmake_force_configure' from command line to 'False'
[4.361s] Level 5:colcon.colcon_core.verb:set package 'open01_serial_bridge' build argument 'ament_cmake_args' from command line to 'None'
[4.361s] Level 5:colcon.colcon_core.verb:set package 'open01_serial_bridge' build argument 'catkin_cmake_args' from command line to 'None'
[4.361s] Level 5:colcon.colcon_core.verb:set package 'open01_serial_bridge' build argument 'catkin_skip_building_tests' from command line to 'False'
[4.362s] DEBUG:colcon.colcon_core.verb:Building package 'open01_serial_bridge' with the following arguments: {'ament_cmake_args': None, 'build_base': '/home/ubuntu/open-01/robot_ros2/ros2_ws/build/open01_serial_bridge', 'catkin_cmake_args': None, 'catkin_skip_building_tests': False, 'cmake_args': None, 'cmake_clean_cache': False, 'cmake_clean_first': False, 'cmake_force_configure': False, 'cmake_target': None, 'cmake_target_skip_unavailable': False, 'install_base': '/home/ubuntu/open-01/robot_ros2/ros2_ws/install/open01_serial_bridge', 'merge_install': False, 'path': '/home/ubuntu/open-01/robot_ros2/ros2_ws/src/open01_serial_bridge', 'symlink_install': True, 'test_result_base': None}
[4.362s] INFO:colcon.colcon_core.executor:Executing jobs using 'parallel' executor
[4.370s] DEBUG:colcon.colcon_parallel_executor.executor.parallel:run_until_complete
[4.371s] INFO:colcon.colcon_ros.task.ament_python.build:Building ROS package in '/home/ubuntu/open-01/robot_ros2/ros2_ws/src/open01_serial_bridge' with build type 'ament_python'
[4.373s] Level 1:colcon.colcon_core.shell:create_environment_hook('open01_serial_bridge', 'ament_prefix_path')
[4.409s] INFO:colcon.colcon_core.plugin_system:Skipping extension 'colcon_core.shell.bat': Not used on non-Windows systems
[4.411s] INFO:colcon.colcon_core.shell:Creating environment hook '/home/ubuntu/open-01/robot_ros2/ros2_ws/install/open01_serial_bridge/share/open01_serial_bridge/hook/ament_prefix_path.ps1'
[4.419s] INFO:colcon.colcon_core.shell:Creating environment descriptor '/home/ubuntu/open-01/robot_ros2/ros2_ws/install/open01_serial_bridge/share/open01_serial_bridge/hook/ament_prefix_path.dsv'
[4.425s] INFO:colcon.colcon_core.shell:Creating environment hook '/home/ubuntu/open-01/robot_ros2/ros2_ws/install/open01_serial_bridge/share/open01_serial_bridge/hook/ament_prefix_path.sh'
[4.433s] INFO:colcon.colcon_core.shell:Skip shell extension 'powershell' for command environment: Not usable outside of PowerShell
[4.433s] DEBUG:colcon.colcon_core.shell:Skip shell extension 'dsv' for command environment
[6.694s] INFO:colcon.colcon_core.task.python.build:Building Python package in '/home/ubuntu/open-01/robot_ros2/ros2_ws/src/open01_serial_bridge'
[6.696s] INFO:colcon.colcon_core.shell:Skip shell extension 'powershell' for command environment: Not usable outside of PowerShell
[6.696s] DEBUG:colcon.colcon_core.shell:Skip shell extension 'dsv' for command environment
[14.056s] DEBUG:colcon.colcon_core.event_handler.log_command:Invoking command in '/home/ubuntu/open-01/robot_ros2/ros2_ws/build/open01_serial_bridge': PS1=(.venv) \[\e]0;\u@\h: \w\a\]${debian_chroot:+($debian_chroot)}\[\033[01;32m\]\u@\h\[\033[00m\]:\[\033[01;34m\]\w\[\033[00m\]\$ PYTHONPATH=/home/ubuntu/open-01/robot_ros2/ros2_ws/build/open01_serial_bridge/prefix_override:/usr/lib/python3/dist-packages/colcon_core/task/python/colcon_distutils_commands:/home/ubuntu/open-01/robot_ros2/ros2_ws/install/open01_serial_bridge/lib/python3.12/site-packages:${PYTHONPATH} VIRTUAL_ENV_PROMPT=(.venv) /usr/bin/python3 -W ignore:setup.py install is deprecated -W ignore:easy_install command is deprecated setup.py develop --editable --build-directory /home/ubuntu/open-01/robot_ros2/ros2_ws/build/open01_serial_bridge/build --no-deps symlink_data
[20.929s] Level 1:colcon.colcon_core.shell:create_environment_hook('open01_serial_bridge', 'pythonpath_develop')
[20.931s] INFO:colcon.colcon_core.shell:Creating environment hook '/home/ubuntu/open-01/robot_ros2/ros2_ws/build/open01_serial_bridge/share/open01_serial_bridge/hook/pythonpath_develop.ps1'
[20.934s] DEBUG:colcon.colcon_core.event_handler.log_command:Invoked command in '/home/ubuntu/open-01/robot_ros2/ros2_ws/build/open01_serial_bridge' returned '0': PS1=(.venv) \[\e]0;\u@\h: \w\a\]${debian_chroot:+($debian_chroot)}\[\033[01;32m\]\u@\h\[\033[00m\]:\[\033[01;34m\]\w\[\033[00m\]\$ PYTHONPATH=/home/ubuntu/open-01/robot_ros2/ros2_ws/build/open01_serial_bridge/prefix_override:/usr/lib/python3/dist-packages/colcon_core/task/python/colcon_distutils_commands:/home/ubuntu/open-01/robot_ros2/ros2_ws/install/open01_serial_bridge/lib/python3.12/site-packages:${PYTHONPATH} VIRTUAL_ENV_PROMPT=(.venv) /usr/bin/python3 -W ignore:setup.py install is deprecated -W ignore:easy_install command is deprecated setup.py develop --editable --build-directory /home/ubuntu/open-01/robot_ros2/ros2_ws/build/open01_serial_bridge/build --no-deps symlink_data
[20.938s] INFO:colcon.colcon_core.shell:Creating environment descriptor '/home/ubuntu/open-01/robot_ros2/ros2_ws/build/open01_serial_bridge/share/open01_serial_bridge/hook/pythonpath_develop.dsv'
[20.943s] INFO:colcon.colcon_core.shell:Creating environment hook '/home/ubuntu/open-01/robot_ros2/ros2_ws/build/open01_serial_bridge/share/open01_serial_bridge/hook/pythonpath_develop.sh'
[20.993s] Level 1:colcon.colcon_core.environment:checking '/home/ubuntu/open-01/robot_ros2/ros2_ws/install/open01_serial_bridge' for CMake module files
[21.000s] Level 1:colcon.colcon_core.environment:checking '/home/ubuntu/open-01/robot_ros2/ros2_ws/install/open01_serial_bridge' for CMake config files
[21.008s] Level 1:colcon.colcon_core.environment:checking '/home/ubuntu/open-01/robot_ros2/ros2_ws/install/open01_serial_bridge/lib'
[21.010s] Level 1:colcon.colcon_core.environment:checking '/home/ubuntu/open-01/robot_ros2/ros2_ws/install/open01_serial_bridge/bin'
[21.011s] Level 1:colcon.colcon_core.environment:checking '/home/ubuntu/open-01/robot_ros2/ros2_ws/install/open01_serial_bridge/lib/pkgconfig/open01_serial_bridge.pc'
[21.013s] Level 1:colcon.colcon_core.environment:checking '/home/ubuntu/open-01/robot_ros2/ros2_ws/install/open01_serial_bridge/lib/python3.12/site-packages'
[21.015s] Level 1:colcon.colcon_core.shell:create_environment_hook('open01_serial_bridge', 'pythonpath')
[21.016s] INFO:colcon.colcon_core.shell:Creating environment hook '/home/ubuntu/open-01/robot_ros2/ros2_ws/install/open01_serial_bridge/share/open01_serial_bridge/hook/pythonpath.ps1'
[21.020s] INFO:colcon.colcon_core.shell:Creating environment descriptor '/home/ubuntu/open-01/robot_ros2/ros2_ws/install/open01_serial_bridge/share/open01_serial_bridge/hook/pythonpath.dsv'
[21.024s] INFO:colcon.colcon_core.shell:Creating environment hook '/home/ubuntu/open-01/robot_ros2/ros2_ws/install/open01_serial_bridge/share/open01_serial_bridge/hook/pythonpath.sh'
[21.031s] Level 1:colcon.colcon_core.environment:checking '/home/ubuntu/open-01/robot_ros2/ros2_ws/install/open01_serial_bridge/bin'
[21.032s] Level 1:colcon.colcon_core.environment:create_environment_scripts_only(open01_serial_bridge)
[21.034s] INFO:colcon.colcon_core.shell:Creating package script '/home/ubuntu/open-01/robot_ros2/ros2_ws/install/open01_serial_bridge/share/open01_serial_bridge/package.ps1'
[21.043s] INFO:colcon.colcon_core.shell:Creating package descriptor '/home/ubuntu/open-01/robot_ros2/ros2_ws/install/open01_serial_bridge/share/open01_serial_bridge/package.dsv'
[21.050s] INFO:colcon.colcon_core.shell:Creating package script '/home/ubuntu/open-01/robot_ros2/ros2_ws/install/open01_serial_bridge/share/open01_serial_bridge/package.sh'
[21.059s] INFO:colcon.colcon_core.shell:Creating package script '/home/ubuntu/open-01/robot_ros2/ros2_ws/install/open01_serial_bridge/share/open01_serial_bridge/package.bash'
[21.069s] INFO:colcon.colcon_core.shell:Creating package script '/home/ubuntu/open-01/robot_ros2/ros2_ws/install/open01_serial_bridge/share/open01_serial_bridge/package.zsh'
[21.076s] Level 1:colcon.colcon_core.environment:create_file_with_runtime_dependencies(/home/ubuntu/open-01/robot_ros2/ros2_ws/install/open01_serial_bridge/share/colcon-core/packages/open01_serial_bridge)
[21.080s] DEBUG:colcon.colcon_parallel_executor.executor.parallel:closing loop
[21.083s] DEBUG:colcon.colcon_parallel_executor.executor.parallel:loop closed
[21.084s] DEBUG:colcon.colcon_parallel_executor.executor.parallel:run_until_complete finished with '0'
[21.085s] DEBUG:colcon.colcon_core.event_reactor:joining thread
[21.166s] INFO:colcon.colcon_core.plugin_system:Skipping extension 'colcon_notification.desktop_notification.notify_send': Could not find 'notify-send'
[21.167s] INFO:colcon.colcon_core.plugin_system:Skipping extension 'colcon_notification.desktop_notification.terminal_notifier': Not used on non-Darwin systems
[21.168s] INFO:colcon.colcon_core.plugin_system:Skipping extension 'colcon_notification.desktop_notification.win32': Not used on non-Windows systems
[21.168s] INFO:colcon.colcon_notification.desktop_notification:Sending desktop notification using 'notify2'
[21.181s] DEBUG:colcon.colcon_notification.desktop_notification.notify2:Failed to initialize notify2: org.freedesktop.DBus.Error.ServiceUnknown: The name org.freedesktop.Notifications was not provided by any .service files
[21.182s] DEBUG:colcon.colcon_core.event_reactor:joined thread
[21.184s] INFO:colcon.colcon_core.shell:Creating prefix script '/home/ubuntu/open-01/robot_ros2/ros2_ws/install/local_setup.ps1'
[21.194s] INFO:colcon.colcon_core.shell:Creating prefix util module '/home/ubuntu/open-01/robot_ros2/ros2_ws/install/_local_setup_util_ps1.py'
[21.209s] INFO:colcon.colcon_core.shell:Creating prefix chain script '/home/ubuntu/open-01/robot_ros2/ros2_ws/install/setup.ps1'
[21.217s] INFO:colcon.colcon_core.shell:Creating prefix script '/home/ubuntu/open-01/robot_ros2/ros2_ws/install/local_setup.sh'
[21.224s] INFO:colcon.colcon_core.shell:Creating prefix util module '/home/ubuntu/open-01/robot_ros2/ros2_ws/install/_local_setup_util_sh.py'
[21.230s] INFO:colcon.colcon_core.shell:Creating prefix chain script '/home/ubuntu/open-01/robot_ros2/ros2_ws/install/setup.sh'
[21.238s] INFO:colcon.colcon_core.shell:Creating prefix script '/home/ubuntu/open-01/robot_ros2/ros2_ws/install/local_setup.bash'
[21.244s] INFO:colcon.colcon_core.shell:Creating prefix chain script '/home/ubuntu/open-01/robot_ros2/ros2_ws/install/setup.bash'
[21.253s] INFO:colcon.colcon_core.shell:Creating prefix script '/home/ubuntu/open-01/robot_ros2/ros2_ws/install/local_setup.zsh'
[21.260s] INFO:colcon.colcon_core.shell:Creating prefix chain script '/home/ubuntu/open-01/robot_ros2/ros2_ws/install/setup.zsh'
