[1.162s] DEBUG:colcon:Command line arguments: ['/usr/bin/colcon', 'build']
[1.163s] DEBUG:colcon:Parsed command line arguments: Namespace(log_base=None, log_level=None, verb_name='build', build_base='build', install_base='install', merge_install=False, symlink_install=False, test_result_base=None, continue_on_error=False, executor='parallel', parallel_workers=4, event_handlers=None, ignore_user_meta=False, metas=['./colcon.meta'], base_paths=['.'], packages_ignore=None, packages_ignore_regex=None, paths=None, packages_up_to=None, packages_up_to_regex=None, packages_above=None, packages_above_and_dependencies=None, packages_above_depth=None, packages_select_by_dep=None, packages_skip_by_dep=None, packages_skip_up_to=None, packages_select_build_failed=False, packages_skip_build_finished=False, packages_select_test_failures=False, packages_skip_test_passed=False, packages_select=None, packages_skip=None, packages_select_regex=None, packages_skip_regex=None, packages_start=None, packages_end=None, allow_overriding=[], cmake_args=None, cmake_target=None, cmake_target_skip_unavailable=False, cmake_clean_cache=False, cmake_clean_first=False, cmake_force_configure=False, ament_cmake_args=None, catkin_cmake_args=None, catkin_skip_building_tests=False, verb_parser=<colcon_defaults.argument_parser.defaults.DefaultArgumentsDecorator object at 0xffffa81d3760>, verb_extension=<colcon_core.verb.build.BuildVerb object at 0xffffa8310b50>, main=<bound method BuildVerb.main of <colcon_core.verb.build.BuildVerb object at 0xffffa8310b50>>)
[3.285s] Level 1:colcon.colcon_core.package_discovery:discover_packages(colcon_meta) check parameters
[3.286s] Level 1:colcon.colcon_core.package_discovery:discover_packages(recursive) check parameters
[3.287s] Level 1:colcon.colcon_core.package_discovery:discover_packages(ignore) check parameters
[3.287s] Level 1:colcon.colcon_core.package_discovery:discover_packages(path) check parameters
[3.287s] Level 1:colcon.colcon_core.package_discovery:discover_packages(colcon_meta) discover
[3.288s] Level 1:colcon.colcon_core.package_discovery:discover_packages(recursive) discover
[3.288s] INFO:colcon.colcon_core.package_discovery:Crawling recursively for packages in '/home/open01/open-01/robot_ros2/ros2_ws'
[3.289s] Level 1:colcon.colcon_core.package_identification:_identify(.) by extensions ['ignore', 'ignore_ament_install']
[3.290s] Level 1:colcon.colcon_core.package_identification:_identify(.) by extension 'ignore'
[3.291s] Level 1:colcon.colcon_core.package_identification:_identify(.) by extension 'ignore_ament_install'
[3.291s] Level 1:colcon.colcon_core.package_identification:_identify(.) by extensions ['colcon_pkg']
[3.292s] Level 1:colcon.colcon_core.package_identification:_identify(.) by extension 'colcon_pkg'
[3.292s] Level 1:colcon.colcon_core.package_identification:_identify(.) by extensions ['colcon_meta']
[3.292s] Level 1:colcon.colcon_core.package_identification:_identify(.) by extension 'colcon_meta'
[3.293s] Level 1:colcon.colcon_core.package_identification:_identify(.) by extensions ['ros']
[3.293s] Level 1:colcon.colcon_core.package_identification:_identify(.) by extension 'ros'
[3.414s] Level 1:colcon.colcon_core.package_identification:_identify(.) by extensions ['cmake', 'python']
[3.415s] Level 1:colcon.colcon_core.package_identification:_identify(.) by extension 'cmake'
[3.416s] Level 1:colcon.colcon_core.package_identification:_identify(.) by extension 'python'
[3.416s] Level 1:colcon.colcon_core.package_identification:_identify(.) by extensions ['python_setup_py']
[3.416s] Level 1:colcon.colcon_core.package_identification:_identify(.) by extension 'python_setup_py'
[3.418s] Level 1:colcon.colcon_core.package_identification:_identify(build) by extensions ['ignore', 'ignore_ament_install']
[3.418s] Level 1:colcon.colcon_core.package_identification:_identify(build) by extension 'ignore'
[3.419s] Level 1:colcon.colcon_core.package_identification:_identify(build) ignored
[3.421s] Level 1:colcon.colcon_core.package_identification:_identify(install) by extensions ['ignore', 'ignore_ament_install']
[3.422s] Level 1:colcon.colcon_core.package_identification:_identify(install) by extension 'ignore'
[3.422s] Level 1:colcon.colcon_core.package_identification:_identify(install) ignored
[3.423s] Level 1:colcon.colcon_core.package_identification:_identify(log) by extensions ['ignore', 'ignore_ament_install']
[3.424s] Level 1:colcon.colcon_core.package_identification:_identify(log) by extension 'ignore'
[3.425s] Level 1:colcon.colcon_core.package_identification:_identify(log) ignored
[3.426s] Level 1:colcon.colcon_core.package_identification:_identify(src) by extensions ['ignore', 'ignore_ament_install']
[3.427s] Level 1:colcon.colcon_core.package_identification:_identify(src) by extension 'ignore'
[3.427s] Level 1:colcon.colcon_core.package_identification:_identify(src) by extension 'ignore_ament_install'
[3.428s] Level 1:colcon.colcon_core.package_identification:_identify(src) by extensions ['colcon_pkg']
[3.428s] Level 1:colcon.colcon_core.package_identification:_identify(src) by extension 'colcon_pkg'
[3.429s] Level 1:colcon.colcon_core.package_identification:_identify(src) by extensions ['colcon_meta']
[3.429s] Level 1:colcon.colcon_core.package_identification:_identify(src) by extension 'colcon_meta'
[3.429s] Level 1:colcon.colcon_core.package_identification:_identify(src) by extensions ['ros']
[3.430s] Level 1:colcon.colcon_core.package_identification:_identify(src) by extension 'ros'
[3.431s] Level 1:colcon.colcon_core.package_identification:_identify(src) by extensions ['cmake', 'python']
[3.431s] Level 1:colcon.colcon_core.package_identification:_identify(src) by extension 'cmake'
[3.432s] Level 1:colcon.colcon_core.package_identification:_identify(src) by extension 'python'
[3.432s] Level 1:colcon.colcon_core.package_identification:_identify(src) by extensions ['python_setup_py']
[3.432s] Level 1:colcon.colcon_core.package_identification:_identify(src) by extension 'python_setup_py'
[3.434s] Level 1:colcon.colcon_core.package_identification:_identify(src/open01_bringup) by extensions ['ignore', 'ignore_ament_install']
[3.435s] Level 1:colcon.colcon_core.package_identification:_identify(src/open01_bringup) by extension 'ignore'
[3.435s] Level 1:colcon.colcon_core.package_identification:_identify(src/open01_bringup) by extension 'ignore_ament_install'
[3.436s] Level 1:colcon.colcon_core.package_identification:_identify(src/open01_bringup) by extensions ['colcon_pkg']
[3.436s] Level 1:colcon.colcon_core.package_identification:_identify(src/open01_bringup) by extension 'colcon_pkg'
[3.437s] Level 1:colcon.colcon_core.package_identification:_identify(src/open01_bringup) by extensions ['colcon_meta']
[3.437s] Level 1:colcon.colcon_core.package_identification:_identify(src/open01_bringup) by extension 'colcon_meta'
[3.437s] Level 1:colcon.colcon_core.package_identification:_identify(src/open01_bringup) by extensions ['ros']
[3.438s] Level 1:colcon.colcon_core.package_identification:_identify(src/open01_bringup) by extension 'ros'
[3.457s] DEBUG:colcon.colcon_core.package_identification:Package 'src/open01_bringup' with type 'ros.ament_python' and name 'open01_bringup'
[3.459s] Level 1:colcon.colcon_core.package_identification:_identify(src/open01_serial_bridge) by extensions ['ignore', 'ignore_ament_install']
[3.460s] Level 1:colcon.colcon_core.package_identification:_identify(src/open01_serial_bridge) by extension 'ignore'
[3.460s] Level 1:colcon.colcon_core.package_identification:_identify(src/open01_serial_bridge) by extension 'ignore_ament_install'
[3.461s] Level 1:colcon.colcon_core.package_identification:_identify(src/open01_serial_bridge) by extensions ['colcon_pkg']
[3.461s] Level 1:colcon.colcon_core.package_identification:_identify(src/open01_serial_bridge) by extension 'colcon_pkg'
[3.462s] Level 1:colcon.colcon_core.package_identification:_identify(src/open01_serial_bridge) by extensions ['colcon_meta']
[3.462s] Level 1:colcon.colcon_core.package_identification:_identify(src/open01_serial_bridge) by extension 'colcon_meta'
[3.462s] Level 1:colcon.colcon_core.package_identification:_identify(src/open01_serial_bridge) by extensions ['ros']
[3.463s] Level 1:colcon.colcon_core.package_identification:_identify(src/open01_serial_bridge) by extension 'ros'
[3.468s] DEBUG:colcon.colcon_core.package_identification:Package 'src/open01_serial_bridge' with type 'ros.ament_python' and name 'open01_serial_bridge'
[3.469s] Level 1:colcon.colcon_core.package_discovery:discover_packages(recursive) using defaults
[3.469s] Level 1:colcon.colcon_core.package_discovery:discover_packages(ignore) discover
[3.470s] Level 1:colcon.colcon_core.package_discovery:discover_packages(ignore) using defaults
[3.470s] Level 1:colcon.colcon_core.package_discovery:discover_packages(path) discover
[3.470s] Level 1:colcon.colcon_core.package_discovery:discover_packages(path) using defaults
[3.663s] Level 1:colcon.colcon_core.package_discovery:discover_packages(prefix_path) check parameters
[3.663s] Level 1:colcon.colcon_core.package_discovery:discover_packages(prefix_path) discover
[3.685s] DEBUG:colcon.colcon_installed_package_information.package_discovery:Found 2 installed packages in /home/open01/open-01/robot_ros2/ros2_ws/install
[3.706s] DEBUG:colcon.colcon_installed_package_information.package_discovery:Found 273 installed packages in /opt/ros/humble
[3.733s] Level 1:colcon.colcon_core.package_discovery:discover_packages(prefix_path) using defaults
[4.294s] Level 5:colcon.colcon_core.verb:set package 'open01_serial_bridge' build argument 'cmake_args' from command line to 'None'
[4.294s] Level 5:colcon.colcon_core.verb:set package 'open01_serial_bridge' build argument 'cmake_target' from command line to 'None'
[4.295s] Level 5:colcon.colcon_core.verb:set package 'open01_serial_bridge' build argument 'cmake_target_skip_unavailable' from command line to 'False'
[4.295s] Level 5:colcon.colcon_core.verb:set package 'open01_serial_bridge' build argument 'cmake_clean_cache' from command line to 'False'
[4.295s] Level 5:colcon.colcon_core.verb:set package 'open01_serial_bridge' build argument 'cmake_clean_first' from command line to 'False'
[4.296s] Level 5:colcon.colcon_core.verb:set package 'open01_serial_bridge' build argument 'cmake_force_configure' from command line to 'False'
[4.296s] Level 5:colcon.colcon_core.verb:set package 'open01_serial_bridge' build argument 'ament_cmake_args' from command line to 'None'
[4.296s] Level 5:colcon.colcon_core.verb:set package 'open01_serial_bridge' build argument 'catkin_cmake_args' from command line to 'None'
[4.296s] Level 5:colcon.colcon_core.verb:set package 'open01_serial_bridge' build argument 'catkin_skip_building_tests' from command line to 'False'
[4.297s] DEBUG:colcon.colcon_core.verb:Building package 'open01_serial_bridge' with the following arguments: {'ament_cmake_args': None, 'build_base': '/home/open01/open-01/robot_ros2/ros2_ws/build/open01_serial_bridge', 'catkin_cmake_args': None, 'catkin_skip_building_tests': False, 'cmake_args': None, 'cmake_clean_cache': False, 'cmake_clean_first': False, 'cmake_force_configure': False, 'cmake_target': None, 'cmake_target_skip_unavailable': False, 'install_base': '/home/open01/open-01/robot_ros2/ros2_ws/install/open01_serial_bridge', 'merge_install': False, 'path': '/home/open01/open-01/robot_ros2/ros2_ws/src/open01_serial_bridge', 'symlink_install': False, 'test_result_base': None}
[4.301s] Level 5:colcon.colcon_core.verb:set package 'open01_bringup' build argument 'cmake_args' from command line to 'None'
[4.301s] Level 5:colcon.colcon_core.verb:set package 'open01_bringup' build argument 'cmake_target' from command line to 'None'
[4.301s] Level 5:colcon.colcon_core.verb:set package 'open01_bringup' build argument 'cmake_target_skip_unavailable' from command line to 'False'
[4.302s] Level 5:colcon.colcon_core.verb:set package 'open01_bringup' build argument 'cmake_clean_cache' from command line to 'False'
[4.302s] Level 5:colcon.colcon_core.verb:set package 'open01_bringup' build argument 'cmake_clean_first' from command line to 'False'
[4.302s] Level 5:colcon.colcon_core.verb:set package 'open01_bringup' build argument 'cmake_force_configure' from command line to 'False'
[4.302s] Level 5:colcon.colcon_core.verb:set package 'open01_bringup' build argument 'ament_cmake_args' from command line to 'None'
[4.303s] Level 5:colcon.colcon_core.verb:set package 'open01_bringup' build argument 'catkin_cmake_args' from command line to 'None'
[4.303s] Level 5:colcon.colcon_core.verb:set package 'open01_bringup' build argument 'catkin_skip_building_tests' from command line to 'False'
[4.303s] DEBUG:colcon.colcon_core.verb:Building package 'open01_bringup' with the following arguments: {'ament_cmake_args': None, 'build_base': '/home/open01/open-01/robot_ros2/ros2_ws/build/open01_bringup', 'catkin_cmake_args': None, 'catkin_skip_building_tests': False, 'cmake_args': None, 'cmake_clean_cache': False, 'cmake_clean_first': False, 'cmake_force_configure': False, 'cmake_target': None, 'cmake_target_skip_unavailable': False, 'install_base': '/home/open01/open-01/robot_ros2/ros2_ws/install/open01_bringup', 'merge_install': False, 'path': '/home/open01/open-01/robot_ros2/ros2_ws/src/open01_bringup', 'symlink_install': False, 'test_result_base': None}
[4.305s] INFO:colcon.colcon_core.executor:Executing jobs using 'parallel' executor
[4.312s] DEBUG:colcon.colcon_parallel_executor.executor.parallel:run_until_complete
[4.315s] INFO:colcon.colcon_ros.task.ament_python.build:Building ROS package in '/home/open01/open-01/robot_ros2/ros2_ws/src/open01_serial_bridge' with build type 'ament_python'
[4.317s] Level 1:colcon.colcon_core.shell:create_environment_hook('open01_serial_bridge', 'ament_prefix_path')
[4.340s] INFO:colcon.colcon_core.plugin_system:Skipping extension 'colcon_core.shell.bat': Not used on non-Windows systems
[4.342s] INFO:colcon.colcon_core.shell:Creating environment hook '/home/open01/open-01/robot_ros2/ros2_ws/install/open01_serial_bridge/share/open01_serial_bridge/hook/ament_prefix_path.ps1'
[4.350s] INFO:colcon.colcon_core.shell:Creating environment descriptor '/home/open01/open-01/robot_ros2/ros2_ws/install/open01_serial_bridge/share/open01_serial_bridge/hook/ament_prefix_path.dsv'
[4.355s] INFO:colcon.colcon_core.shell:Creating environment hook '/home/open01/open-01/robot_ros2/ros2_ws/install/open01_serial_bridge/share/open01_serial_bridge/hook/ament_prefix_path.sh'
[4.364s] INFO:colcon.colcon_core.shell:Skip shell extension 'powershell' for command environment: Not usable outside of PowerShell
[4.364s] DEBUG:colcon.colcon_core.shell:Skip shell extension 'dsv' for command environment
[7.482s] INFO:colcon.colcon_core.task.python.build:Building Python package in '/home/open01/open-01/robot_ros2/ros2_ws/src/open01_serial_bridge'
[7.485s] INFO:colcon.colcon_core.shell:Skip shell extension 'powershell' for command environment: Not usable outside of PowerShell
[7.485s] DEBUG:colcon.colcon_core.shell:Skip shell extension 'dsv' for command environment
[11.674s] DEBUG:colcon.colcon_core.event_handler.log_command:Invoking command in '/home/open01/open-01/robot_ros2/ros2_ws/src/open01_serial_bridge': PS1=(.venv) \[\e]0;\u@\h: \w\a\]${debian_chroot:+($debian_chroot)}\[\033[01;32m\]\u@\h\[\033[00m\]:\[\033[01;34m\]\w\[\033[00m\]\$ PYTHONPATH=/home/open01/open-01/robot_ros2/ros2_ws/build/open01_serial_bridge/prefix_override:/usr/lib/python3/dist-packages/colcon_core/task/python/colcon_distutils_commands:/home/open01/open-01/robot_ros2/ros2_ws/install/open01_serial_bridge/lib/python3.10/site-packages:${PYTHONPATH} VIRTUAL_ENV_PROMPT=(.venv) /usr/bin/python3 -W ignore:setup.py install is deprecated -W ignore:easy_install command is deprecated setup.py egg_info --egg-base ../../build/open01_serial_bridge build --build-base /home/open01/open-01/robot_ros2/ros2_ws/build/open01_serial_bridge/build install --record /home/open01/open-01/robot_ros2/ros2_ws/build/open01_serial_bridge/install.log --single-version-externally-managed install_data
[15.177s] DEBUG:colcon.colcon_core.event_handler.log_command:Invoked command in '/home/open01/open-01/robot_ros2/ros2_ws/src/open01_serial_bridge' returned '0': PS1=(.venv) \[\e]0;\u@\h: \w\a\]${debian_chroot:+($debian_chroot)}\[\033[01;32m\]\u@\h\[\033[00m\]:\[\033[01;34m\]\w\[\033[00m\]\$ PYTHONPATH=/home/open01/open-01/robot_ros2/ros2_ws/build/open01_serial_bridge/prefix_override:/usr/lib/python3/dist-packages/colcon_core/task/python/colcon_distutils_commands:/home/open01/open-01/robot_ros2/ros2_ws/install/open01_serial_bridge/lib/python3.10/site-packages:${PYTHONPATH} VIRTUAL_ENV_PROMPT=(.venv) /usr/bin/python3 -W ignore:setup.py install is deprecated -W ignore:easy_install command is deprecated setup.py egg_info --egg-base ../../build/open01_serial_bridge build --build-base /home/open01/open-01/robot_ros2/ros2_ws/build/open01_serial_bridge/build install --record /home/open01/open-01/robot_ros2/ros2_ws/build/open01_serial_bridge/install.log --single-version-externally-managed install_data
[15.205s] Level 1:colcon.colcon_core.environment:checking '/home/open01/open-01/robot_ros2/ros2_ws/install/open01_serial_bridge' for CMake module files
[15.211s] Level 1:colcon.colcon_core.environment:checking '/home/open01/open-01/robot_ros2/ros2_ws/install/open01_serial_bridge' for CMake config files
[15.220s] Level 1:colcon.colcon_core.environment:checking '/home/open01/open-01/robot_ros2/ros2_ws/install/open01_serial_bridge/lib'
[15.222s] Level 1:colcon.colcon_core.environment:checking '/home/open01/open-01/robot_ros2/ros2_ws/install/open01_serial_bridge/bin'
[15.223s] Level 1:colcon.colcon_core.environment:checking '/home/open01/open-01/robot_ros2/ros2_ws/install/open01_serial_bridge/lib/pkgconfig/open01_serial_bridge.pc'
[15.225s] Level 1:colcon.colcon_core.environment:checking '/home/open01/open-01/robot_ros2/ros2_ws/install/open01_serial_bridge/lib/python3.10/site-packages'
[15.226s] Level 1:colcon.colcon_core.shell:create_environment_hook('open01_serial_bridge', 'pythonpath')
[15.228s] INFO:colcon.colcon_core.shell:Creating environment hook '/home/open01/open-01/robot_ros2/ros2_ws/install/open01_serial_bridge/share/open01_serial_bridge/hook/pythonpath.ps1'
[15.233s] INFO:colcon.colcon_core.shell:Creating environment descriptor '/home/open01/open-01/robot_ros2/ros2_ws/install/open01_serial_bridge/share/open01_serial_bridge/hook/pythonpath.dsv'
[15.237s] INFO:colcon.colcon_core.shell:Creating environment hook '/home/open01/open-01/robot_ros2/ros2_ws/install/open01_serial_bridge/share/open01_serial_bridge/hook/pythonpath.sh'
[15.245s] Level 1:colcon.colcon_core.environment:checking '/home/open01/open-01/robot_ros2/ros2_ws/install/open01_serial_bridge/bin'
[15.246s] Level 1:colcon.colcon_core.environment:create_environment_scripts_only(open01_serial_bridge)
[15.250s] INFO:colcon.colcon_core.shell:Creating package script '/home/open01/open-01/robot_ros2/ros2_ws/install/open01_serial_bridge/share/open01_serial_bridge/package.ps1'
[15.259s] INFO:colcon.colcon_core.shell:Creating package descriptor '/home/open01/open-01/robot_ros2/ros2_ws/install/open01_serial_bridge/share/open01_serial_bridge/package.dsv'
[15.265s] INFO:colcon.colcon_core.shell:Creating package script '/home/open01/open-01/robot_ros2/ros2_ws/install/open01_serial_bridge/share/open01_serial_bridge/package.sh'
[15.274s] INFO:colcon.colcon_core.shell:Creating package script '/home/open01/open-01/robot_ros2/ros2_ws/install/open01_serial_bridge/share/open01_serial_bridge/package.bash'
[15.282s] INFO:colcon.colcon_core.shell:Creating package script '/home/open01/open-01/robot_ros2/ros2_ws/install/open01_serial_bridge/share/open01_serial_bridge/package.zsh'
[15.290s] Level 1:colcon.colcon_core.environment:create_file_with_runtime_dependencies(/home/open01/open-01/robot_ros2/ros2_ws/install/open01_serial_bridge/share/colcon-core/packages/open01_serial_bridge)
[15.296s] INFO:colcon.colcon_ros.task.ament_python.build:Building ROS package in '/home/open01/open-01/robot_ros2/ros2_ws/src/open01_bringup' with build type 'ament_python'
[15.297s] Level 1:colcon.colcon_core.shell:create_environment_hook('open01_bringup', 'ament_prefix_path')
[15.300s] INFO:colcon.colcon_core.shell:Creating environment hook '/home/open01/open-01/robot_ros2/ros2_ws/install/open01_bringup/share/open01_bringup/hook/ament_prefix_path.ps1'
[15.308s] INFO:colcon.colcon_core.shell:Creating environment descriptor '/home/open01/open-01/robot_ros2/ros2_ws/install/open01_bringup/share/open01_bringup/hook/ament_prefix_path.dsv'
[15.313s] INFO:colcon.colcon_core.shell:Creating environment hook '/home/open01/open-01/robot_ros2/ros2_ws/install/open01_bringup/share/open01_bringup/hook/ament_prefix_path.sh'
[15.320s] INFO:colcon.colcon_core.shell:Skip shell extension 'powershell' for command environment: Not usable outside of PowerShell
[15.321s] DEBUG:colcon.colcon_core.shell:Skip shell extension 'dsv' for command environment
[18.457s] INFO:colcon.colcon_core.task.python.build:Building Python package in '/home/open01/open-01/robot_ros2/ros2_ws/src/open01_bringup'
[18.460s] INFO:colcon.colcon_core.shell:Skip shell extension 'powershell' for command environment: Not usable outside of PowerShell
[18.462s] DEBUG:colcon.colcon_core.shell:Skip shell extension 'dsv' for command environment
[22.709s] DEBUG:colcon.colcon_core.event_handler.log_command:Invoking command in '/home/open01/open-01/robot_ros2/ros2_ws/src/open01_bringup': AMENT_PREFIX_PATH=/home/open01/open-01/robot_ros2/ros2_ws/install/open01_serial_bridge:/home/open01/open-01/robot_ros2/ros2_ws/install/open01_bringup:/opt/ros/humble PS1=(.venv) \[\e]0;\u@\h: \w\a\]${debian_chroot:+($debian_chroot)}\[\033[01;32m\]\u@\h\[\033[00m\]:\[\033[01;34m\]\w\[\033[00m\]\$ PYTHONPATH=/home/open01/open-01/robot_ros2/ros2_ws/build/open01_bringup/prefix_override:/usr/lib/python3/dist-packages/colcon_core/task/python/colcon_distutils_commands:/home/open01/open-01/robot_ros2/ros2_ws/install/open01_bringup/lib/python3.10/site-packages:/home/open01/open-01/robot_ros2/ros2_ws/install/open01_serial_bridge/lib/python3.10/site-packages:/home/open01/open-01/robot_ros2/ros2_ws/install/open01_bringup/lib/python3.10/site-packages:/opt/ros/humble/lib/python3.10/site-packages:/opt/ros/humble/local/lib/python3.10/dist-packages VIRTUAL_ENV_PROMPT=(.venv) /usr/bin/python3 -W ignore:setup.py install is deprecated -W ignore:easy_install command is deprecated setup.py egg_info --egg-base ../../build/open01_bringup build --build-base /home/open01/open-01/robot_ros2/ros2_ws/build/open01_bringup/build install --record /home/open01/open-01/robot_ros2/ros2_ws/build/open01_bringup/install.log --single-version-externally-managed install_data
[26.151s] Level 1:colcon.colcon_core.environment:checking '/home/open01/open-01/robot_ros2/ros2_ws/install/open01_bringup' for CMake module files
[26.156s] DEBUG:colcon.colcon_core.event_handler.log_command:Invoked command in '/home/open01/open-01/robot_ros2/ros2_ws/src/open01_bringup' returned '0': AMENT_PREFIX_PATH=/home/open01/open-01/robot_ros2/ros2_ws/install/open01_serial_bridge:/home/open01/open-01/robot_ros2/ros2_ws/install/open01_bringup:/opt/ros/humble PS1=(.venv) \[\e]0;\u@\h: \w\a\]${debian_chroot:+($debian_chroot)}\[\033[01;32m\]\u@\h\[\033[00m\]:\[\033[01;34m\]\w\[\033[00m\]\$ PYTHONPATH=/home/open01/open-01/robot_ros2/ros2_ws/build/open01_bringup/prefix_override:/usr/lib/python3/dist-packages/colcon_core/task/python/colcon_distutils_commands:/home/open01/open-01/robot_ros2/ros2_ws/install/open01_bringup/lib/python3.10/site-packages:/home/open01/open-01/robot_ros2/ros2_ws/install/open01_serial_bridge/lib/python3.10/site-packages:/home/open01/open-01/robot_ros2/ros2_ws/install/open01_bringup/lib/python3.10/site-packages:/opt/ros/humble/lib/python3.10/site-packages:/opt/ros/humble/local/lib/python3.10/dist-packages VIRTUAL_ENV_PROMPT=(.venv) /usr/bin/python3 -W ignore:setup.py install is deprecated -W ignore:easy_install command is deprecated setup.py egg_info --egg-base ../../build/open01_bringup build --build-base /home/open01/open-01/robot_ros2/ros2_ws/build/open01_bringup/build install --record /home/open01/open-01/robot_ros2/ros2_ws/build/open01_bringup/install.log --single-version-externally-managed install_data
[26.162s] Level 1:colcon.colcon_core.environment:checking '/home/open01/open-01/robot_ros2/ros2_ws/install/open01_bringup' for CMake config files
[26.172s] Level 1:colcon.colcon_core.environment:checking '/home/open01/open-01/robot_ros2/ros2_ws/install/open01_bringup/lib'
[26.173s] Level 1:colcon.colcon_core.environment:checking '/home/open01/open-01/robot_ros2/ros2_ws/install/open01_bringup/bin'
[26.174s] Level 1:colcon.colcon_core.environment:checking '/home/open01/open-01/robot_ros2/ros2_ws/install/open01_bringup/lib/pkgconfig/open01_bringup.pc'
[26.176s] Level 1:colcon.colcon_core.environment:checking '/home/open01/open-01/robot_ros2/ros2_ws/install/open01_bringup/lib/python3.10/site-packages'
[26.177s] Level 1:colcon.colcon_core.shell:create_environment_hook('open01_bringup', 'pythonpath')
[26.179s] INFO:colcon.colcon_core.shell:Creating environment hook '/home/open01/open-01/robot_ros2/ros2_ws/install/open01_bringup/share/open01_bringup/hook/pythonpath.ps1'
[26.184s] INFO:colcon.colcon_core.shell:Creating environment descriptor '/home/open01/open-01/robot_ros2/ros2_ws/install/open01_bringup/share/open01_bringup/hook/pythonpath.dsv'
[26.189s] INFO:colcon.colcon_core.shell:Creating environment hook '/home/open01/open-01/robot_ros2/ros2_ws/install/open01_bringup/share/open01_bringup/hook/pythonpath.sh'
[26.196s] Level 1:colcon.colcon_core.environment:checking '/home/open01/open-01/robot_ros2/ros2_ws/install/open01_bringup/bin'
[26.198s] Level 1:colcon.colcon_core.environment:create_environment_scripts_only(open01_bringup)
[26.202s] INFO:colcon.colcon_core.shell:Creating package script '/home/open01/open-01/robot_ros2/ros2_ws/install/open01_bringup/share/open01_bringup/package.ps1'
[26.207s] INFO:colcon.colcon_core.shell:Creating package descriptor '/home/open01/open-01/robot_ros2/ros2_ws/install/open01_bringup/share/open01_bringup/package.dsv'
[26.212s] INFO:colcon.colcon_core.shell:Creating package script '/home/open01/open-01/robot_ros2/ros2_ws/install/open01_bringup/share/open01_bringup/package.sh'
[26.217s] INFO:colcon.colcon_core.shell:Creating package script '/home/open01/open-01/robot_ros2/ros2_ws/install/open01_bringup/share/open01_bringup/package.bash'
[26.222s] INFO:colcon.colcon_core.shell:Creating package script '/home/open01/open-01/robot_ros2/ros2_ws/install/open01_bringup/share/open01_bringup/package.zsh'
[26.227s] Level 1:colcon.colcon_core.environment:create_file_with_runtime_dependencies(/home/open01/open-01/robot_ros2/ros2_ws/install/open01_bringup/share/colcon-core/packages/open01_bringup)
[26.230s] DEBUG:colcon.colcon_parallel_executor.executor.parallel:closing loop
[26.233s] DEBUG:colcon.colcon_parallel_executor.executor.parallel:loop closed
[26.234s] DEBUG:colcon.colcon_parallel_executor.executor.parallel:run_until_complete finished with '0'
[26.235s] DEBUG:colcon.colcon_core.event_reactor:joining thread
[26.283s] INFO:colcon.colcon_core.plugin_system:Skipping extension 'colcon_notification.desktop_notification.notify_send': Could not find 'notify-send'
[26.284s] INFO:colcon.colcon_core.plugin_system:Skipping extension 'colcon_notification.desktop_notification.terminal_notifier': Not used on non-Darwin systems
[26.285s] INFO:colcon.colcon_core.plugin_system:Skipping extension 'colcon_notification.desktop_notification.win32': Not used on non-Windows systems
[26.285s] INFO:colcon.colcon_notification.desktop_notification:Sending desktop notification using 'notify2'
[26.292s] DEBUG:colcon.colcon_notification.desktop_notification.notify2:Failed to initialize notify2: org.freedesktop.DBus.Error.ServiceUnknown: The name org.freedesktop.Notifications was not provided by any .service files
[26.293s] DEBUG:colcon.colcon_core.event_reactor:joined thread
[26.295s] INFO:colcon.colcon_core.shell:Creating prefix script '/home/open01/open-01/robot_ros2/ros2_ws/install/local_setup.ps1'
[26.305s] INFO:colcon.colcon_core.shell:Creating prefix util module '/home/open01/open-01/robot_ros2/ros2_ws/install/_local_setup_util_ps1.py'
[26.321s] INFO:colcon.colcon_core.shell:Creating prefix chain script '/home/open01/open-01/robot_ros2/ros2_ws/install/setup.ps1'
[26.333s] INFO:colcon.colcon_core.shell:Creating prefix script '/home/open01/open-01/robot_ros2/ros2_ws/install/local_setup.sh'
[26.339s] INFO:colcon.colcon_core.shell:Creating prefix util module '/home/open01/open-01/robot_ros2/ros2_ws/install/_local_setup_util_sh.py'
[26.345s] INFO:colcon.colcon_core.shell:Creating prefix chain script '/home/open01/open-01/robot_ros2/ros2_ws/install/setup.sh'
[26.358s] INFO:colcon.colcon_core.shell:Creating prefix script '/home/open01/open-01/robot_ros2/ros2_ws/install/local_setup.bash'
[26.364s] INFO:colcon.colcon_core.shell:Creating prefix chain script '/home/open01/open-01/robot_ros2/ros2_ws/install/setup.bash'
[26.375s] INFO:colcon.colcon_core.shell:Creating prefix script '/home/open01/open-01/robot_ros2/ros2_ws/install/local_setup.zsh'
[26.380s] INFO:colcon.colcon_core.shell:Creating prefix chain script '/home/open01/open-01/robot_ros2/ros2_ws/install/setup.zsh'
