[6.937s] Invoking command in '/home/open01/open-01/robot_ros2/ros2_ws/src/open01_bringup': AMENT_PREFIX_PATH=/home/open01/open-01/robot_ros2/ros2_ws/install/open01_serial_bridge:/home/open01/open-01/robot_ros2/ros2_ws/install/open01_bringup:/opt/ros/humble PS1=(.venv) \[\e]0;\u@\h: \w\a\]${debian_chroot:+($debian_chroot)}\[\033[01;32m\]\u@\h\[\033[00m\]:\[\033[01;34m\]\w\[\033[00m\]\$ PYTHONPATH=/home/open01/open-01/robot_ros2/ros2_ws/build/open01_bringup/prefix_override:/usr/lib/python3/dist-packages/colcon_core/task/python/colcon_distutils_commands:/home/open01/open-01/robot_ros2/ros2_ws/install/open01_bringup/lib/python3.10/site-packages:/home/open01/open-01/robot_ros2/ros2_ws/install/open01_serial_bridge/lib/python3.10/site-packages:/home/open01/open-01/robot_ros2/ros2_ws/install/open01_bringup/lib/python3.10/site-packages:/opt/ros/humble/lib/python3.10/site-packages:/opt/ros/humble/local/lib/python3.10/dist-packages VIRTUAL_ENV_PROMPT=(.venv) /usr/bin/python3 -W ignore:setup.py install is deprecated -W ignore:easy_install command is deprecated setup.py egg_info --egg-base ../../build/open01_bringup build --build-base /home/open01/open-01/robot_ros2/ros2_ws/build/open01_bringup/build install --record /home/open01/open-01/robot_ros2/ros2_ws/build/open01_bringup/install.log --single-version-externally-managed install_data
[9.628s] running egg_info
[9.633s] writing ../../build/open01_bringup/open01_bringup.egg-info/PKG-INFO
[9.637s] writing dependency_links to ../../build/open01_bringup/open01_bringup.egg-info/dependency_links.txt
[9.639s] writing entry points to ../../build/open01_bringup/open01_bringup.egg-info/entry_points.txt
[9.641s] writing requirements to ../../build/open01_bringup/open01_bringup.egg-info/requires.txt
[9.643s] writing top-level names to ../../build/open01_bringup/open01_bringup.egg-info/top_level.txt
[9.662s] reading manifest file '../../build/open01_bringup/open01_bringup.egg-info/SOURCES.txt'
[9.674s] writing manifest file '../../build/open01_bringup/open01_bringup.egg-info/SOURCES.txt'
[9.677s] running build
[9.678s] running build_py
[9.682s] running install
[9.685s] running install_lib
[9.699s] running install_data
[9.701s] copying launch/bringup.launch.py -> /home/open01/open-01/robot_ros2/ros2_ws/install/open01_bringup/share/open01_bringup/launch
[9.703s] running install_egg_info
[9.722s] removing '/home/open01/open-01/robot_ros2/ros2_ws/install/open01_bringup/lib/python3.10/site-packages/open01_bringup-0.1.0-py3.10.egg-info' (and everything under it)
[9.726s] Copying ../../build/open01_bringup/open01_bringup.egg-info to /home/open01/open-01/robot_ros2/ros2_ws/install/open01_bringup/lib/python3.10/site-packages/open01_bringup-0.1.0-py3.10.egg-info
[9.740s] running install_scripts
[9.929s] writing list of installed files to '/home/open01/open-01/robot_ros2/ros2_ws/build/open01_bringup/install.log'
[10.184s] Invoked command in '/home/open01/open-01/robot_ros2/ros2_ws/src/open01_bringup' returned '0': AMENT_PREFIX_PATH=/home/open01/open-01/robot_ros2/ros2_ws/install/open01_serial_bridge:/home/open01/open-01/robot_ros2/ros2_ws/install/open01_bringup:/opt/ros/humble PS1=(.venv) \[\e]0;\u@\h: \w\a\]${debian_chroot:+($debian_chroot)}\[\033[01;32m\]\u@\h\[\033[00m\]:\[\033[01;34m\]\w\[\033[00m\]\$ PYTHONPATH=/home/open01/open-01/robot_ros2/ros2_ws/build/open01_bringup/prefix_override:/usr/lib/python3/dist-packages/colcon_core/task/python/colcon_distutils_commands:/home/open01/open-01/robot_ros2/ros2_ws/install/open01_bringup/lib/python3.10/site-packages:/home/open01/open-01/robot_ros2/ros2_ws/install/open01_serial_bridge/lib/python3.10/site-packages:/home/open01/open-01/robot_ros2/ros2_ws/install/open01_bringup/lib/python3.10/site-packages:/opt/ros/humble/lib/python3.10/site-packages:/opt/ros/humble/local/lib/python3.10/dist-packages VIRTUAL_ENV_PROMPT=(.venv) /usr/bin/python3 -W ignore:setup.py install is deprecated -W ignore:easy_install command is deprecated setup.py egg_info --egg-base ../../build/open01_bringup build --build-base /home/open01/open-01/robot_ros2/ros2_ws/build/open01_bringup/build install --record /home/open01/open-01/robot_ros2/ros2_ws/build/open01_bringup/install.log --single-version-externally-managed install_data
