[2.657s] DEBUG:colcon:Command line arguments: ['/usr/bin/colcon', 'build']
[2.658s] DEBUG:colcon:Parsed command line arguments: Namespace(log_base=None, log_level=None, verb_name='build', build_base='build', install_base='install', merge_install=False, symlink_install=False, test_result_base=None, continue_on_error=False, executor='parallel', parallel_workers=4, event_handlers=None, ignore_user_meta=False, metas=['./colcon.meta'], base_paths=['.'], packages_ignore=None, packages_ignore_regex=None, paths=None, packages_up_to=None, packages_up_to_regex=None, packages_above=None, packages_above_and_dependencies=None, packages_above_depth=None, packages_select_by_dep=None, packages_skip_by_dep=None, packages_skip_up_to=None, packages_select_build_failed=False, packages_skip_build_finished=False, packages_select_test_failures=False, packages_skip_test_passed=False, packages_select=None, packages_skip=None, packages_select_regex=None, packages_skip_regex=None, packages_start=None, packages_end=None, allow_overriding=[], cmake_args=None, cmake_target=None, cmake_target_skip_unavailable=False, cmake_clean_cache=False, cmake_clean_first=False, cmake_force_configure=False, ament_cmake_args=None, catkin_cmake_args=None, catkin_skip_building_tests=False, verb_parser=<colcon_defaults.argument_parser.defaults.DefaultArgumentsDecorator object at 0xffff861b3190>, verb_extension=<colcon_core.verb.build.BuildVerb object at 0xffff862dc580>, main=<bound method BuildVerb.main of <colcon_core.verb.build.BuildVerb object at 0xffff862dc580>>)
[5.726s] Level 1:colcon.colcon_core.package_discovery:discover_packages(colcon_meta) check parameters
[5.728s] Level 1:colcon.colcon_core.package_discovery:discover_packages(recursive) check parameters
[5.728s] Level 1:colcon.colcon_core.package_discovery:discover_packages(ignore) check parameters
[5.728s] Level 1:colcon.colcon_core.package_discovery:discover_packages(path) check parameters
[5.729s] Level 1:colcon.colcon_core.package_discovery:discover_packages(colcon_meta) discover
[5.729s] Level 1:colcon.colcon_core.package_discovery:discover_packages(recursive) discover
[5.730s] INFO:colcon.colcon_core.package_discovery:Crawling recursively for packages in '/home/open01/open-01/robot_ros2/ros2_ws'
[5.731s] Level 1:colcon.colcon_core.package_identification:_identify(.) by extensions ['ignore', 'ignore_ament_install']
[5.732s] Level 1:colcon.colcon_core.package_identification:_identify(.) by extension 'ignore'
[5.732s] Level 1:colcon.colcon_core.package_identification:_identify(.) by extension 'ignore_ament_install'
[5.733s] Level 1:colcon.colcon_core.package_identification:_identify(.) by extensions ['colcon_pkg']
[5.734s] Level 1:colcon.colcon_core.package_identification:_identify(.) by extension 'colcon_pkg'
[5.734s] Level 1:colcon.colcon_core.package_identification:_identify(.) by extensions ['colcon_meta']
[5.735s] Level 1:colcon.colcon_core.package_identification:_identify(.) by extension 'colcon_meta'
[5.735s] Level 1:colcon.colcon_core.package_identification:_identify(.) by extensions ['ros']
[5.735s] Level 1:colcon.colcon_core.package_identification:_identify(.) by extension 'ros'
[5.892s] Level 1:colcon.colcon_core.package_identification:_identify(.) by extensions ['cmake', 'python']
[5.892s] Level 1:colcon.colcon_core.package_identification:_identify(.) by extension 'cmake'
[5.893s] Level 1:colcon.colcon_core.package_identification:_identify(.) by extension 'python'
[5.893s] Level 1:colcon.colcon_core.package_identification:_identify(.) by extensions ['python_setup_py']
[5.894s] Level 1:colcon.colcon_core.package_identification:_identify(.) by extension 'python_setup_py'
[5.895s] Level 1:colcon.colcon_core.package_identification:_identify(build) by extensions ['ignore', 'ignore_ament_install']
[5.896s] Level 1:colcon.colcon_core.package_identification:_identify(build) by extension 'ignore'
[5.896s] Level 1:colcon.colcon_core.package_identification:_identify(build) ignored
[5.898s] Level 1:colcon.colcon_core.package_identification:_identify(install) by extensions ['ignore', 'ignore_ament_install']
[5.898s] Level 1:colcon.colcon_core.package_identification:_identify(install) by extension 'ignore'
[5.899s] Level 1:colcon.colcon_core.package_identification:_identify(install) ignored
[5.900s] Level 1:colcon.colcon_core.package_identification:_identify(log) by extensions ['ignore', 'ignore_ament_install']
[5.901s] Level 1:colcon.colcon_core.package_identification:_identify(log) by extension 'ignore'
[5.902s] Level 1:colcon.colcon_core.package_identification:_identify(log) ignored
[5.904s] Level 1:colcon.colcon_core.package_identification:_identify(src) by extensions ['ignore', 'ignore_ament_install']
[5.905s] Level 1:colcon.colcon_core.package_identification:_identify(src) by extension 'ignore'
[5.906s] Level 1:colcon.colcon_core.package_identification:_identify(src) by extension 'ignore_ament_install'
[5.906s] Level 1:colcon.colcon_core.package_identification:_identify(src) by extensions ['colcon_pkg']
[5.907s] Level 1:colcon.colcon_core.package_identification:_identify(src) by extension 'colcon_pkg'
[5.907s] Level 1:colcon.colcon_core.package_identification:_identify(src) by extensions ['colcon_meta']
[5.907s] Level 1:colcon.colcon_core.package_identification:_identify(src) by extension 'colcon_meta'
[5.908s] Level 1:colcon.colcon_core.package_identification:_identify(src) by extensions ['ros']
[5.908s] Level 1:colcon.colcon_core.package_identification:_identify(src) by extension 'ros'
[5.909s] Level 1:colcon.colcon_core.package_identification:_identify(src) by extensions ['cmake', 'python']
[5.910s] Level 1:colcon.colcon_core.package_identification:_identify(src) by extension 'cmake'
[5.910s] Level 1:colcon.colcon_core.package_identification:_identify(src) by extension 'python'
[5.911s] Level 1:colcon.colcon_core.package_identification:_identify(src) by extensions ['python_setup_py']
[5.911s] Level 1:colcon.colcon_core.package_identification:_identify(src) by extension 'python_setup_py'
[5.914s] Level 1:colcon.colcon_core.package_identification:_identify(src/open01_bringup) by extensions ['ignore', 'ignore_ament_install']
[5.915s] Level 1:colcon.colcon_core.package_identification:_identify(src/open01_bringup) by extension 'ignore'
[5.915s] Level 1:colcon.colcon_core.package_identification:_identify(src/open01_bringup) by extension 'ignore_ament_install'
[5.916s] Level 1:colcon.colcon_core.package_identification:_identify(src/open01_bringup) by extensions ['colcon_pkg']
[5.916s] Level 1:colcon.colcon_core.package_identification:_identify(src/open01_bringup) by extension 'colcon_pkg'
[5.917s] Level 1:colcon.colcon_core.package_identification:_identify(src/open01_bringup) by extensions ['colcon_meta']
[5.917s] Level 1:colcon.colcon_core.package_identification:_identify(src/open01_bringup) by extension 'colcon_meta'
[5.918s] Level 1:colcon.colcon_core.package_identification:_identify(src/open01_bringup) by extensions ['ros']
[5.918s] Level 1:colcon.colcon_core.package_identification:_identify(src/open01_bringup) by extension 'ros'
[5.947s] DEBUG:colcon.colcon_core.package_identification:Package 'src/open01_bringup' with type 'ros.ament_python' and name 'open01_bringup'
[5.949s] Level 1:colcon.colcon_core.package_identification:_identify(src/open01_serial_bridge) by extensions ['ignore', 'ignore_ament_install']
[5.950s] Level 1:colcon.colcon_core.package_identification:_identify(src/open01_serial_bridge) by extension 'ignore'
[5.951s] Level 1:colcon.colcon_core.package_identification:_identify(src/open01_serial_bridge) by extension 'ignore_ament_install'
[5.952s] Level 1:colcon.colcon_core.package_identification:_identify(src/open01_serial_bridge) by extensions ['colcon_pkg']
[5.952s] Level 1:colcon.colcon_core.package_identification:_identify(src/open01_serial_bridge) by extension 'colcon_pkg'
[5.953s] Level 1:colcon.colcon_core.package_identification:_identify(src/open01_serial_bridge) by extensions ['colcon_meta']
[5.953s] Level 1:colcon.colcon_core.package_identification:_identify(src/open01_serial_bridge) by extension 'colcon_meta'
[5.954s] Level 1:colcon.colcon_core.package_identification:_identify(src/open01_serial_bridge) by extensions ['ros']
[5.954s] Level 1:colcon.colcon_core.package_identification:_identify(src/open01_serial_bridge) by extension 'ros'
[5.961s] DEBUG:colcon.colcon_core.package_identification:Package 'src/open01_serial_bridge' with type 'ros.ament_python' and name 'open01_serial_bridge'
[5.961s] Level 1:colcon.colcon_core.package_discovery:discover_packages(recursive) using defaults
[5.962s] Level 1:colcon.colcon_core.package_discovery:discover_packages(ignore) discover
[5.962s] Level 1:colcon.colcon_core.package_discovery:discover_packages(ignore) using defaults
[5.962s] Level 1:colcon.colcon_core.package_discovery:discover_packages(path) discover
[5.963s] Level 1:colcon.colcon_core.package_discovery:discover_packages(path) using defaults
[6.284s] Level 1:colcon.colcon_core.package_discovery:discover_packages(prefix_path) check parameters
[6.285s] Level 1:colcon.colcon_core.package_discovery:discover_packages(prefix_path) discover
[6.375s] DEBUG:colcon.colcon_installed_package_information.package_discovery:Found 273 installed packages in /opt/ros/humble
[6.402s] Level 1:colcon.colcon_core.package_discovery:discover_packages(prefix_path) using defaults
[7.260s] Level 5:colcon.colcon_core.verb:set package 'open01_serial_bridge' build argument 'cmake_args' from command line to 'None'
[7.261s] Level 5:colcon.colcon_core.verb:set package 'open01_serial_bridge' build argument 'cmake_target' from command line to 'None'
[7.261s] Level 5:colcon.colcon_core.verb:set package 'open01_serial_bridge' build argument 'cmake_target_skip_unavailable' from command line to 'False'
[7.261s] Level 5:colcon.colcon_core.verb:set package 'open01_serial_bridge' build argument 'cmake_clean_cache' from command line to 'False'
[7.262s] Level 5:colcon.colcon_core.verb:set package 'open01_serial_bridge' build argument 'cmake_clean_first' from command line to 'False'
[7.262s] Level 5:colcon.colcon_core.verb:set package 'open01_serial_bridge' build argument 'cmake_force_configure' from command line to 'False'
[7.262s] Level 5:colcon.colcon_core.verb:set package 'open01_serial_bridge' build argument 'ament_cmake_args' from command line to 'None'
[7.262s] Level 5:colcon.colcon_core.verb:set package 'open01_serial_bridge' build argument 'catkin_cmake_args' from command line to 'None'
[7.263s] Level 5:colcon.colcon_core.verb:set package 'open01_serial_bridge' build argument 'catkin_skip_building_tests' from command line to 'False'
[7.263s] DEBUG:colcon.colcon_core.verb:Building package 'open01_serial_bridge' with the following arguments: {'ament_cmake_args': None, 'build_base': '/home/open01/open-01/robot_ros2/ros2_ws/build/open01_serial_bridge', 'catkin_cmake_args': None, 'catkin_skip_building_tests': False, 'cmake_args': None, 'cmake_clean_cache': False, 'cmake_clean_first': False, 'cmake_force_configure': False, 'cmake_target': None, 'cmake_target_skip_unavailable': False, 'install_base': '/home/open01/open-01/robot_ros2/ros2_ws/install/open01_serial_bridge', 'merge_install': False, 'path': '/home/open01/open-01/robot_ros2/ros2_ws/src/open01_serial_bridge', 'symlink_install': False, 'test_result_base': None}
[7.267s] Level 5:colcon.colcon_core.verb:set package 'open01_bringup' build argument 'cmake_args' from command line to 'None'
[7.267s] Level 5:colcon.colcon_core.verb:set package 'open01_bringup' build argument 'cmake_target' from command line to 'None'
[7.268s] Level 5:colcon.colcon_core.verb:set package 'open01_bringup' build argument 'cmake_target_skip_unavailable' from command line to 'False'
[7.268s] Level 5:colcon.colcon_core.verb:set package 'open01_bringup' build argument 'cmake_clean_cache' from command line to 'False'
[7.268s] Level 5:colcon.colcon_core.verb:set package 'open01_bringup' build argument 'cmake_clean_first' from command line to 'False'
[7.268s] Level 5:colcon.colcon_core.verb:set package 'open01_bringup' build argument 'cmake_force_configure' from command line to 'False'
[7.269s] Level 5:colcon.colcon_core.verb:set package 'open01_bringup' build argument 'ament_cmake_args' from command line to 'None'
[7.269s] Level 5:colcon.colcon_core.verb:set package 'open01_bringup' build argument 'catkin_cmake_args' from command line to 'None'
[7.269s] Level 5:colcon.colcon_core.verb:set package 'open01_bringup' build argument 'catkin_skip_building_tests' from command line to 'False'
[7.270s] DEBUG:colcon.colcon_core.verb:Building package 'open01_bringup' with the following arguments: {'ament_cmake_args': None, 'build_base': '/home/open01/open-01/robot_ros2/ros2_ws/build/open01_bringup', 'catkin_cmake_args': None, 'catkin_skip_building_tests': False, 'cmake_args': None, 'cmake_clean_cache': False, 'cmake_clean_first': False, 'cmake_force_configure': False, 'cmake_target': None, 'cmake_target_skip_unavailable': False, 'install_base': '/home/open01/open-01/robot_ros2/ros2_ws/install/open01_bringup', 'merge_install': False, 'path': '/home/open01/open-01/robot_ros2/ros2_ws/src/open01_bringup', 'symlink_install': False, 'test_result_base': None}
[7.271s] INFO:colcon.colcon_core.executor:Executing jobs using 'parallel' executor
[7.279s] DEBUG:colcon.colcon_parallel_executor.executor.parallel:run_until_complete
[7.282s] INFO:colcon.colcon_ros.task.ament_python.build:Building ROS package in '/home/open01/open-01/robot_ros2/ros2_ws/src/open01_serial_bridge' with build type 'ament_python'
[7.283s] Level 1:colcon.colcon_core.shell:create_environment_hook('open01_serial_bridge', 'ament_prefix_path')
[7.329s] INFO:colcon.colcon_core.plugin_system:Skipping extension 'colcon_core.shell.bat': Not used on non-Windows systems
[7.332s] INFO:colcon.colcon_core.shell:Creating environment hook '/home/open01/open-01/robot_ros2/ros2_ws/install/open01_serial_bridge/share/open01_serial_bridge/hook/ament_prefix_path.ps1'
[7.342s] INFO:colcon.colcon_core.shell:Creating environment descriptor '/home/open01/open-01/robot_ros2/ros2_ws/install/open01_serial_bridge/share/open01_serial_bridge/hook/ament_prefix_path.dsv'
[7.349s] INFO:colcon.colcon_core.shell:Creating environment hook '/home/open01/open-01/robot_ros2/ros2_ws/install/open01_serial_bridge/share/open01_serial_bridge/hook/ament_prefix_path.sh'
[7.359s] INFO:colcon.colcon_core.shell:Skip shell extension 'powershell' for command environment: Not usable outside of PowerShell
[7.359s] DEBUG:colcon.colcon_core.shell:Skip shell extension 'dsv' for command environment
[10.512s] INFO:colcon.colcon_core.task.python.build:Building Python package in '/home/open01/open-01/robot_ros2/ros2_ws/src/open01_serial_bridge'
[10.515s] INFO:colcon.colcon_core.shell:Skip shell extension 'powershell' for command environment: Not usable outside of PowerShell
[10.515s] DEBUG:colcon.colcon_core.shell:Skip shell extension 'dsv' for command environment
[16.004s] DEBUG:colcon.colcon_core.event_handler.log_command:Invoking command in '/home/open01/open-01/robot_ros2/ros2_ws/src/open01_serial_bridge': PS1=\[\e]0;\u@\h: \w\a\]${debian_chroot:+($debian_chroot)}\[\033[01;32m\]\u@\h\[\033[00m\]:\[\033[01;34m\]\w\[\033[00m\]\$ PYTHONPATH=/home/open01/open-01/robot_ros2/ros2_ws/build/open01_serial_bridge/prefix_override:/usr/lib/python3/dist-packages/colcon_core/task/python/colcon_distutils_commands:/home/open01/open-01/robot_ros2/ros2_ws/install/open01_serial_bridge/lib/python3.10/site-packages:${PYTHONPATH} /usr/bin/python3 -W ignore:setup.py install is deprecated -W ignore:easy_install command is deprecated setup.py egg_info --egg-base ../../build/open01_serial_bridge build --build-base /home/open01/open-01/robot_ros2/ros2_ws/build/open01_serial_bridge/build install --record /home/open01/open-01/robot_ros2/ros2_ws/build/open01_serial_bridge/install.log --single-version-externally-managed install_data
[19.532s] DEBUG:colcon.colcon_core.event_handler.log_command:Invoked command in '/home/open01/open-01/robot_ros2/ros2_ws/src/open01_serial_bridge' returned '0': PS1=\[\e]0;\u@\h: \w\a\]${debian_chroot:+($debian_chroot)}\[\033[01;32m\]\u@\h\[\033[00m\]:\[\033[01;34m\]\w\[\033[00m\]\$ PYTHONPATH=/home/open01/open-01/robot_ros2/ros2_ws/build/open01_serial_bridge/prefix_override:/usr/lib/python3/dist-packages/colcon_core/task/python/colcon_distutils_commands:/home/open01/open-01/robot_ros2/ros2_ws/install/open01_serial_bridge/lib/python3.10/site-packages:${PYTHONPATH} /usr/bin/python3 -W ignore:setup.py install is deprecated -W ignore:easy_install command is deprecated setup.py egg_info --egg-base ../../build/open01_serial_bridge build --build-base /home/open01/open-01/robot_ros2/ros2_ws/build/open01_serial_bridge/build install --record /home/open01/open-01/robot_ros2/ros2_ws/build/open01_serial_bridge/install.log --single-version-externally-managed install_data
[19.589s] Level 1:colcon.colcon_core.environment:checking '/home/open01/open-01/robot_ros2/ros2_ws/install/open01_serial_bridge' for CMake module files
[19.596s] Level 1:colcon.colcon_core.environment:checking '/home/open01/open-01/robot_ros2/ros2_ws/install/open01_serial_bridge' for CMake config files
[19.604s] Level 1:colcon.colcon_core.environment:checking '/home/open01/open-01/robot_ros2/ros2_ws/install/open01_serial_bridge/lib'
[19.607s] Level 1:colcon.colcon_core.environment:checking '/home/open01/open-01/robot_ros2/ros2_ws/install/open01_serial_bridge/bin'
[19.608s] Level 1:colcon.colcon_core.environment:checking '/home/open01/open-01/robot_ros2/ros2_ws/install/open01_serial_bridge/lib/pkgconfig/open01_serial_bridge.pc'
[19.610s] Level 1:colcon.colcon_core.environment:checking '/home/open01/open-01/robot_ros2/ros2_ws/install/open01_serial_bridge/lib/python3.10/site-packages'
[19.611s] Level 1:colcon.colcon_core.shell:create_environment_hook('open01_serial_bridge', 'pythonpath')
[19.613s] INFO:colcon.colcon_core.shell:Creating environment hook '/home/open01/open-01/robot_ros2/ros2_ws/install/open01_serial_bridge/share/open01_serial_bridge/hook/pythonpath.ps1'
[19.618s] INFO:colcon.colcon_core.shell:Creating environment descriptor '/home/open01/open-01/robot_ros2/ros2_ws/install/open01_serial_bridge/share/open01_serial_bridge/hook/pythonpath.dsv'
[19.621s] INFO:colcon.colcon_core.shell:Creating environment hook '/home/open01/open-01/robot_ros2/ros2_ws/install/open01_serial_bridge/share/open01_serial_bridge/hook/pythonpath.sh'
[19.629s] Level 1:colcon.colcon_core.environment:checking '/home/open01/open-01/robot_ros2/ros2_ws/install/open01_serial_bridge/bin'
[19.630s] Level 1:colcon.colcon_core.environment:create_environment_scripts_only(open01_serial_bridge)
[19.633s] INFO:colcon.colcon_core.shell:Creating package script '/home/open01/open-01/robot_ros2/ros2_ws/install/open01_serial_bridge/share/open01_serial_bridge/package.ps1'
[19.643s] INFO:colcon.colcon_core.shell:Creating package descriptor '/home/open01/open-01/robot_ros2/ros2_ws/install/open01_serial_bridge/share/open01_serial_bridge/package.dsv'
[19.650s] INFO:colcon.colcon_core.shell:Creating package script '/home/open01/open-01/robot_ros2/ros2_ws/install/open01_serial_bridge/share/open01_serial_bridge/package.sh'
[19.663s] INFO:colcon.colcon_core.shell:Creating package script '/home/open01/open-01/robot_ros2/ros2_ws/install/open01_serial_bridge/share/open01_serial_bridge/package.bash'
[19.675s] INFO:colcon.colcon_core.shell:Creating package script '/home/open01/open-01/robot_ros2/ros2_ws/install/open01_serial_bridge/share/open01_serial_bridge/package.zsh'
[19.686s] Level 1:colcon.colcon_core.environment:create_file_with_runtime_dependencies(/home/open01/open-01/robot_ros2/ros2_ws/install/open01_serial_bridge/share/colcon-core/packages/open01_serial_bridge)
[19.690s] INFO:colcon.colcon_ros.task.ament_python.build:Building ROS package in '/home/open01/open-01/robot_ros2/ros2_ws/src/open01_bringup' with build type 'ament_python'
[19.691s] Level 1:colcon.colcon_core.shell:create_environment_hook('open01_bringup', 'ament_prefix_path')
[19.694s] INFO:colcon.colcon_core.shell:Creating environment hook '/home/open01/open-01/robot_ros2/ros2_ws/install/open01_bringup/share/open01_bringup/hook/ament_prefix_path.ps1'
[19.703s] INFO:colcon.colcon_core.shell:Creating environment descriptor '/home/open01/open-01/robot_ros2/ros2_ws/install/open01_bringup/share/open01_bringup/hook/ament_prefix_path.dsv'
[19.707s] INFO:colcon.colcon_core.shell:Creating environment hook '/home/open01/open-01/robot_ros2/ros2_ws/install/open01_bringup/share/open01_bringup/hook/ament_prefix_path.sh'
[19.714s] INFO:colcon.colcon_core.shell:Skip shell extension 'powershell' for command environment: Not usable outside of PowerShell
[19.714s] DEBUG:colcon.colcon_core.shell:Skip shell extension 'dsv' for command environment
[22.804s] INFO:colcon.colcon_core.task.python.build:Building Python package in '/home/open01/open-01/robot_ros2/ros2_ws/src/open01_bringup'
[22.808s] INFO:colcon.colcon_core.shell:Skip shell extension 'powershell' for command environment: Not usable outside of PowerShell
[22.808s] DEBUG:colcon.colcon_core.shell:Skip shell extension 'dsv' for command environment
[27.066s] DEBUG:colcon.colcon_core.event_handler.log_command:Invoking command in '/home/open01/open-01/robot_ros2/ros2_ws/src/open01_bringup': AMENT_PREFIX_PATH=/home/open01/open-01/robot_ros2/ros2_ws/install/open01_serial_bridge:${AMENT_PREFIX_PATH} PS1=\[\e]0;\u@\h: \w\a\]${debian_chroot:+($debian_chroot)}\[\033[01;32m\]\u@\h\[\033[00m\]:\[\033[01;34m\]\w\[\033[00m\]\$ PYTHONPATH=/home/open01/open-01/robot_ros2/ros2_ws/build/open01_bringup/prefix_override:/usr/lib/python3/dist-packages/colcon_core/task/python/colcon_distutils_commands:/home/open01/open-01/robot_ros2/ros2_ws/install/open01_bringup/lib/python3.10/site-packages:/home/open01/open-01/robot_ros2/ros2_ws/install/open01_serial_bridge/lib/python3.10/site-packages:${PYTHONPATH} /usr/bin/python3 -W ignore:setup.py install is deprecated -W ignore:easy_install command is deprecated setup.py egg_info --egg-base ../../build/open01_bringup build --build-base /home/open01/open-01/robot_ros2/ros2_ws/build/open01_bringup/build install --record /home/open01/open-01/robot_ros2/ros2_ws/build/open01_bringup/install.log --single-version-externally-managed install_data
[30.485s] Level 1:colcon.colcon_core.environment:checking '/home/open01/open-01/robot_ros2/ros2_ws/install/open01_bringup' for CMake module files
[30.489s] DEBUG:colcon.colcon_core.event_handler.log_command:Invoked command in '/home/open01/open-01/robot_ros2/ros2_ws/src/open01_bringup' returned '0': AMENT_PREFIX_PATH=/home/open01/open-01/robot_ros2/ros2_ws/install/open01_serial_bridge:${AMENT_PREFIX_PATH} PS1=\[\e]0;\u@\h: \w\a\]${debian_chroot:+($debian_chroot)}\[\033[01;32m\]\u@\h\[\033[00m\]:\[\033[01;34m\]\w\[\033[00m\]\$ PYTHONPATH=/home/open01/open-01/robot_ros2/ros2_ws/build/open01_bringup/prefix_override:/usr/lib/python3/dist-packages/colcon_core/task/python/colcon_distutils_commands:/home/open01/open-01/robot_ros2/ros2_ws/install/open01_bringup/lib/python3.10/site-packages:/home/open01/open-01/robot_ros2/ros2_ws/install/open01_serial_bridge/lib/python3.10/site-packages:${PYTHONPATH} /usr/bin/python3 -W ignore:setup.py install is deprecated -W ignore:easy_install command is deprecated setup.py egg_info --egg-base ../../build/open01_bringup build --build-base /home/open01/open-01/robot_ros2/ros2_ws/build/open01_bringup/build install --record /home/open01/open-01/robot_ros2/ros2_ws/build/open01_bringup/install.log --single-version-externally-managed install_data
[30.493s] Level 1:colcon.colcon_core.environment:checking '/home/open01/open-01/robot_ros2/ros2_ws/install/open01_bringup' for CMake config files
[30.501s] Level 1:colcon.colcon_core.environment:checking '/home/open01/open-01/robot_ros2/ros2_ws/install/open01_bringup/lib'
[30.502s] Level 1:colcon.colcon_core.environment:checking '/home/open01/open-01/robot_ros2/ros2_ws/install/open01_bringup/bin'
[30.503s] Level 1:colcon.colcon_core.environment:checking '/home/open01/open-01/robot_ros2/ros2_ws/install/open01_bringup/lib/pkgconfig/open01_bringup.pc'
[30.505s] Level 1:colcon.colcon_core.environment:checking '/home/open01/open-01/robot_ros2/ros2_ws/install/open01_bringup/lib/python3.10/site-packages'
[30.506s] Level 1:colcon.colcon_core.shell:create_environment_hook('open01_bringup', 'pythonpath')
[30.508s] INFO:colcon.colcon_core.shell:Creating environment hook '/home/open01/open-01/robot_ros2/ros2_ws/install/open01_bringup/share/open01_bringup/hook/pythonpath.ps1'
[30.514s] INFO:colcon.colcon_core.shell:Creating environment descriptor '/home/open01/open-01/robot_ros2/ros2_ws/install/open01_bringup/share/open01_bringup/hook/pythonpath.dsv'
[30.518s] INFO:colcon.colcon_core.shell:Creating environment hook '/home/open01/open-01/robot_ros2/ros2_ws/install/open01_bringup/share/open01_bringup/hook/pythonpath.sh'
[30.526s] Level 1:colcon.colcon_core.environment:checking '/home/open01/open-01/robot_ros2/ros2_ws/install/open01_bringup/bin'
[30.527s] Level 1:colcon.colcon_core.environment:create_environment_scripts_only(open01_bringup)
[30.530s] INFO:colcon.colcon_core.shell:Creating package script '/home/open01/open-01/robot_ros2/ros2_ws/install/open01_bringup/share/open01_bringup/package.ps1'
[30.535s] INFO:colcon.colcon_core.shell:Creating package descriptor '/home/open01/open-01/robot_ros2/ros2_ws/install/open01_bringup/share/open01_bringup/package.dsv'
[30.540s] INFO:colcon.colcon_core.shell:Creating package script '/home/open01/open-01/robot_ros2/ros2_ws/install/open01_bringup/share/open01_bringup/package.sh'
[30.544s] INFO:colcon.colcon_core.shell:Creating package script '/home/open01/open-01/robot_ros2/ros2_ws/install/open01_bringup/share/open01_bringup/package.bash'
[30.548s] INFO:colcon.colcon_core.shell:Creating package script '/home/open01/open-01/robot_ros2/ros2_ws/install/open01_bringup/share/open01_bringup/package.zsh'
[30.552s] Level 1:colcon.colcon_core.environment:create_file_with_runtime_dependencies(/home/open01/open-01/robot_ros2/ros2_ws/install/open01_bringup/share/colcon-core/packages/open01_bringup)
[30.555s] DEBUG:colcon.colcon_parallel_executor.executor.parallel:closing loop
[30.558s] DEBUG:colcon.colcon_parallel_executor.executor.parallel:loop closed
[30.559s] DEBUG:colcon.colcon_parallel_executor.executor.parallel:run_until_complete finished with '0'
[30.560s] DEBUG:colcon.colcon_core.event_reactor:joining thread
[30.649s] INFO:colcon.colcon_core.plugin_system:Skipping extension 'colcon_notification.desktop_notification.notify_send': Could not find 'notify-send'
[30.650s] INFO:colcon.colcon_core.plugin_system:Skipping extension 'colcon_notification.desktop_notification.terminal_notifier': Not used on non-Darwin systems
[30.651s] INFO:colcon.colcon_core.plugin_system:Skipping extension 'colcon_notification.desktop_notification.win32': Not used on non-Windows systems
[30.652s] INFO:colcon.colcon_notification.desktop_notification:Sending desktop notification using 'notify2'
[30.665s] DEBUG:colcon.colcon_notification.desktop_notification.notify2:Failed to initialize notify2: org.freedesktop.DBus.Error.ServiceUnknown: The name org.freedesktop.Notifications was not provided by any .service files
[30.666s] DEBUG:colcon.colcon_core.event_reactor:joined thread
[30.669s] INFO:colcon.colcon_core.shell:Creating prefix script '/home/open01/open-01/robot_ros2/ros2_ws/install/local_setup.ps1'
[30.680s] INFO:colcon.colcon_core.shell:Creating prefix util module '/home/open01/open-01/robot_ros2/ros2_ws/install/_local_setup_util_ps1.py'
[30.697s] INFO:colcon.colcon_core.shell:Creating prefix chain script '/home/open01/open-01/robot_ros2/ros2_ws/install/setup.ps1'
[30.707s] INFO:colcon.colcon_core.shell:Creating prefix script '/home/open01/open-01/robot_ros2/ros2_ws/install/local_setup.sh'
[30.715s] INFO:colcon.colcon_core.shell:Creating prefix util module '/home/open01/open-01/robot_ros2/ros2_ws/install/_local_setup_util_sh.py'
[30.720s] INFO:colcon.colcon_core.shell:Creating prefix chain script '/home/open01/open-01/robot_ros2/ros2_ws/install/setup.sh'
[30.731s] INFO:colcon.colcon_core.shell:Creating prefix script '/home/open01/open-01/robot_ros2/ros2_ws/install/local_setup.bash'
[30.738s] INFO:colcon.colcon_core.shell:Creating prefix chain script '/home/open01/open-01/robot_ros2/ros2_ws/install/setup.bash'
[30.749s] INFO:colcon.colcon_core.shell:Creating prefix script '/home/open01/open-01/robot_ros2/ros2_ws/install/local_setup.zsh'
[30.756s] INFO:colcon.colcon_core.shell:Creating prefix chain script '/home/open01/open-01/robot_ros2/ros2_ws/install/setup.zsh'
