[8.325s] Invoking command in '/home/ubuntu/open-01/robot_ros2/ros2_ws/build/open01_serial_bridge': PS1=(.venv) \[\e]0;\u@\h: \w\a\]${debian_chroot:+($debian_chroot)}\[\033[01;32m\]\u@\h\[\033[00m\]:\[\033[01;34m\]\w\[\033[00m\]\$ PYTHONPATH=/home/ubuntu/open-01/robot_ros2/ros2_ws/build/open01_serial_bridge/prefix_override:/usr/lib/python3/dist-packages/colcon_core/task/python/colcon_distutils_commands:/home/ubuntu/open-01/robot_ros2/ros2_ws/install/open01_serial_bridge/lib/python3.12/site-packages:${PYTHONPATH} VIRTUAL_ENV_PROMPT=(.venv) /usr/bin/python3 -W ignore:setup.py install is deprecated -W ignore:easy_install command is deprecated setup.py develop --editable --build-directory /home/ubuntu/open-01/robot_ros2/ros2_ws/build/open01_serial_bridge/build --no-deps symlink_data
[11.371s] running develop
[13.292s] running egg_info
[13.294s] creating open01_serial_bridge.egg-info
[13.469s] writing open01_serial_bridge.egg-info/PKG-INFO
[13.471s] writing dependency_links to open01_serial_bridge.egg-info/dependency_links.txt
[13.473s] writing entry points to open01_serial_bridge.egg-info/entry_points.txt
[13.475s] writing requirements to open01_serial_bridge.egg-info/requires.txt
[13.476s] writing top-level names to open01_serial_bridge.egg-info/top_level.txt
[13.477s] writing manifest file 'open01_serial_bridge.egg-info/SOURCES.txt'
[13.839s] reading manifest file 'open01_serial_bridge.egg-info/SOURCES.txt'
[13.845s] writing manifest file 'open01_serial_bridge.egg-info/SOURCES.txt'
[14.032s] running build_ext
[14.038s] Creating /home/ubuntu/open-01/robot_ros2/ros2_ws/install/open01_serial_bridge/lib/python3.12/site-packages/open01-serial-bridge.egg-link (link to .)
[14.046s] Installing serial_bridge script to /home/ubuntu/open-01/robot_ros2/ros2_ws/install/open01_serial_bridge/lib/open01_serial_bridge
[14.049s] 
[14.050s] Installed /home/ubuntu/open-01/robot_ros2/ros2_ws/build/open01_serial_bridge
[14.051s] running symlink_data
[14.053s] creating /home/ubuntu/open-01/robot_ros2/ros2_ws/install/open01_serial_bridge/share/ament_index
[14.055s] creating /home/ubuntu/open-01/robot_ros2/ros2_ws/install/open01_serial_bridge/share/ament_index/resource_index
[14.056s] creating /home/ubuntu/open-01/robot_ros2/ros2_ws/install/open01_serial_bridge/share/ament_index/resource_index/packages
[14.057s] symbolically linking /home/ubuntu/open-01/robot_ros2/ros2_ws/build/open01_serial_bridge/resource/open01_serial_bridge -> /home/ubuntu/open-01/robot_ros2/ros2_ws/install/open01_serial_bridge/share/ament_index/resource_index/packages
[14.059s] symbolically linking /home/ubuntu/open-01/robot_ros2/ros2_ws/build/open01_serial_bridge/package.xml -> /home/ubuntu/open-01/robot_ros2/ros2_ws/install/open01_serial_bridge/share/open01_serial_bridge
[14.394s] Invoked command in '/home/ubuntu/open-01/robot_ros2/ros2_ws/build/open01_serial_bridge' returned '0': PS1=(.venv) \[\e]0;\u@\h: \w\a\]${debian_chroot:+($debian_chroot)}\[\033[01;32m\]\u@\h\[\033[00m\]:\[\033[01;34m\]\w\[\033[00m\]\$ PYTHONPATH=/home/ubuntu/open-01/robot_ros2/ros2_ws/build/open01_serial_bridge/prefix_override:/usr/lib/python3/dist-packages/colcon_core/task/python/colcon_distutils_commands:/home/ubuntu/open-01/robot_ros2/ros2_ws/install/open01_serial_bridge/lib/python3.12/site-packages:${PYTHONPATH} VIRTUAL_ENV_PROMPT=(.venv) /usr/bin/python3 -W ignore:setup.py install is deprecated -W ignore:easy_install command is deprecated setup.py develop --editable --build-directory /home/ubuntu/open-01/robot_ros2/ros2_ws/build/open01_serial_bridge/build --no-deps symlink_data
